Using pre-set license
Built from '2023.1/staging' branch; Version is '2023.1.20f1 (35a524b12060) revision 3515684'; Using compiler version '192829333'; Build Type 'Release'
OS: 'Windows 11  (10.0.22631) 64bit Core' Language: 'en' Physical Memory: 32699 MB
BatchMode: 1, IsHumanControllingUs: 0, StartBugReporterOnCrash: 0, Is64bit: 1, IsPro: 1

COMMAND LINE ARGUMENTS:
C:\Program Files\Unity\Hub\Editor\2023.1.20f1\Editor\Unity.exe
-adb2
-batchMode
-noUpm
-name
AssetImportWorker4
-projectPath
C:/UnityGame/MagicInsector
-logFile
Logs/AssetImportWorker4.log
-srvPort
61824
Successfully changed project path to: C:/UnityGame/MagicInsector
C:/UnityGame/MagicInsector
[UnityMemory] Configuration Parameters - Can be set up in boot.config
    "memorysetup-bucket-allocator-granularity=16"
    "memorysetup-bucket-allocator-bucket-count=8"
    "memorysetup-bucket-allocator-block-size=33554432"
    "memorysetup-bucket-allocator-block-count=8"
    "memorysetup-main-allocator-block-size=16777216"
    "memorysetup-thread-allocator-block-size=16777216"
    "memorysetup-gfx-main-allocator-block-size=16777216"
    "memorysetup-gfx-thread-allocator-block-size=16777216"
    "memorysetup-cache-allocator-block-size=4194304"
    "memorysetup-typetree-allocator-block-size=2097152"
    "memorysetup-profiler-bucket-allocator-granularity=16"
    "memorysetup-profiler-bucket-allocator-bucket-count=8"
    "memorysetup-profiler-bucket-allocator-block-size=33554432"
    "memorysetup-profiler-bucket-allocator-block-count=8"
    "memorysetup-profiler-allocator-block-size=16777216"
    "memorysetup-profiler-editor-allocator-block-size=1048576"
    "memorysetup-temp-allocator-size-main=16777216"
    "memorysetup-job-temp-allocator-block-size=2097152"
    "memorysetup-job-temp-allocator-block-size-background=1048576"
    "memorysetup-job-temp-allocator-reduction-small-platforms=262144"
    "memorysetup-allocator-temp-initial-block-size-main=262144"
    "memorysetup-allocator-temp-initial-block-size-worker=262144"
    "memorysetup-temp-allocator-size-background-worker=32768"
    "memorysetup-temp-allocator-size-job-worker=262144"
    "memorysetup-temp-allocator-size-preload-manager=33554432"
    "memorysetup-temp-allocator-size-nav-mesh-worker=65536"
    "memorysetup-temp-allocator-size-audio-worker=65536"
    "memorysetup-temp-allocator-size-cloud-worker=32768"
    "memorysetup-temp-allocator-size-gi-baking-worker=262144"
    "memorysetup-temp-allocator-size-gfx=262144"
Player connection [31404] Host "[IP] 192.168.0.175 [Port] 0 [Flags] 2 [Guid] 671325345 [EditorId] 671325345 [Version] 1048832 [Id] WindowsEditor(7,DESKTOP-CV2C3R8) [Debug] 1 [PackageName] WindowsEditor [ProjectName] Editor" joined multi-casting on [225.0.0.222:54997]...

Player connection [31404] Host "[IP] 192.168.0.175 [Port] 0 [Flags] 2 [Guid] 671325345 [EditorId] 671325345 [Version] 1048832 [Id] WindowsEditor(7,DESKTOP-CV2C3R8) [Debug] 1 [PackageName] WindowsEditor [ProjectName] Editor" joined alternative multi-casting on [225.0.0.222:34997]...

[Physics::Module] Initialized MultithreadedJobDispatcher with 11 workers.
Library Redirect Path: Library/Refreshing native plugins compatible for Editor in 9.87 ms, found 5 plugins.
Preloading 0 native plugins for Editor in 0.00 ms.
Initialize engine version: 2023.1.20f1 (35a524b12060)
[Subsystems] Discovering subsystems at path C:/Program Files/Unity/Hub/Editor/2023.1.20f1/Editor/Data/Resources/UnitySubsystems
[Subsystems] Discovering subsystems at path C:/UnityGame/MagicInsector/Assets
GfxDevice: creating device client; threaded=0; jobified=0
Direct3D:
    Version:  Direct3D 11.0 [level 11.1]
    Renderer: NVIDIA GeForce RTX 3070 (ID=0x2484)
    Vendor:   NVIDIA
    VRAM:     8018 MB
    Driver:   32.0.15.6590
Initialize mono
Mono path[0] = 'C:/Program Files/Unity/Hub/Editor/2023.1.20f1/Editor/Data/Managed'
Mono path[1] = 'C:/Program Files/Unity/Hub/Editor/2023.1.20f1/Editor/Data/MonoBleedingEdge/lib/mono/unityjit-win32'
Mono config path = 'C:/Program Files/Unity/Hub/Editor/2023.1.20f1/Editor/Data/MonoBleedingEdge/etc'
Using monoOptions --debugger-agent=transport=dt_socket,embedding=1,server=y,suspend=n,address=127.0.0.1:56576
Begin MonoManager ReloadAssembly
C:\build\output\Unity-Technologies\mono\mono\metadata\icall.c:1842:
C:\build\output\Unity-Technologies\mono\mono\metadata\icall.c:1842:
C:\build\output\Unity-Technologies\mono\mono\metadata\icall.c:1842:
C:\build\output\Unity-Technologies\mono\mono\metadata\icall.c:1842:
C:\build\output\Unity-Technologies\mono\mono\metadata\icall.c:1842:
C:\build\output\Unity-Technologies\mono\mono\metadata\icall.c:1842:
C:\build\output\Unity-Technologies\mono\mono\metadata\icall.c:1842:
C:\build\output\Unity-Technologies\mono\mono\metadata\icall.c:1842:
C:\build\output\Unity-Technologies\mono\mono\metadata\icall.c:1842:
C:\build\output\Unity-Technologies\mono\mono\metadata\icall.c:1842:
Registering precompiled unity dll's ...
Register platform support module: C:/Program Files/Unity/Hub/Editor/2023.1.20f1/Editor/Data/PlaybackEngines/WindowsStandaloneSupport/UnityEditor.WindowsStandalone.Extensions.dll
Register platform support module: C:/Program Files/Unity/Hub/Editor/2023.1.20f1/Editor/Data/PlaybackEngines/MetroSupport/UnityEditor.UWP.Extensions.dll
Register platform support module: C:/Program Files/Unity/Hub/Editor/2023.1.20f1/Editor/Data/PlaybackEngines/AndroidPlayer/UnityEditor.Android.Extensions.dll
Registered in 0.005550 seconds.
- Loaded All Assemblies, in  0.399 seconds
Native extension for Android target not found
Android Extension - Scanning For ADB Devices 269 ms
Native extension for UWP target not found
Native extension for WindowsStandalone target not found
Mono: successfully reloaded assembly
C:\build\output\Unity-Technologies\mono\mono\metadata\icall.c:1842:
C:\build\output\Unity-Technologies\mono\mono\metadata\icall.c:1842:
- Finished resetting the current domain, in  0.658 seconds
Domain Reload Profiling: 1055ms
	BeginReloadAssembly (122ms)
		ExecutionOrderSort (0ms)
		DisableScriptedObjects (0ms)
		BackupInstance (0ms)
		ReleaseScriptingObjects (0ms)
		CreateAndSetChildDomain (1ms)
	RebuildCommonClasses (37ms)
	RebuildNativeTypeToScriptingClass (16ms)
	initialDomainReloadingComplete (52ms)
	LoadAllAssembliesAndSetupDomain (169ms)
		LoadAssemblies (119ms)
		RebuildTransferFunctionScriptingTraits (0ms)
		AnalyzeDomain (163ms)
			TypeCache.Refresh (161ms)
				TypeCache.ScanAssembly (150ms)
			ScanForSourceGeneratedMonoScriptInfo (1ms)
			ResolveRequiredComponents (1ms)
	FinalizeReload (658ms)
		ReleaseScriptCaches (0ms)
		RebuildScriptCaches (0ms)
		SetupLoadedEditorAssemblies (614ms)
			LogAssemblyErrors (0ms)
			InitializePlatformSupportModulesInManaged (406ms)
			SetLoadedEditorAssemblies (4ms)
			BeforeProcessingInitializeOnLoad (8ms)
			ProcessInitializeOnLoadAttributes (130ms)
			ProcessInitializeOnLoadMethodAttributes (67ms)
			AfterProcessingInitializeOnLoad (0ms)
			EditorAssembliesLoaded (0ms)
		ExecutionOrderSort2 (0ms)
		AwakeInstancesAfterBackupRestoration (0ms)
========================================================================
Worker process is ready to serve import requests
Import Worker Mode flag is 0x00
Begin MonoManager ReloadAssembly
C:\build\output\Unity-Technologies\mono\mono\metadata\icall.c:1842:
C:\build\output\Unity-Technologies\mono\mono\metadata\icall.c:1842:
C:\build\output\Unity-Technologies\mono\mono\metadata\icall.c:1842:
C:\build\output\Unity-Technologies\mono\mono\metadata\icall.c:1842:
C:\build\output\Unity-Technologies\mono\mono\metadata\icall.c:1842:
C:\build\output\Unity-Technologies\mono\mono\metadata\icall.c:1842:
C:\build\output\Unity-Technologies\mono\mono\metadata\icall.c:1842:
C:\build\output\Unity-Technologies\mono\mono\metadata\icall.c:1842:
C:\build\output\Unity-Technologies\mono\mono\metadata\icall.c:1842:
C:\build\output\Unity-Technologies\mono\mono\metadata\icall.c:1842:
C:\build\output\Unity-Technologies\mono\mono\metadata\icall.c:1842:
C:\build\output\Unity-Technologies\mono\mono\metadata\icall.c:1842:
- Loaded All Assemblies, in  0.896 seconds
Refreshing native plugins compatible for Editor in 4.71 ms, found 5 plugins.
Native extension for Android target not found
Native extension for UWP target not found
Native extension for WindowsStandalone target not found
[MODES] ModeService[none].Initialize
[MODES] ModeService[none].LoadModes
[MODES] Loading mode Default (0) for mode-current-id-TD
Mono: successfully reloaded assembly
- Finished resetting the current domain, in  0.787 seconds
Domain Reload Profiling: 1679ms
	BeginReloadAssembly (272ms)
		ExecutionOrderSort (0ms)
		DisableScriptedObjects (5ms)
		BackupInstance (0ms)
		ReleaseScriptingObjects (0ms)
		CreateAndSetChildDomain (33ms)
	RebuildCommonClasses (38ms)
	RebuildNativeTypeToScriptingClass (12ms)
	initialDomainReloadingComplete (41ms)
	LoadAllAssembliesAndSetupDomain (527ms)
		LoadAssemblies (298ms)
		RebuildTransferFunctionScriptingTraits (0ms)
		AnalyzeDomain (317ms)
			TypeCache.Refresh (288ms)
				TypeCache.ScanAssembly (273ms)
			ScanForSourceGeneratedMonoScriptInfo (19ms)
			ResolveRequiredComponents (9ms)
	FinalizeReload (788ms)
		ReleaseScriptCaches (0ms)
		RebuildScriptCaches (0ms)
		SetupLoadedEditorAssemblies (569ms)
			LogAssemblyErrors (0ms)
			InitializePlatformSupportModulesInManaged (20ms)
			SetLoadedEditorAssemblies (3ms)
			BeforeProcessingInitializeOnLoad (80ms)
			ProcessInitializeOnLoadAttributes (431ms)
			ProcessInitializeOnLoadMethodAttributes (29ms)
			AfterProcessingInitializeOnLoad (6ms)
			EditorAssembliesLoaded (0ms)
		ExecutionOrderSort2 (0ms)
		AwakeInstancesAfterBackupRestoration (7ms)
Launched and connected shader compiler UnityShaderCompiler.exe after 0.01 seconds
Refreshing native plugins compatible for Editor in 5.20 ms, found 5 plugins.
Preloading 0 native plugins for Editor in 0.00 ms.
Unloading 4219 Unused Serialized files (Serialized files now loaded: 0)
Unloading 113 unused Assets / (4.3 MB). Loaded Objects now: 4757.
Memory consumption went from 252.2 MB to 247.8 MB.
Total: 5.579800 ms (FindLiveObjects: 0.429800 ms CreateObjectMapping: 0.104100 ms MarkObjects: 3.827600 ms  DeleteObjects: 1.217300 ms)

AssetImportParameters requested are different than current active one (requested -> active):
  custom:video-decoder-webm-vp8: 9c59270c3fd7afecdb556c50c9e8de78 -> 
  custom:SearchIndexIgnoredProperties: e643bd26f0fe6173181afceb89e7c659 -> 
  custom:audio-encoder-webm-vorbis: bf7c407c2cedff20999df2af8eb42d56 -> 
  custom:AudioImporter_EditorPlatform: d09bf68614088b80899f8185d706f6e7 -> 
  custom:audio-decoder-ogg-vorbis: bf7c407c2cedff20999df2af8eb42d56 -> 
  custom:video-encoder-webm-vp8: eb34c28f22e8b96e1ab97ce403110664 -> 
  custom:container-demuxer-ogg: 62fdf1f143b41e24485cea50d1cbac27 -> 
  custom:framework-win-MediaFoundation: 216162199b28c13a410421893ffa2e32 -> 
  custom:video-decoder-ogg-theora: a1e56fd34408186e4bbccfd4996cb3dc -> 
  custom:container-muxer-webm: aa71ff27fc2769a1b78a27578f13a17b -> 
  custom:video-codec-MediaFoundation-h265: 746d11721c4dcdbdad8f713fa42b33f4 -> 
  custom:CustomObjectIndexerAttribute: d54d2f2da18e7612c182cf67624b6b12 -> 
  custom:container-demuxer-webm: 4f35f7cbe854078d1ac9338744f61a02 -> 
========================================================================
Received Import Request.
  Time since last request: 784882.547533 seconds.
  path: Assets/Unity_content/Character/WizardPolyArt/Textures/ForPBRMaskTintShader/PolyArtAlbedo.png
  artifactKey: Guid(4960428282afaef44ab798134d3c2db0) Importer(815301076,1909f56bfc062723c751e8b465ee728b)
Start importing Assets/Unity_content/Character/WizardPolyArt/Textures/ForPBRMaskTintShader/PolyArtAlbedo.png using Guid(4960428282afaef44ab798134d3c2db0) Importer(815301076,1909f56bfc062723c751e8b465ee728b)  -> (artifact id: '0e6faeb582c091c3f7cda2ad70d3f8e4') in 0.068481 seconds
Number of updated asset objects reloaded before import = 0
Number of asset objects unloaded after import = 2
========================================================================
Received Import Request.
  Time since last request: 29.048089 seconds.
  path: Assets/Unity_content/Environment/Supercyan Free Forest Sample/Materials/High Quality/Foliage/forestpack_foliage.mat
  artifactKey: Guid(7a8b02b78b9ba2b46bf67cddab7b9947) Importer(815301076,1909f56bfc062723c751e8b465ee728b)
Start importing Assets/Unity_content/Environment/Supercyan Free Forest Sample/Materials/High Quality/Foliage/forestpack_foliage.mat using Guid(7a8b02b78b9ba2b46bf67cddab7b9947) Importer(815301076,1909f56bfc062723c751e8b465ee728b)  -> (artifact id: '2d57f1d8a1df4ee2c345cef8da902517') in 0.057321 seconds
Number of updated asset objects reloaded before import = 0
Number of asset objects unloaded after import = 3
========================================================================
Received Import Request.
  Time since last request: 0.296030 seconds.
  path: Assets/Unity_content/Environment/Supercyan Free Forest Sample/Materials/High Quality/SignAndBridge/forestpack_roadSignAndBridge.mat
  artifactKey: Guid(ee87708a178fd1843843e762102d3864) Importer(815301076,1909f56bfc062723c751e8b465ee728b)
Start importing Assets/Unity_content/Environment/Supercyan Free Forest Sample/Materials/High Quality/SignAndBridge/forestpack_roadSignAndBridge.mat using Guid(ee87708a178fd1843843e762102d3864) Importer(815301076,1909f56bfc062723c751e8b465ee728b)  -> (artifact id: 'e4da3059b96687775fb46b3a932a558d') in 0.017796 seconds
Number of updated asset objects reloaded before import = 0
Number of asset objects unloaded after import = 3
========================================================================
Received Import Request.
  Time since last request: 1.090543 seconds.
  path: Assets/Unity_content/Environment/Supercyan Free Forest Sample/Materials/High Quality/Skybox/forestpack_skybox_lighter.mat
  artifactKey: Guid(63c7f212f60aadc47945b935dc40e7c0) Importer(815301076,1909f56bfc062723c751e8b465ee728b)
Start importing Assets/Unity_content/Environment/Supercyan Free Forest Sample/Materials/High Quality/Skybox/forestpack_skybox_lighter.mat using Guid(63c7f212f60aadc47945b935dc40e7c0) Importer(815301076,1909f56bfc062723c751e8b465ee728b)  -> (artifact id: 'b4ec58d96ac4a6a196d4601fbe0095e9') in 0.467968 seconds
Number of updated asset objects reloaded before import = 0
Number of asset objects unloaded after import = 7
========================================================================
Received Import Request.
  Time since last request: 0.000020 seconds.
  path: Assets/Unity_content/Environment/Supercyan Free Forest Sample/Materials/High Quality/Tree/forestpack_tree_leaf.mat
  artifactKey: Guid(f31ee666b2527344e91520ba278c9869) Importer(815301076,1909f56bfc062723c751e8b465ee728b)
Start importing Assets/Unity_content/Environment/Supercyan Free Forest Sample/Materials/High Quality/Tree/forestpack_tree_leaf.mat using Guid(f31ee666b2527344e91520ba278c9869) Importer(815301076,1909f56bfc062723c751e8b465ee728b)  -> (artifact id: '6132d12c3b3956ac9d063285d30ac20a') in 0.017427 seconds
Number of updated asset objects reloaded before import = 0
Number of asset objects unloaded after import = 3
========================================================================
Received Import Request.
  Time since last request: 570.604040 seconds.
  path: Assets/New Terrain Material.mat
  artifactKey: Guid(b3fb5afcce020bb4088430785d7fa2f5) Importer(815301076,1909f56bfc062723c751e8b465ee728b)
Start importing Assets/New Terrain Material.mat using Guid(b3fb5afcce020bb4088430785d7fa2f5) Importer(815301076,1909f56bfc062723c751e8b465ee728b)  -> (artifact id: '0b57ffc6bbed8181682f2b756b016c63') in 0.017292 seconds
Number of updated asset objects reloaded before import = 2
Number of asset objects unloaded after import = 3
========================================================================
Received Import Request.
  Time since last request: 3.226673 seconds.
  path: Assets/Unity_content/Free Stylized Textures/Materials/Vol_2_3_Wood.mat
  artifactKey: Guid(e2782bd09fb749e4f8c457cb9c8cc6cd) Importer(815301076,1909f56bfc062723c751e8b465ee728b)
Start importing Assets/Unity_content/Free Stylized Textures/Materials/Vol_2_3_Wood.mat using Guid(e2782bd09fb749e4f8c457cb9c8cc6cd) Importer(815301076,1909f56bfc062723c751e8b465ee728b)  -> (artifact id: '0b834bf160196b70649a33c97b025d36') in 0.031955 seconds
Number of updated asset objects reloaded before import = 0
Number of asset objects unloaded after import = 5
========================================================================
Received Import Request.
  Time since last request: 0.000038 seconds.
  path: Assets/Unity_content/Free Stylized Textures/Materials/Vol_19_4_Dirt.mat
  artifactKey: Guid(d24bde530a6cd174cb70a68743168031) Importer(815301076,1909f56bfc062723c751e8b465ee728b)
Start importing Assets/Unity_content/Free Stylized Textures/Materials/Vol_19_4_Dirt.mat using Guid(d24bde530a6cd174cb70a68743168031) Importer(815301076,1909f56bfc062723c751e8b465ee728b)  -> (artifact id: '3ed670c001181adad9b6c5d507c30e37') in 0.027302 seconds
Number of updated asset objects reloaded before import = 0
Number of asset objects unloaded after import = 5
========================================================================
Received Import Request.
  Time since last request: 0.000017 seconds.
  path: Assets/Unity_content/Free Stylized Textures/Materials/Vol_16_2_Sand.mat
  artifactKey: Guid(49f3385eb1c319941be8623439f1eb49) Importer(815301076,1909f56bfc062723c751e8b465ee728b)
Start importing Assets/Unity_content/Free Stylized Textures/Materials/Vol_16_2_Sand.mat using Guid(49f3385eb1c319941be8623439f1eb49) Importer(815301076,1909f56bfc062723c751e8b465ee728b)  -> (artifact id: 'fc6359218f1d7cc5324c198d7a1c4cc6') in 0.027378 seconds
Number of updated asset objects reloaded before import = 0
Number of asset objects unloaded after import = 5
========================================================================
Received Import Request.
  Time since last request: 0.159921 seconds.
  path: Assets/Unity_content/Free Stylized Textures/Materials/Vol_23_1_Rocks.mat
  artifactKey: Guid(43ca10b6d3421d546832de715a9d893f) Importer(815301076,1909f56bfc062723c751e8b465ee728b)
Start importing Assets/Unity_content/Free Stylized Textures/Materials/Vol_23_1_Rocks.mat using Guid(43ca10b6d3421d546832de715a9d893f) Importer(815301076,1909f56bfc062723c751e8b465ee728b)  -> (artifact id: '6fcb1605f8c602648d53c122f819558e') in 0.115679 seconds
Number of updated asset objects reloaded before import = 0
Number of asset objects unloaded after import = 5
========================================================================
Received Import Request.
  Time since last request: 0.000025 seconds.
  path: Assets/Unity_content/Free Stylized Textures/Materials/Vol_27_4_Lava.mat
  artifactKey: Guid(7ea77b3e49c1d61409582be7e98d0d61) Importer(815301076,1909f56bfc062723c751e8b465ee728b)
Start importing Assets/Unity_content/Free Stylized Textures/Materials/Vol_27_4_Lava.mat using Guid(7ea77b3e49c1d61409582be7e98d0d61) Importer(815301076,1909f56bfc062723c751e8b465ee728b)  -> (artifact id: '24297d2dd4d683b3d726d00e046db820') in 0.029066 seconds
Number of updated asset objects reloaded before import = 0
Number of asset objects unloaded after import = 5
========================================================================
Received Import Request.
  Time since last request: 0.000039 seconds.
  path: Assets/Unity_content/Free Stylized Textures/Materials/Vol_30_3_Roofs.mat
  artifactKey: Guid(78f6c3f1d47eef84f9ee5e607fad4c0c) Importer(815301076,1909f56bfc062723c751e8b465ee728b)
Start importing Assets/Unity_content/Free Stylized Textures/Materials/Vol_30_3_Roofs.mat using Guid(78f6c3f1d47eef84f9ee5e607fad4c0c) Importer(815301076,1909f56bfc062723c751e8b465ee728b)  -> (artifact id: 'c1246c38f723a4625029ea8886c6f80d') in 0.207682 seconds
Number of updated asset objects reloaded before import = 0
Number of asset objects unloaded after import = 5
========================================================================
Received Import Request.
  Time since last request: 0.000024 seconds.
  path: Assets/Unity_content/Free Stylized Textures/Materials/Vol_58_1_Surface.mat
  artifactKey: Guid(e94c7625cd2e80d4e8fd19b24fc89d93) Importer(815301076,1909f56bfc062723c751e8b465ee728b)
Start importing Assets/Unity_content/Free Stylized Textures/Materials/Vol_58_1_Surface.mat using Guid(e94c7625cd2e80d4e8fd19b24fc89d93) Importer(815301076,1909f56bfc062723c751e8b465ee728b)  -> (artifact id: '558f167883625f5eaecb4dff8ce48593') in 0.304314 seconds
Number of updated asset objects reloaded before import = 0
Number of asset objects unloaded after import = 6
========================================================================
Received Import Request.
  Time since last request: 0.000038 seconds.
  path: Assets/Unity_content/Free Stylized Textures/Materials/Vol_100_1_Pixel.mat
  artifactKey: Guid(b1a8a6908ca5ad247ad05e4d89150386) Importer(815301076,1909f56bfc062723c751e8b465ee728b)
Start importing Assets/Unity_content/Free Stylized Textures/Materials/Vol_100_1_Pixel.mat using Guid(b1a8a6908ca5ad247ad05e4d89150386) Importer(815301076,1909f56bfc062723c751e8b465ee728b)  -> (artifact id: 'b9da63e1e4c8b193751fbe20d6e4783a') in 0.027157 seconds
Number of updated asset objects reloaded before import = 0
Number of asset objects unloaded after import = 6
========================================================================
Received Import Request.
  Time since last request: 0.000015 seconds.
  path: Assets/Unity_content/Free Stylized Textures/Materials/Vol_79_5_Sci-fi.mat
  artifactKey: Guid(378426c27b3a38f4f9e38126b22973fc) Importer(815301076,1909f56bfc062723c751e8b465ee728b)
Start importing Assets/Unity_content/Free Stylized Textures/Materials/Vol_79_5_Sci-fi.mat using Guid(378426c27b3a38f4f9e38126b22973fc) Importer(815301076,1909f56bfc062723c751e8b465ee728b)  -> (artifact id: '964d62d0f1dee41add8951cc3d2f43fb') in 0.027551 seconds
Number of updated asset objects reloaded before import = 0
Number of asset objects unloaded after import = 6
========================================================================
Received Import Request.
  Time since last request: 0.000017 seconds.
  path: Assets/Unity_content/Free Stylized Textures/Materials/Vol_46_2_Tiles.mat
  artifactKey: Guid(7f46efa3bb98bb44ea780a4a417b4f75) Importer(815301076,1909f56bfc062723c751e8b465ee728b)
Start importing Assets/Unity_content/Free Stylized Textures/Materials/Vol_46_2_Tiles.mat using Guid(7f46efa3bb98bb44ea780a4a417b4f75) Importer(815301076,1909f56bfc062723c751e8b465ee728b)  -> (artifact id: 'f3a84236e2f68d618d8a24af91e1d930') in 0.026259 seconds
Number of updated asset objects reloaded before import = 0
Number of asset objects unloaded after import = 6
========================================================================
Received Import Request.
  Time since last request: 0.000021 seconds.
  path: Assets/Unity_content/Free Stylized Textures/Materials/Vol_36_5_Water.mat
  artifactKey: Guid(490c25b2fda35fc4582a9582c4179ad5) Importer(815301076,1909f56bfc062723c751e8b465ee728b)
Start importing Assets/Unity_content/Free Stylized Textures/Materials/Vol_36_5_Water.mat using Guid(490c25b2fda35fc4582a9582c4179ad5) Importer(815301076,1909f56bfc062723c751e8b465ee728b)  -> (artifact id: '14e6f7d73f328c25d52721ccf3b7efd2') in 0.026430 seconds
Number of updated asset objects reloaded before import = 0
Number of asset objects unloaded after import = 6
Editor requested this worker to shutdown with reason: Scaling down because of idle timeout
AssetImportWorker is now disconnected from the server
Process exiting
Exiting without the bug reporter. Application will terminate with return code 0