Using pre-set license
Built from '2023.1/staging' branch; Version is '2023.1.20f1 (35a524b12060) revision 3515684'; Using compiler version '192829333'; Build Type 'Release'
OS: 'Windows 11  (10.0.22631) 64bit Core' Language: 'en' Physical Memory: 32699 MB
BatchMode: 1, IsHumanControllingUs: 0, StartBugReporterOnCrash: 0, Is64bit: 1, IsPro: 1

COMMAND LINE ARGUMENTS:
C:\Program Files\Unity\Hub\Editor\2023.1.20f1\Editor\Unity.exe
-adb2
-batchMode
-noUpm
-name
AssetImportWorker3
-projectPath
C:/UnityGame/MagicInsector
-logFile
Logs/AssetImportWorker3.log
-srvPort
61255
Successfully changed project path to: C:/UnityGame/MagicInsector
C:/UnityGame/MagicInsector
[UnityMemory] Configuration Parameters - Can be set up in boot.config
    "memorysetup-bucket-allocator-granularity=16"
    "memorysetup-bucket-allocator-bucket-count=8"
    "memorysetup-bucket-allocator-block-size=33554432"
    "memorysetup-bucket-allocator-block-count=8"
    "memorysetup-main-allocator-block-size=16777216"
    "memorysetup-thread-allocator-block-size=16777216"
    "memorysetup-gfx-main-allocator-block-size=16777216"
    "memorysetup-gfx-thread-allocator-block-size=16777216"
    "memorysetup-cache-allocator-block-size=4194304"
    "memorysetup-typetree-allocator-block-size=2097152"
    "memorysetup-profiler-bucket-allocator-granularity=16"
    "memorysetup-profiler-bucket-allocator-bucket-count=8"
    "memorysetup-profiler-bucket-allocator-block-size=33554432"
    "memorysetup-profiler-bucket-allocator-block-count=8"
    "memorysetup-profiler-allocator-block-size=16777216"
    "memorysetup-profiler-editor-allocator-block-size=1048576"
    "memorysetup-temp-allocator-size-main=16777216"
    "memorysetup-job-temp-allocator-block-size=2097152"
    "memorysetup-job-temp-allocator-block-size-background=1048576"
    "memorysetup-job-temp-allocator-reduction-small-platforms=262144"
    "memorysetup-allocator-temp-initial-block-size-main=262144"
    "memorysetup-allocator-temp-initial-block-size-worker=262144"
    "memorysetup-temp-allocator-size-background-worker=32768"
    "memorysetup-temp-allocator-size-job-worker=262144"
    "memorysetup-temp-allocator-size-preload-manager=33554432"
    "memorysetup-temp-allocator-size-nav-mesh-worker=65536"
    "memorysetup-temp-allocator-size-audio-worker=65536"
    "memorysetup-temp-allocator-size-cloud-worker=32768"
    "memorysetup-temp-allocator-size-gi-baking-worker=262144"
    "memorysetup-temp-allocator-size-gfx=262144"
Player connection [7880] Host "[IP] 192.168.0.175 [Port] 0 [Flags] 2 [Guid] 4042609254 [EditorId] 4042609254 [Version] 1048832 [Id] WindowsEditor(7,DESKTOP-CV2C3R8) [Debug] 1 [PackageName] WindowsEditor [ProjectName] Editor" joined multi-casting on [225.0.0.222:54997]...

Player connection [7880] Host "[IP] 192.168.0.175 [Port] 0 [Flags] 2 [Guid] 4042609254 [EditorId] 4042609254 [Version] 1048832 [Id] WindowsEditor(7,DESKTOP-CV2C3R8) [Debug] 1 [PackageName] WindowsEditor [ProjectName] Editor" joined alternative multi-casting on [225.0.0.222:34997]...

[Physics::Module] Initialized MultithreadedJobDispatcher with 11 workers.
Library Redirect Path: Library/Refreshing native plugins compatible for Editor in 14.08 ms, found 5 plugins.
Preloading 0 native plugins for Editor in 0.00 ms.
Initialize engine version: 2023.1.20f1 (35a524b12060)
[Subsystems] Discovering subsystems at path C:/Program Files/Unity/Hub/Editor/2023.1.20f1/Editor/Data/Resources/UnitySubsystems
[Subsystems] Discovering subsystems at path C:/UnityGame/MagicInsector/Assets
GfxDevice: creating device client; threaded=0; jobified=0
Direct3D:
    Version:  Direct3D 11.0 [level 11.1]
    Renderer: NVIDIA GeForce RTX 3070 (ID=0x2484)
    Vendor:   NVIDIA
    VRAM:     8018 MB
    Driver:   32.0.15.6590
Initialize mono
Mono path[0] = 'C:/Program Files/Unity/Hub/Editor/2023.1.20f1/Editor/Data/Managed'
Mono path[1] = 'C:/Program Files/Unity/Hub/Editor/2023.1.20f1/Editor/Data/MonoBleedingEdge/lib/mono/unityjit-win32'
Mono config path = 'C:/Program Files/Unity/Hub/Editor/2023.1.20f1/Editor/Data/MonoBleedingEdge/etc'
Using monoOptions --debugger-agent=transport=dt_socket,embedding=1,server=y,suspend=n,address=127.0.0.1:56696
Begin MonoManager ReloadAssembly
C:\build\output\Unity-Technologies\mono\mono\metadata\icall.c:1842:
C:\build\output\Unity-Technologies\mono\mono\metadata\icall.c:1842:
C:\build\output\Unity-Technologies\mono\mono\metadata\icall.c:1842:
C:\build\output\Unity-Technologies\mono\mono\metadata\icall.c:1842:
C:\build\output\Unity-Technologies\mono\mono\metadata\icall.c:1842:
C:\build\output\Unity-Technologies\mono\mono\metadata\icall.c:1842:
C:\build\output\Unity-Technologies\mono\mono\metadata\icall.c:1842:
C:\build\output\Unity-Technologies\mono\mono\metadata\icall.c:1842:
C:\build\output\Unity-Technologies\mono\mono\metadata\icall.c:1842:
C:\build\output\Unity-Technologies\mono\mono\metadata\icall.c:1842:
Registering precompiled unity dll's ...
Register platform support module: C:/Program Files/Unity/Hub/Editor/2023.1.20f1/Editor/Data/PlaybackEngines/WindowsStandaloneSupport/UnityEditor.WindowsStandalone.Extensions.dll
Register platform support module: C:/Program Files/Unity/Hub/Editor/2023.1.20f1/Editor/Data/PlaybackEngines/MetroSupport/UnityEditor.UWP.Extensions.dll
Register platform support module: C:/Program Files/Unity/Hub/Editor/2023.1.20f1/Editor/Data/PlaybackEngines/AndroidPlayer/UnityEditor.Android.Extensions.dll
Registered in 0.006699 seconds.
- Loaded All Assemblies, in  0.453 seconds
Native extension for Android target not found
Android Extension - Scanning For ADB Devices 414 ms
Native extension for UWP target not found
Native extension for WindowsStandalone target not found
Mono: successfully reloaded assembly
C:\build\output\Unity-Technologies\mono\mono\metadata\icall.c:1842:
C:\build\output\Unity-Technologies\mono\mono\metadata\icall.c:1842:
- Finished resetting the current domain, in  0.855 seconds
Domain Reload Profiling: 1305ms
	BeginReloadAssembly (138ms)
		ExecutionOrderSort (0ms)
		DisableScriptedObjects (0ms)
		BackupInstance (0ms)
		ReleaseScriptingObjects (0ms)
		CreateAndSetChildDomain (1ms)
	RebuildCommonClasses (42ms)
	RebuildNativeTypeToScriptingClass (13ms)
	initialDomainReloadingComplete (62ms)
	LoadAllAssembliesAndSetupDomain (194ms)
		LoadAssemblies (135ms)
		RebuildTransferFunctionScriptingTraits (0ms)
		AnalyzeDomain (187ms)
			TypeCache.Refresh (186ms)
				TypeCache.ScanAssembly (171ms)
			ScanForSourceGeneratedMonoScriptInfo (1ms)
			ResolveRequiredComponents (0ms)
	FinalizeReload (856ms)
		ReleaseScriptCaches (0ms)
		RebuildScriptCaches (0ms)
		SetupLoadedEditorAssemblies (799ms)
			LogAssemblyErrors (0ms)
			InitializePlatformSupportModulesInManaged (545ms)
			SetLoadedEditorAssemblies (3ms)
			BeforeProcessingInitializeOnLoad (9ms)
			ProcessInitializeOnLoadAttributes (169ms)
			ProcessInitializeOnLoadMethodAttributes (73ms)
			AfterProcessingInitializeOnLoad (0ms)
			EditorAssembliesLoaded (0ms)
		ExecutionOrderSort2 (0ms)
		AwakeInstancesAfterBackupRestoration (0ms)
========================================================================
Worker process is ready to serve import requests
Import Worker Mode flag is 0x00
Begin MonoManager ReloadAssembly
C:\build\output\Unity-Technologies\mono\mono\metadata\icall.c:1842:
C:\build\output\Unity-Technologies\mono\mono\metadata\icall.c:1842:
C:\build\output\Unity-Technologies\mono\mono\metadata\icall.c:1842:
C:\build\output\Unity-Technologies\mono\mono\metadata\icall.c:1842:
C:\build\output\Unity-Technologies\mono\mono\metadata\icall.c:1842:
C:\build\output\Unity-Technologies\mono\mono\metadata\icall.c:1842:
C:\build\output\Unity-Technologies\mono\mono\metadata\icall.c:1842:
C:\build\output\Unity-Technologies\mono\mono\metadata\icall.c:1842:
C:\build\output\Unity-Technologies\mono\mono\metadata\icall.c:1842:
C:\build\output\Unity-Technologies\mono\mono\metadata\icall.c:1842:
C:\build\output\Unity-Technologies\mono\mono\metadata\icall.c:1842:
C:\build\output\Unity-Technologies\mono\mono\metadata\icall.c:1842:
- Loaded All Assemblies, in  1.081 seconds
Refreshing native plugins compatible for Editor in 6.15 ms, found 5 plugins.
Native extension for Android target not found
Native extension for UWP target not found
Native extension for WindowsStandalone target not found
Error loading file Library/StateCache/LayerSettings/9e/9ecc5c3c162a7aba29bafa64c8b94b7c.json. Error: System.IO.IOException: Sharing violation on path C:\UnityGame\MagicInsector\Library\StateCache\LayerSettings\9e\9ecc5c3c162a7aba29bafa64c8b94b7c.json
  at System.IO.FileStream..ctor (System.String path, System.IO.FileMode mode, System.IO.FileAccess access, System.IO.FileShare share, System.Int32 bufferSize, System.Boolean anonymous, System.IO.FileOptions options) [0x0019e] in <cb3602b5bf2148caa08db7780ec02b19>:0 
  at System.IO.FileStream..ctor (System.String path, System.IO.FileMode mode, System.IO.FileAccess access, System.IO.FileShare share, System.Int32 bufferSize, System.IO.FileOptions options) [0x00000] in <cb3602b5bf2148caa08db7780ec02b19>:0 
  at (wrapper remoting-invoke-with-check) System.IO.FileStream..ctor(string,System.IO.FileMode,System.IO.FileAccess,System.IO.FileShare,int,System.IO.FileOptions)
  at System.IO.StreamReader..ctor (System.String path, System.Text.Encoding encoding, System.Boolean detectEncodingFromByteOrderMarks, System.Int32 bufferSize) [0x00055] in <cb3602b5bf2148caa08db7780ec02b19>:0 
  at System.IO.StreamReader..ctor (System.String path, System.Text.Encoding encoding, System.Boolean detectEncodingFromByteOrderMarks) [0x00000] in <cb3602b5bf2148caa08db7780ec02b19>:0 
  at (wrapper remoting-invoke-with-check) System.IO.StreamReader..ctor(string,System.Text.Encoding,bool)
  at System.IO.File.InternalReadAllText (System.String path, System.Text.Encoding encoding) [0x00000] in <cb3602b5bf2148caa08db7780ec02b19>:0 
  at System.IO.File.ReadAllText (System.String path, System.Text.Encoding encoding) [0x00034] in <cb3602b5bf2148caa08db7780ec02b19>:0 
  at UnityEditor.StateCache`1[T].GetState (UnityEngine.Hash128 key, T defaultValue) [0x00041] in <376f43f3329c444db4613258b017d5db>:0 
UnityEngine.StackTraceUtility:ExtractStackTrace ()
UnityEngine.DebugLogHandler:Internal_Log (UnityEngine.LogType,UnityEngine.LogOption,string,UnityEngine.Object)
UnityEngine.DebugLogHandler:LogFormat (UnityEngine.LogType,UnityEngine.Object,string,object[])
UnityEngine.Logger:Log (UnityEngine.LogType,object)
UnityEngine.Debug:LogError (object)
UnityEditor.StateCache`1<UnityEditor.Tools/LayerSettings>:GetState (UnityEngine.Hash128,UnityEditor.Tools/LayerSettings)
UnityEditor.Tools:OnEnable ()
UnityEngine.ScriptableObject:CreateInstance (System.Type)
UnityEngine.ScriptableObject:CreateInstance<UnityEditor.Tools> ()
UnityEditor.Tools:get_get ()
UnityEditor.Tools:get_visibleLayers ()
UnityEditor.Animations.Rigging.BoneRendererUtils:.cctor () (at ./Library/PackageCache/com.unity.animation.rigging@1.2.1/Editor/Utils/BoneRendererUtils.cs:121)
System.Runtime.CompilerServices.RuntimeHelpers:RunClassConstructor (System.RuntimeTypeHandle)
UnityEditor.EditorAssemblies:ProcessInitializeOnLoadAttributes (System.Type[])

(Filename: ./Library/PackageCache/com.unity.animation.rigging@1.2.1/Editor/Utils/BoneRendererUtils.cs Line: 121)

[MODES] ModeService[none].Initialize
[MODES] ModeService[none].LoadModes
[MODES] Loading mode Default (0) for mode-current-id-TD
Mono: successfully reloaded assembly
- Finished resetting the current domain, in  1.122 seconds
Domain Reload Profiling: 2198ms
	BeginReloadAssembly (325ms)
		ExecutionOrderSort (0ms)
		DisableScriptedObjects (8ms)
		BackupInstance (0ms)
		ReleaseScriptingObjects (0ms)
		CreateAndSetChildDomain (45ms)
	RebuildCommonClasses (40ms)
	RebuildNativeTypeToScriptingClass (14ms)
	initialDomainReloadingComplete (48ms)
	LoadAllAssembliesAndSetupDomain (648ms)
		LoadAssemblies (365ms)
		RebuildTransferFunctionScriptingTraits (0ms)
		AnalyzeDomain (385ms)
			TypeCache.Refresh (349ms)
				TypeCache.ScanAssembly (332ms)
			ScanForSourceGeneratedMonoScriptInfo (24ms)
			ResolveRequiredComponents (11ms)
	FinalizeReload (1123ms)
		ReleaseScriptCaches (0ms)
		RebuildScriptCaches (0ms)
		SetupLoadedEditorAssemblies (852ms)
			LogAssemblyErrors (0ms)
			InitializePlatformSupportModulesInManaged (27ms)
			SetLoadedEditorAssemblies (4ms)
			BeforeProcessingInitializeOnLoad (114ms)
			ProcessInitializeOnLoadAttributes (669ms)
			ProcessInitializeOnLoadMethodAttributes (32ms)
			AfterProcessingInitializeOnLoad (6ms)
			EditorAssembliesLoaded (0ms)
		ExecutionOrderSort2 (0ms)
		AwakeInstancesAfterBackupRestoration (8ms)
Launched and connected shader compiler UnityShaderCompiler.exe after 0.16 seconds
Refreshing native plugins compatible for Editor in 7.86 ms, found 5 plugins.
Preloading 0 native plugins for Editor in 0.00 ms.
Unloading 4219 Unused Serialized files (Serialized files now loaded: 0)
Unloading 112 unused Assets / (4.3 MB). Loaded Objects now: 4781.
Memory consumption went from 327.0 MB to 322.7 MB.
Total: 9.313500 ms (FindLiveObjects: 0.478000 ms CreateObjectMapping: 0.109200 ms MarkObjects: 6.684200 ms  DeleteObjects: 2.040300 ms)

AssetImportParameters requested are different than current active one (requested -> active):
  custom:video-decoder-webm-vp8: 9c59270c3fd7afecdb556c50c9e8de78 -> 
  custom:audio-encoder-webm-vorbis: bf7c407c2cedff20999df2af8eb42d56 -> 
  custom:AudioImporter_EditorPlatform: d09bf68614088b80899f8185d706f6e7 -> 
  custom:audio-decoder-ogg-vorbis: bf7c407c2cedff20999df2af8eb42d56 -> 
  custom:video-encoder-webm-vp8: eb34c28f22e8b96e1ab97ce403110664 -> 
  custom:container-demuxer-ogg: 62fdf1f143b41e24485cea50d1cbac27 -> 
  custom:framework-win-MediaFoundation: 216162199b28c13a410421893ffa2e32 -> 
  custom:video-decoder-ogg-theora: a1e56fd34408186e4bbccfd4996cb3dc -> 
  custom:container-muxer-webm: aa71ff27fc2769a1b78a27578f13a17b -> 
  custom:video-codec-MediaFoundation-h265: 746d11721c4dcdbdad8f713fa42b33f4 -> 
  custom:container-demuxer-webm: 4f35f7cbe854078d1ac9338744f61a02 -> 
========================================================================
Received Import Request.
  Time since last request: 779492.852559 seconds.
  path: Assets/Unity_content/Enemies/DreamGrid/Characters/Bear/Materials/monster_bear01_weapon01.mat
  artifactKey: Guid(ff7adaddc33d9f4449a8047e7ec2a427) Importer(815301076,1909f56bfc062723c751e8b465ee728b)
Start importing Assets/Unity_content/Enemies/DreamGrid/Characters/Bear/Materials/monster_bear01_weapon01.mat using Guid(ff7adaddc33d9f4449a8047e7ec2a427) Importer(815301076,1909f56bfc062723c751e8b465ee728b)  -> (artifact id: '130e1497ec0afaf1074cbded94a12b2d') in 0.115422 seconds
Number of updated asset objects reloaded before import = 0
Number of asset objects unloaded after import = 2
========================================================================
Received Import Request.
  Time since last request: 0.000040 seconds.
  path: Assets/Unity_content/Effects/Vefects/Trails VFX/VFX/Materials/M_VFX_Trail_Fire_02.mat
  artifactKey: Guid(f0b8fb3ecbc2cb048825486e3d63f1ba) Importer(815301076,1909f56bfc062723c751e8b465ee728b)
Start importing Assets/Unity_content/Effects/Vefects/Trails VFX/VFX/Materials/M_VFX_Trail_Fire_02.mat using Guid(f0b8fb3ecbc2cb048825486e3d63f1ba) Importer(815301076,1909f56bfc062723c751e8b465ee728b)  -> (artifact id: 'f6d52c1911acac973736c2f629f1818d') in 0.153179 seconds
Number of updated asset objects reloaded before import = 0
Number of asset objects unloaded after import = 3
========================================================================
Received Import Request.
  Time since last request: 0.000018 seconds.
  path: Assets/Unity_content/UI/SteampunkUI/Fonts/LiberationSans/LiberationSansGold 1.mat
  artifactKey: Guid(506d1b2c119d25a47ae97d5fd70a7f4a) Importer(815301076,1909f56bfc062723c751e8b465ee728b)
Start importing Assets/Unity_content/UI/SteampunkUI/Fonts/LiberationSans/LiberationSansGold 1.mat using Guid(506d1b2c119d25a47ae97d5fd70a7f4a) Importer(815301076,1909f56bfc062723c751e8b465ee728b)  -> (artifact id: '2da87c526cfd9ccce7fe71e3fb6f8408') in 0.048485 seconds
Number of updated asset objects reloaded before import = 0
Number of asset objects unloaded after import = 3
========================================================================
Received Import Request.
  Time since last request: 0.000028 seconds.
  path: Assets/Unity_content/Enemies/Mini Legion Rock Golem PBR HP Polyart/Meshes/RockMesh.fbx
  artifactKey: Guid(61d36fd741d737440a1141db2542d983) Importer(815301076,1909f56bfc062723c751e8b465ee728b)
Start importing Assets/Unity_content/Enemies/Mini Legion Rock Golem PBR HP Polyart/Meshes/RockMesh.fbx using Guid(61d36fd741d737440a1141db2542d983) Importer(815301076,1909f56bfc062723c751e8b465ee728b)  -> (artifact id: 'fb2d44720ab55db3a23cdb610d438fc9') in 0.078364 seconds
Number of updated asset objects reloaded before import = 0
Number of asset objects unloaded after import = 9
========================================================================
Received Import Request.
  Time since last request: 0.000025 seconds.
  path: Assets/Unity_content/Enemies/RPGMonsterPartnersPBRPolyart/Animations/Chest Monster/IdleBattle.fbx
  artifactKey: Guid(fc75239132e64afea9d693926f05dd40) Importer(815301076,1909f56bfc062723c751e8b465ee728b)
Start importing Assets/Unity_content/Enemies/RPGMonsterPartnersPBRPolyart/Animations/Chest Monster/IdleBattle.fbx using Guid(fc75239132e64afea9d693926f05dd40) Importer(815301076,1909f56bfc062723c751e8b465ee728b)  -> (artifact id: 'bfef4c90244c4613a78ac6952c7b4a6c') in 0.064852 seconds
Number of updated asset objects reloaded before import = 0
Number of asset objects unloaded after import = 56
========================================================================
Received Import Request.
  Time since last request: 0.000017 seconds.
  path: Assets/Unity_content/Enemies/Mini Legion Grunt PBR HP Polyart/Material/HP.mat
  artifactKey: Guid(cad6fa3a83060754d98d2fb182f98fd5) Importer(815301076,1909f56bfc062723c751e8b465ee728b)
Start importing Assets/Unity_content/Enemies/Mini Legion Grunt PBR HP Polyart/Material/HP.mat using Guid(cad6fa3a83060754d98d2fb182f98fd5) Importer(815301076,1909f56bfc062723c751e8b465ee728b)  -> (artifact id: 'b4c618c5000f56fe836980d18a32c18d') in 0.052806 seconds
Number of updated asset objects reloaded before import = 0
Number of asset objects unloaded after import = 3
========================================================================
Received Import Request.
  Time since last request: 0.000023 seconds.
  path: Assets/Unity_content/Enemies/Mini Legion Grunt PBR HP Polyart/Material/PBR.mat
  artifactKey: Guid(d8a4de89336021d488c0a4e9fdad9a2c) Importer(815301076,1909f56bfc062723c751e8b465ee728b)
Start importing Assets/Unity_content/Enemies/Mini Legion Grunt PBR HP Polyart/Material/PBR.mat using Guid(d8a4de89336021d488c0a4e9fdad9a2c) Importer(815301076,1909f56bfc062723c751e8b465ee728b)  -> (artifact id: 'c58f9d0b4cafcb6ab7c3ba6be1eed956') in 0.145516 seconds
Number of updated asset objects reloaded before import = 0
Number of asset objects unloaded after import = 6
========================================================================
Received Import Request.
  Time since last request: 0.000022 seconds.
  path: Assets/Unity_content/Enemies/RPGMonsterPartnersPBRPolyart/Animations/Chest Monster/IdleNormal.fbx
  artifactKey: Guid(a28ecc966e5f4b4a9b3f1cd429280ff0) Importer(815301076,1909f56bfc062723c751e8b465ee728b)
Start importing Assets/Unity_content/Enemies/RPGMonsterPartnersPBRPolyart/Animations/Chest Monster/IdleNormal.fbx using Guid(a28ecc966e5f4b4a9b3f1cd429280ff0) Importer(815301076,1909f56bfc062723c751e8b465ee728b)  -> (artifact id: 'bf4c64dd6cd6eac7483c70f4411a043a') in 0.057237 seconds
Number of updated asset objects reloaded before import = 0
Number of asset objects unloaded after import = 56
========================================================================
Received Import Request.
  Time since last request: 0.000035 seconds.
  path: Assets/Unity_content/Enemies/RPGMonsterPartnersPBRPolyart/Animations/Chest Monster/SenseSomethingST.fbx
  artifactKey: Guid(602f2a3e8cb44416896ff89d5585d5c1) Importer(815301076,1909f56bfc062723c751e8b465ee728b)
Start importing Assets/Unity_content/Enemies/RPGMonsterPartnersPBRPolyart/Animations/Chest Monster/SenseSomethingST.fbx using Guid(602f2a3e8cb44416896ff89d5585d5c1) Importer(815301076,1909f56bfc062723c751e8b465ee728b)  -> (artifact id: '164a5468a051dd52f68d1f483e247790') in 0.041173 seconds
Number of updated asset objects reloaded before import = 0
Number of asset objects unloaded after import = 56
========================================================================
Received Import Request.
  Time since last request: 0.000022 seconds.
  path: Assets/Unity_content/Environment/Cody Dreams/Low Poly Stylized Nature/Matereals/Nother lights.mat
  artifactKey: Guid(9e7711977f3d82c4a8d16efdc07d1c61) Importer(815301076,1909f56bfc062723c751e8b465ee728b)
Start importing Assets/Unity_content/Environment/Cody Dreams/Low Poly Stylized Nature/Matereals/Nother lights.mat using Guid(9e7711977f3d82c4a8d16efdc07d1c61) Importer(815301076,1909f56bfc062723c751e8b465ee728b)  -> (artifact id: '7720978d59c1e08e0cd0883ec672200b') in 0.012956 seconds
Number of updated asset objects reloaded before import = 0
Number of asset objects unloaded after import = 2
========================================================================
Received Import Request.
  Time since last request: 0.000025 seconds.
  path: Assets/Unity_content/Enemies/RPG Monster DUO PBR Polyart/Materials/PBRDefault.mat
  artifactKey: Guid(d9c0226bd4324f01bc178cf4a515ef84) Importer(815301076,1909f56bfc062723c751e8b465ee728b)
Start importing Assets/Unity_content/Enemies/RPG Monster DUO PBR Polyart/Materials/PBRDefault.mat using Guid(d9c0226bd4324f01bc178cf4a515ef84) Importer(815301076,1909f56bfc062723c751e8b465ee728b)  -> (artifact id: '6c93791871326f92b12cedd137c13209') in 0.054835 seconds
Number of updated asset objects reloaded before import = 0
Number of asset objects unloaded after import = 4
========================================================================
Received Import Request.
  Time since last request: 0.000018 seconds.
  path: Assets/Unity_content/Enemies/Mini Legion Rock Golem PBR HP Polyart/Materials/PBR_Golem.mat
  artifactKey: Guid(63d68c3ba5d7b90418069b96d9c35a4a) Importer(815301076,1909f56bfc062723c751e8b465ee728b)
Start importing Assets/Unity_content/Enemies/Mini Legion Rock Golem PBR HP Polyart/Materials/PBR_Golem.mat using Guid(63d68c3ba5d7b90418069b96d9c35a4a) Importer(815301076,1909f56bfc062723c751e8b465ee728b)  -> (artifact id: 'd143f85690488660de68e61521e8c12c') in 0.282299 seconds
Number of updated asset objects reloaded before import = 0
Number of asset objects unloaded after import = 6
========================================================================
Received Import Request.
  Time since last request: 0.000019 seconds.
  path: Assets/Unity_content/Effects/Vefects/Trails VFX/VFX/Materials/M_VFX_Trail_Void_02.mat
  artifactKey: Guid(e0509039f80d3b0469f1795b1dcb3b19) Importer(815301076,1909f56bfc062723c751e8b465ee728b)
Start importing Assets/Unity_content/Effects/Vefects/Trails VFX/VFX/Materials/M_VFX_Trail_Void_02.mat using Guid(e0509039f80d3b0469f1795b1dcb3b19) Importer(815301076,1909f56bfc062723c751e8b465ee728b)  -> (artifact id: 'e78e06382aa9231d1509fcfdb2ae08fd') in 0.016786 seconds
Number of updated asset objects reloaded before import = 0
Number of asset objects unloaded after import = 3
========================================================================
Received Import Request.
  Time since last request: 0.000033 seconds.
  path: Assets/Unity_content/Environment/Cody Dreams/Low Poly Stylized Nature/Shaders/water.shadergraph
  artifactKey: Guid(14ab97543210bbb4689ce0561074ec45) Importer(815301076,1909f56bfc062723c751e8b465ee728b)
Start importing Assets/Unity_content/Environment/Cody Dreams/Low Poly Stylized Nature/Shaders/water.shadergraph using Guid(14ab97543210bbb4689ce0561074ec45) Importer(815301076,1909f56bfc062723c751e8b465ee728b)  -> (artifact id: '80ff274e12f65c03701a728d36647b32') in 0.019388 seconds
Number of updated asset objects reloaded before import = 0
Number of asset objects unloaded after import = 3
========================================================================
Received Import Request.
  Time since last request: 0.000016 seconds.
  path: Assets/Unity_content/Effects/Vefects/Trails VFX/VFX/Materials/M_VFX_Trail_Cosmos_01.mat
  artifactKey: Guid(2a9cf3ff8eac1924fbe06543e3af75bb) Importer(815301076,1909f56bfc062723c751e8b465ee728b)
Start importing Assets/Unity_content/Effects/Vefects/Trails VFX/VFX/Materials/M_VFX_Trail_Cosmos_01.mat using Guid(2a9cf3ff8eac1924fbe06543e3af75bb) Importer(815301076,1909f56bfc062723c751e8b465ee728b)  -> (artifact id: 'a2e3b8f159eecf5be08778eab694631a') in 0.019198 seconds
Number of updated asset objects reloaded before import = 0
Number of asset objects unloaded after import = 3
========================================================================
Received Import Request.
  Time since last request: 0.000024 seconds.
  path: Assets/Unity_content/Effects/Vefects/Trails VFX/VFX/Materials/M_VFX_Trail_Electric_02 1.mat
  artifactKey: Guid(7d4aca81c820c5747a2ce8adc5df627a) Importer(815301076,1909f56bfc062723c751e8b465ee728b)
Start importing Assets/Unity_content/Effects/Vefects/Trails VFX/VFX/Materials/M_VFX_Trail_Electric_02 1.mat using Guid(7d4aca81c820c5747a2ce8adc5df627a) Importer(815301076,1909f56bfc062723c751e8b465ee728b)  -> (artifact id: 'bc6764a5c6fe0981599df64aae148108') in 0.021652 seconds
Number of updated asset objects reloaded before import = 0
Number of asset objects unloaded after import = 4
========================================================================
Received Import Request.
  Time since last request: 0.000017 seconds.
  path: Assets/Unity_content/UI/SteampunkUI/Fonts/LiberationSans/LiberationSansGold.mat
  artifactKey: Guid(163a1442b0975b54aa4974766ffd747a) Importer(815301076,1909f56bfc062723c751e8b465ee728b)
Start importing Assets/Unity_content/UI/SteampunkUI/Fonts/LiberationSans/LiberationSansGold.mat using Guid(163a1442b0975b54aa4974766ffd747a) Importer(815301076,1909f56bfc062723c751e8b465ee728b)  -> (artifact id: 'd924f2a9449bfb72cb369121ee21c168') in 0.055844 seconds
Number of updated asset objects reloaded before import = 0
Number of asset objects unloaded after import = 3
Editor requested this worker to shutdown with reason: Scaling down because of idle timeout
AssetImportWorker is now disconnected from the server
Process exiting
Exiting without the bug reporter. Application will terminate with return code 0