Using pre-set license
Built from '2023.1/staging' branch; Version is '2023.1.20f1 (35a524b12060) revision 3515684'; Using compiler version '192829333'; Build Type 'Release'
OS: 'Windows 11  (10.0.22631) 64bit Core' Language: 'en' Physical Memory: 32699 MB
BatchMode: 1, IsHumanControllingUs: 0, StartBugReporterOnCrash: 0, Is64bit: 1, IsPro: 1

COMMAND LINE ARGUMENTS:
C:\Program Files\Unity\Hub\Editor\2023.1.20f1\Editor\Unity.exe
-adb2
-batchMode
-noUpm
-name
AssetImportWorker11
-projectPath
C:/UnityGame/MagicInsector
-logFile
Logs/AssetImportWorker11.log
-srvPort
61824
Successfully changed project path to: C:/UnityGame/MagicInsector
C:/UnityGame/MagicInsector
[UnityMemory] Configuration Parameters - Can be set up in boot.config
    "memorysetup-bucket-allocator-granularity=16"
    "memorysetup-bucket-allocator-bucket-count=8"
    "memorysetup-bucket-allocator-block-size=33554432"
    "memorysetup-bucket-allocator-block-count=8"
    "memorysetup-main-allocator-block-size=16777216"
    "memorysetup-thread-allocator-block-size=16777216"
    "memorysetup-gfx-main-allocator-block-size=16777216"
    "memorysetup-gfx-thread-allocator-block-size=16777216"
    "memorysetup-cache-allocator-block-size=4194304"
    "memorysetup-typetree-allocator-block-size=2097152"
    "memorysetup-profiler-bucket-allocator-granularity=16"
    "memorysetup-profiler-bucket-allocator-bucket-count=8"
    "memorysetup-profiler-bucket-allocator-block-size=33554432"
    "memorysetup-profiler-bucket-allocator-block-count=8"
    "memorysetup-profiler-allocator-block-size=16777216"
    "memorysetup-profiler-editor-allocator-block-size=1048576"
    "memorysetup-temp-allocator-size-main=16777216"
    "memorysetup-job-temp-allocator-block-size=2097152"
    "memorysetup-job-temp-allocator-block-size-background=1048576"
    "memorysetup-job-temp-allocator-reduction-small-platforms=262144"
    "memorysetup-allocator-temp-initial-block-size-main=262144"
    "memorysetup-allocator-temp-initial-block-size-worker=262144"
    "memorysetup-temp-allocator-size-background-worker=32768"
    "memorysetup-temp-allocator-size-job-worker=262144"
    "memorysetup-temp-allocator-size-preload-manager=33554432"
    "memorysetup-temp-allocator-size-nav-mesh-worker=65536"
    "memorysetup-temp-allocator-size-audio-worker=65536"
    "memorysetup-temp-allocator-size-cloud-worker=32768"
    "memorysetup-temp-allocator-size-gi-baking-worker=262144"
    "memorysetup-temp-allocator-size-gfx=262144"
Player connection [4556] Host "[IP] 192.168.0.175 [Port] 0 [Flags] 2 [Guid] 551210649 [EditorId] 551210649 [Version] 1048832 [Id] WindowsEditor(7,DESKTOP-CV2C3R8) [Debug] 1 [PackageName] WindowsEditor [ProjectName] Editor" joined multi-casting on [225.0.0.222:54997]...

Player connection [4556] Host "[IP] 192.168.0.175 [Port] 0 [Flags] 2 [Guid] 551210649 [EditorId] 551210649 [Version] 1048832 [Id] WindowsEditor(7,DESKTOP-CV2C3R8) [Debug] 1 [PackageName] WindowsEditor [ProjectName] Editor" joined alternative multi-casting on [225.0.0.222:34997]...

[Physics::Module] Initialized MultithreadedJobDispatcher with 11 workers.
Library Redirect Path: Library/Refreshing native plugins compatible for Editor in 10.98 ms, found 5 plugins.
Preloading 0 native plugins for Editor in 0.00 ms.
Initialize engine version: 2023.1.20f1 (35a524b12060)
[Subsystems] Discovering subsystems at path C:/Program Files/Unity/Hub/Editor/2023.1.20f1/Editor/Data/Resources/UnitySubsystems
[Subsystems] Discovering subsystems at path C:/UnityGame/MagicInsector/Assets
GfxDevice: creating device client; threaded=0; jobified=0
Direct3D:
    Version:  Direct3D 11.0 [level 11.1]
    Renderer: NVIDIA GeForce RTX 3070 (ID=0x2484)
    Vendor:   NVIDIA
    VRAM:     8018 MB
    Driver:   32.0.15.6590
Initialize mono
Mono path[0] = 'C:/Program Files/Unity/Hub/Editor/2023.1.20f1/Editor/Data/Managed'
Mono path[1] = 'C:/Program Files/Unity/Hub/Editor/2023.1.20f1/Editor/Data/MonoBleedingEdge/lib/mono/unityjit-win32'
Mono config path = 'C:/Program Files/Unity/Hub/Editor/2023.1.20f1/Editor/Data/MonoBleedingEdge/etc'
Using monoOptions --debugger-agent=transport=dt_socket,embedding=1,server=y,suspend=n,address=127.0.0.1:56876
Begin MonoManager ReloadAssembly
C:\build\output\Unity-Technologies\mono\mono\metadata\icall.c:1842:
C:\build\output\Unity-Technologies\mono\mono\metadata\icall.c:1842:
C:\build\output\Unity-Technologies\mono\mono\metadata\icall.c:1842:
C:\build\output\Unity-Technologies\mono\mono\metadata\icall.c:1842:
C:\build\output\Unity-Technologies\mono\mono\metadata\icall.c:1842:
C:\build\output\Unity-Technologies\mono\mono\metadata\icall.c:1842:
C:\build\output\Unity-Technologies\mono\mono\metadata\icall.c:1842:
C:\build\output\Unity-Technologies\mono\mono\metadata\icall.c:1842:
C:\build\output\Unity-Technologies\mono\mono\metadata\icall.c:1842:
C:\build\output\Unity-Technologies\mono\mono\metadata\icall.c:1842:
Registering precompiled unity dll's ...
Register platform support module: C:/Program Files/Unity/Hub/Editor/2023.1.20f1/Editor/Data/PlaybackEngines/WindowsStandaloneSupport/UnityEditor.WindowsStandalone.Extensions.dll
Register platform support module: C:/Program Files/Unity/Hub/Editor/2023.1.20f1/Editor/Data/PlaybackEngines/MetroSupport/UnityEditor.UWP.Extensions.dll
Register platform support module: C:/Program Files/Unity/Hub/Editor/2023.1.20f1/Editor/Data/PlaybackEngines/AndroidPlayer/UnityEditor.Android.Extensions.dll
Registered in 0.005895 seconds.
- Loaded All Assemblies, in  0.430 seconds
Native extension for Android target not found
Android Extension - Scanning For ADB Devices 293 ms
Native extension for UWP target not found
Native extension for WindowsStandalone target not found
Mono: successfully reloaded assembly
C:\build\output\Unity-Technologies\mono\mono\metadata\icall.c:1842:
C:\build\output\Unity-Technologies\mono\mono\metadata\icall.c:1842:
- Finished resetting the current domain, in  0.698 seconds
Domain Reload Profiling: 1125ms
	BeginReloadAssembly (134ms)
		ExecutionOrderSort (0ms)
		DisableScriptedObjects (0ms)
		BackupInstance (0ms)
		ReleaseScriptingObjects (0ms)
		CreateAndSetChildDomain (1ms)
	RebuildCommonClasses (37ms)
	RebuildNativeTypeToScriptingClass (14ms)
	initialDomainReloadingComplete (56ms)
	LoadAllAssembliesAndSetupDomain (187ms)
		LoadAssemblies (130ms)
		RebuildTransferFunctionScriptingTraits (0ms)
		AnalyzeDomain (181ms)
			TypeCache.Refresh (179ms)
				TypeCache.ScanAssembly (162ms)
			ScanForSourceGeneratedMonoScriptInfo (0ms)
			ResolveRequiredComponents (0ms)
	FinalizeReload (698ms)
		ReleaseScriptCaches (0ms)
		RebuildScriptCaches (0ms)
		SetupLoadedEditorAssemblies (620ms)
			LogAssemblyErrors (0ms)
			InitializePlatformSupportModulesInManaged (411ms)
			SetLoadedEditorAssemblies (3ms)
			BeforeProcessingInitializeOnLoad (7ms)
			ProcessInitializeOnLoadAttributes (138ms)
			ProcessInitializeOnLoadMethodAttributes (61ms)
			AfterProcessingInitializeOnLoad (0ms)
			EditorAssembliesLoaded (0ms)
		ExecutionOrderSort2 (0ms)
		AwakeInstancesAfterBackupRestoration (0ms)
========================================================================
Worker process is ready to serve import requests
Import Worker Mode flag is 0x00
Begin MonoManager ReloadAssembly
C:\build\output\Unity-Technologies\mono\mono\metadata\icall.c:1842:
C:\build\output\Unity-Technologies\mono\mono\metadata\icall.c:1842:
C:\build\output\Unity-Technologies\mono\mono\metadata\icall.c:1842:
C:\build\output\Unity-Technologies\mono\mono\metadata\icall.c:1842:
C:\build\output\Unity-Technologies\mono\mono\metadata\icall.c:1842:
C:\build\output\Unity-Technologies\mono\mono\metadata\icall.c:1842:
C:\build\output\Unity-Technologies\mono\mono\metadata\icall.c:1842:
C:\build\output\Unity-Technologies\mono\mono\metadata\icall.c:1842:
C:\build\output\Unity-Technologies\mono\mono\metadata\icall.c:1842:
C:\build\output\Unity-Technologies\mono\mono\metadata\icall.c:1842:
C:\build\output\Unity-Technologies\mono\mono\metadata\icall.c:1842:
C:\build\output\Unity-Technologies\mono\mono\metadata\icall.c:1842:
- Loaded All Assemblies, in  1.000 seconds
Refreshing native plugins compatible for Editor in 6.66 ms, found 5 plugins.
Native extension for Android target not found
Native extension for UWP target not found
Native extension for WindowsStandalone target not found
[MODES] ModeService[none].Initialize
[MODES] ModeService[none].LoadModes
[MODES] Loading mode Default (0) for mode-current-id-TD
Mono: successfully reloaded assembly
- Finished resetting the current domain, in  0.854 seconds
Domain Reload Profiling: 1850ms
	BeginReloadAssembly (287ms)
		ExecutionOrderSort (0ms)
		DisableScriptedObjects (6ms)
		BackupInstance (0ms)
		ReleaseScriptingObjects (0ms)
		CreateAndSetChildDomain (36ms)
	RebuildCommonClasses (44ms)
	RebuildNativeTypeToScriptingClass (13ms)
	initialDomainReloadingComplete (43ms)
	LoadAllAssembliesAndSetupDomain (609ms)
		LoadAssemblies (346ms)
		RebuildTransferFunctionScriptingTraits (0ms)
		AnalyzeDomain (357ms)
			TypeCache.Refresh (324ms)
				TypeCache.ScanAssembly (308ms)
			ScanForSourceGeneratedMonoScriptInfo (23ms)
			ResolveRequiredComponents (9ms)
	FinalizeReload (855ms)
		ReleaseScriptCaches (0ms)
		RebuildScriptCaches (0ms)
		SetupLoadedEditorAssemblies (628ms)
			LogAssemblyErrors (0ms)
			InitializePlatformSupportModulesInManaged (22ms)
			SetLoadedEditorAssemblies (3ms)
			BeforeProcessingInitializeOnLoad (87ms)
			ProcessInitializeOnLoadAttributes (481ms)
			ProcessInitializeOnLoadMethodAttributes (29ms)
			AfterProcessingInitializeOnLoad (6ms)
			EditorAssembliesLoaded (0ms)
		ExecutionOrderSort2 (0ms)
		AwakeInstancesAfterBackupRestoration (6ms)
Launched and connected shader compiler UnityShaderCompiler.exe after 0.01 seconds
Refreshing native plugins compatible for Editor in 6.58 ms, found 5 plugins.
Preloading 0 native plugins for Editor in 0.00 ms.
Unloading 4217 Unused Serialized files (Serialized files now loaded: 0)
Unloading 113 unused Assets / (4.3 MB). Loaded Objects now: 4755.
Memory consumption went from 250.7 MB to 246.3 MB.
Total: 6.066500 ms (FindLiveObjects: 0.442800 ms CreateObjectMapping: 0.103400 ms MarkObjects: 4.232000 ms  DeleteObjects: 1.287100 ms)

AssetImportParameters requested are different than current active one (requested -> active):
  custom:video-decoder-webm-vp8: 9c59270c3fd7afecdb556c50c9e8de78 -> 
  custom:SearchIndexIgnoredProperties: e643bd26f0fe6173181afceb89e7c659 -> 
  custom:audio-encoder-webm-vorbis: bf7c407c2cedff20999df2af8eb42d56 -> 
  custom:AudioImporter_EditorPlatform: d09bf68614088b80899f8185d706f6e7 -> 
  custom:audio-decoder-ogg-vorbis: bf7c407c2cedff20999df2af8eb42d56 -> 
  custom:video-encoder-webm-vp8: eb34c28f22e8b96e1ab97ce403110664 -> 
  custom:container-demuxer-ogg: 62fdf1f143b41e24485cea50d1cbac27 -> 
  custom:framework-win-MediaFoundation: 216162199b28c13a410421893ffa2e32 -> 
  custom:video-decoder-ogg-theora: a1e56fd34408186e4bbccfd4996cb3dc -> 
  custom:container-muxer-webm: aa71ff27fc2769a1b78a27578f13a17b -> 
  custom:video-codec-MediaFoundation-h265: 746d11721c4dcdbdad8f713fa42b33f4 -> 
  custom:CustomObjectIndexerAttribute: d54d2f2da18e7612c182cf67624b6b12 -> 
  custom:container-demuxer-webm: 4f35f7cbe854078d1ac9338744f61a02 -> 
========================================================================
Received Import Request.
  Time since last request: 786897.154619 seconds.
  path: Assets/Unity_content/Textures/StylizedLavaTextures/Dry_Lava/Dry_Lava.mat
  artifactKey: Guid(c4f5b5fe4dd970a418b1187690e3d631) Importer(815301076,1909f56bfc062723c751e8b465ee728b)
Start importing Assets/Unity_content/Textures/StylizedLavaTextures/Dry_Lava/Dry_Lava.mat using Guid(c4f5b5fe4dd970a418b1187690e3d631) Importer(815301076,1909f56bfc062723c751e8b465ee728b)  -> (artifact id: '7da1d9eb860710b8b822ad09a60f8227') in 0.131492 seconds
Number of updated asset objects reloaded before import = 0
Number of asset objects unloaded after import = 4
========================================================================
Received Import Request.
  Time since last request: 0.681054 seconds.
  path: Assets/Unity_content/Textures/StylizedLavaTextures/Rock_Ground_Cliff_1/Rock_Ground_Cliff_1.mat
  artifactKey: Guid(a74af49949acb0945b8396d6fa7b0bc5) Importer(815301076,1909f56bfc062723c751e8b465ee728b)
Start importing Assets/Unity_content/Textures/StylizedLavaTextures/Rock_Ground_Cliff_1/Rock_Ground_Cliff_1.mat using Guid(a74af49949acb0945b8396d6fa7b0bc5) Importer(815301076,1909f56bfc062723c751e8b465ee728b)  -> (artifact id: 'a33fe1eb17dbd335651a8db3f6ff2a93') in 0.029714 seconds
Number of updated asset objects reloaded before import = 0
Number of asset objects unloaded after import = 4
========================================================================
Received Import Request.
  Time since last request: 0.000018 seconds.
  path: Assets/Unity_content/Textures/StylizedLavaTextures/Rock_Ground_Cliff_1/Rock_Ground_Cliff_1_Roughness.png
  artifactKey: Guid(f386abe775e9a57459e8aeba11ad0fe8) Importer(815301076,1909f56bfc062723c751e8b465ee728b)
Start importing Assets/Unity_content/Textures/StylizedLavaTextures/Rock_Ground_Cliff_1/Rock_Ground_Cliff_1_Roughness.png using Guid(f386abe775e9a57459e8aeba11ad0fe8) Importer(815301076,1909f56bfc062723c751e8b465ee728b)  -> (artifact id: '1fe6dc05e6a8b9f4b631ba1600144c53') in 0.024740 seconds
Number of updated asset objects reloaded before import = 0
Number of asset objects unloaded after import = 2
========================================================================
Received Import Request.
  Time since last request: 13.377565 seconds.
  path: Assets/Unity_content/Textures/StylizedForestTextures/Grass_Mud/Grass_Mud.mat
  artifactKey: Guid(aa687d57e9cbd134b8545550b4ab507c) Importer(815301076,1909f56bfc062723c751e8b465ee728b)
Start importing Assets/Unity_content/Textures/StylizedForestTextures/Grass_Mud/Grass_Mud.mat using Guid(aa687d57e9cbd134b8545550b4ab507c) Importer(815301076,1909f56bfc062723c751e8b465ee728b)  -> (artifact id: 'cd7bee243e6a1f90b4222603523a3847') in 0.239315 seconds
Number of updated asset objects reloaded before import = 0
Number of asset objects unloaded after import = 5
========================================================================
Received Import Request.
  Time since last request: 181.990027 seconds.
  path: Assets/Cody Dreams/Low Poly Stylized Nature/Matereals/Cloud.mat
  artifactKey: Guid(eeb7b19e96c7df4498299aa77c4316f5) Importer(815301076,1909f56bfc062723c751e8b465ee728b)
Start importing Assets/Cody Dreams/Low Poly Stylized Nature/Matereals/Cloud.mat using Guid(eeb7b19e96c7df4498299aa77c4316f5) Importer(815301076,1909f56bfc062723c751e8b465ee728b)  -> (artifact id: '6cb7dbf5187c283bb1940d5488c590cc') in 0.011971 seconds
Number of updated asset objects reloaded before import = 0
Number of asset objects unloaded after import = 2
========================================================================
Received Import Request.
  Time since last request: 0.000014 seconds.
  path: Assets/Cody Dreams/Low Poly Stylized Nature/Matereals/Rock.mat
  artifactKey: Guid(4886aa93276f3e94a842a4d97c3f9037) Importer(815301076,1909f56bfc062723c751e8b465ee728b)
Start importing Assets/Cody Dreams/Low Poly Stylized Nature/Matereals/Rock.mat using Guid(4886aa93276f3e94a842a4d97c3f9037) Importer(815301076,1909f56bfc062723c751e8b465ee728b)  -> (artifact id: 'f333f870754247e0326fee3c8c765e10') in 0.007824 seconds
Number of updated asset objects reloaded before import = 0
Number of asset objects unloaded after import = 2
========================================================================
Received Import Request.
  Time since last request: 0.000022 seconds.
  path: Assets/Cody Dreams/Low Poly Stylized Nature/Matereals/Skybox.mat
  artifactKey: Guid(fb50d0be0757d1c43b60c9936371a68b) Importer(815301076,1909f56bfc062723c751e8b465ee728b)
Start importing Assets/Cody Dreams/Low Poly Stylized Nature/Matereals/Skybox.mat using Guid(fb50d0be0757d1c43b60c9936371a68b) Importer(815301076,1909f56bfc062723c751e8b465ee728b)  -> (artifact id: 'd7102f361b36095e20931ea7650eec32') in 0.678741 seconds
Number of updated asset objects reloaded before import = 0
Number of asset objects unloaded after import = 2
========================================================================
Received Import Request.
  Time since last request: 0.653329 seconds.
  path: Assets/Cody Dreams/Low Poly Stylized Nature/Textures/Flower pallate.png
  artifactKey: Guid(d56f8ee12d992fa44a396f5788812693) Importer(815301076,1909f56bfc062723c751e8b465ee728b)
Start importing Assets/Cody Dreams/Low Poly Stylized Nature/Textures/Flower pallate.png using Guid(d56f8ee12d992fa44a396f5788812693) Importer(815301076,1909f56bfc062723c751e8b465ee728b)  -> (artifact id: 'e47d8d5c4ee0a36f6099d54d60f10f2b') in 0.016493 seconds
Number of updated asset objects reloaded before import = 0
Number of asset objects unloaded after import = 2
========================================================================
Received Import Request.
  Time since last request: 0.000112 seconds.
  path: Assets/Cody Dreams/Low Poly Stylized Nature/Textures/Water Normal.png
  artifactKey: Guid(3bd52d67f952574429962f31dfcaf490) Importer(815301076,1909f56bfc062723c751e8b465ee728b)
Start importing Assets/Cody Dreams/Low Poly Stylized Nature/Textures/Water Normal.png using Guid(3bd52d67f952574429962f31dfcaf490) Importer(815301076,1909f56bfc062723c751e8b465ee728b)  -> (artifact id: 'ae712c9cb1c25a8885ff320273494b10') in 0.020310 seconds
Number of updated asset objects reloaded before import = 0
Number of asset objects unloaded after import = 2
========================================================================
Received Import Request.
  Time since last request: 1.271825 seconds.
  path: Assets/Cody Dreams/Low Poly Stylized Nature/Textures/grass/Grass Color.png
  artifactKey: Guid(91bd7d63ffe038a4ab723d2f8ae3c47c) Importer(815301076,1909f56bfc062723c751e8b465ee728b)
Start importing Assets/Cody Dreams/Low Poly Stylized Nature/Textures/grass/Grass Color.png using Guid(91bd7d63ffe038a4ab723d2f8ae3c47c) Importer(815301076,1909f56bfc062723c751e8b465ee728b)  -> (artifact id: '208049cb0156ffadc09b9bac09acda0b') in 0.016401 seconds
Number of updated asset objects reloaded before import = 0
Number of asset objects unloaded after import = 2
========================================================================
Received Import Request.
  Time since last request: 0.000018 seconds.
  path: Assets/Cody Dreams/Low Poly Stylized Nature/Textures/grass/Grass Normal.png
  artifactKey: Guid(20444c16375012d4889da773510f4a7f) Importer(815301076,1909f56bfc062723c751e8b465ee728b)
Start importing Assets/Cody Dreams/Low Poly Stylized Nature/Textures/grass/Grass Normal.png using Guid(20444c16375012d4889da773510f4a7f) Importer(815301076,1909f56bfc062723c751e8b465ee728b)  -> (artifact id: '68c0b472b43513d216f5566f75b4b165') in 0.018120 seconds
Number of updated asset objects reloaded before import = 0
Number of asset objects unloaded after import = 2
========================================================================
Received Import Request.
  Time since last request: 0.373042 seconds.
  path: Assets/Cody Dreams/Low Poly Stylized Nature/Textures/Rock/Rcok Color.png
  artifactKey: Guid(3cc22fb5c0e04be469334a9828196cb0) Importer(815301076,1909f56bfc062723c751e8b465ee728b)
Start importing Assets/Cody Dreams/Low Poly Stylized Nature/Textures/Rock/Rcok Color.png using Guid(3cc22fb5c0e04be469334a9828196cb0) Importer(815301076,1909f56bfc062723c751e8b465ee728b)  -> (artifact id: '5ef1ecd44c78f0b15032f5fdb9dcf30b') in 0.018444 seconds
Number of updated asset objects reloaded before import = 0
Number of asset objects unloaded after import = 2
========================================================================
Received Import Request.
  Time since last request: 0.541061 seconds.
  path: Assets/Cody Dreams/Low Poly Stylized Nature/Textures/Sand/Sand Color.png
  artifactKey: Guid(fb6c5be89489f9f4ab848ffd17a7757a) Importer(815301076,1909f56bfc062723c751e8b465ee728b)
Start importing Assets/Cody Dreams/Low Poly Stylized Nature/Textures/Sand/Sand Color.png using Guid(fb6c5be89489f9f4ab848ffd17a7757a) Importer(815301076,1909f56bfc062723c751e8b465ee728b)  -> (artifact id: 'c424501ce064fec8ec72e1d20e16712c') in 0.017235 seconds
Number of updated asset objects reloaded before import = 0
Number of asset objects unloaded after import = 2
========================================================================
Received Import Request.
  Time since last request: 0.502135 seconds.
  path: Assets/Cody Dreams/Low Poly Stylized Nature/Textures/Snow/Snow Color.png
  artifactKey: Guid(dfcba5781cf5790459c75bda81102882) Importer(815301076,1909f56bfc062723c751e8b465ee728b)
Start importing Assets/Cody Dreams/Low Poly Stylized Nature/Textures/Snow/Snow Color.png using Guid(dfcba5781cf5790459c75bda81102882) Importer(815301076,1909f56bfc062723c751e8b465ee728b)  -> (artifact id: 'ba6ba943995481b13dfbb96973008e2b') in 0.016759 seconds
Number of updated asset objects reloaded before import = 0
Number of asset objects unloaded after import = 2
========================================================================
Received Import Request.
  Time since last request: 6.470388 seconds.
  path: Assets/3.png
  artifactKey: Guid(9cff4c422a13fbc449d086d2ce4e7397) Importer(815301076,1909f56bfc062723c751e8b465ee728b)
Start importing Assets/3.png using Guid(9cff4c422a13fbc449d086d2ce4e7397) Importer(815301076,1909f56bfc062723c751e8b465ee728b)  -> (artifact id: 'd778d1cecd1956dba9b3b13329986775') in 0.024671 seconds
Number of updated asset objects reloaded before import = 0
Number of asset objects unloaded after import = 2
========================================================================
Received Import Request.
  Time since last request: 0.000051 seconds.
  path: Assets/New Terrain 3.asset
  artifactKey: Guid(7e8ee5ae85208354183b4acd7129396a) Importer(815301076,1909f56bfc062723c751e8b465ee728b)
Start importing Assets/New Terrain 3.asset using Guid(7e8ee5ae85208354183b4acd7129396a) Importer(815301076,1909f56bfc062723c751e8b465ee728b)  -> (artifact id: '76146145331753ce62ce62250660cb6f') in 0.014344 seconds
Number of updated asset objects reloaded before import = 0
Number of asset objects unloaded after import = 42
Editor requested this worker to shutdown with reason: Scaling down because of idle timeout
AssetImportWorker is now disconnected from the server
Process exiting
Exiting without the bug reporter. Application will terminate with return code 0