Using pre-set license
Built from '2023.1/staging' branch; Version is '2023.1.20f1 (35a524b12060) revision 3515684'; Using compiler version '192829333'; Build Type 'Release'
OS: 'Windows 11  (10.0.22631) 64bit Core' Language: 'en' Physical Memory: 32699 MB
BatchMode: 1, IsHumanControllingUs: 0, StartBugReporterOnCrash: 0, Is64bit: 1, IsPro: 1

COMMAND LINE ARGUMENTS:
C:\Program Files\Unity\Hub\Editor\2023.1.20f1\Editor\Unity.exe
-adb2
-batchMode
-noUpm
-name
AssetImportWorker0
-projectPath
C:/UnityGame/MagicInsector
-logFile
Logs/AssetImportWorker0.log
-srvPort
61255
Successfully changed project path to: C:/UnityGame/MagicInsector
C:/UnityGame/MagicInsector
[UnityMemory] Configuration Parameters - Can be set up in boot.config
    "memorysetup-bucket-allocator-granularity=16"
    "memorysetup-bucket-allocator-bucket-count=8"
    "memorysetup-bucket-allocator-block-size=33554432"
    "memorysetup-bucket-allocator-block-count=8"
    "memorysetup-main-allocator-block-size=16777216"
    "memorysetup-thread-allocator-block-size=16777216"
    "memorysetup-gfx-main-allocator-block-size=16777216"
    "memorysetup-gfx-thread-allocator-block-size=16777216"
    "memorysetup-cache-allocator-block-size=4194304"
    "memorysetup-typetree-allocator-block-size=2097152"
    "memorysetup-profiler-bucket-allocator-granularity=16"
    "memorysetup-profiler-bucket-allocator-bucket-count=8"
    "memorysetup-profiler-bucket-allocator-block-size=33554432"
    "memorysetup-profiler-bucket-allocator-block-count=8"
    "memorysetup-profiler-allocator-block-size=16777216"
    "memorysetup-profiler-editor-allocator-block-size=1048576"
    "memorysetup-temp-allocator-size-main=16777216"
    "memorysetup-job-temp-allocator-block-size=2097152"
    "memorysetup-job-temp-allocator-block-size-background=1048576"
    "memorysetup-job-temp-allocator-reduction-small-platforms=262144"
    "memorysetup-allocator-temp-initial-block-size-main=262144"
    "memorysetup-allocator-temp-initial-block-size-worker=262144"
    "memorysetup-temp-allocator-size-background-worker=32768"
    "memorysetup-temp-allocator-size-job-worker=262144"
    "memorysetup-temp-allocator-size-preload-manager=33554432"
    "memorysetup-temp-allocator-size-nav-mesh-worker=65536"
    "memorysetup-temp-allocator-size-audio-worker=65536"
    "memorysetup-temp-allocator-size-cloud-worker=32768"
    "memorysetup-temp-allocator-size-gi-baking-worker=262144"
    "memorysetup-temp-allocator-size-gfx=262144"
Player connection [31972] Host "[IP] 192.168.0.175 [Port] 0 [Flags] 2 [Guid] 3863002956 [EditorId] 3863002956 [Version] 1048832 [Id] WindowsEditor(7,DESKTOP-CV2C3R8) [Debug] 1 [PackageName] WindowsEditor [ProjectName] Editor" joined multi-casting on [225.0.0.222:54997]...

Player connection [31972] Host "[IP] 192.168.0.175 [Port] 0 [Flags] 2 [Guid] 3863002956 [EditorId] 3863002956 [Version] 1048832 [Id] WindowsEditor(7,DESKTOP-CV2C3R8) [Debug] 1 [PackageName] WindowsEditor [ProjectName] Editor" joined alternative multi-casting on [225.0.0.222:34997]...

[Physics::Module] Initialized MultithreadedJobDispatcher with 11 workers.
Library Redirect Path: Library/Refreshing native plugins compatible for Editor in 12.22 ms, found 5 plugins.
Preloading 0 native plugins for Editor in 0.00 ms.
Initialize engine version: 2023.1.20f1 (35a524b12060)
[Subsystems] Discovering subsystems at path C:/Program Files/Unity/Hub/Editor/2023.1.20f1/Editor/Data/Resources/UnitySubsystems
[Subsystems] Discovering subsystems at path C:/UnityGame/MagicInsector/Assets
GfxDevice: creating device client; threaded=0; jobified=0
Direct3D:
    Version:  Direct3D 11.0 [level 11.1]
    Renderer: NVIDIA GeForce RTX 3070 (ID=0x2484)
    Vendor:   NVIDIA
    VRAM:     8018 MB
    Driver:   32.0.15.6590
Initialize mono
Mono path[0] = 'C:/Program Files/Unity/Hub/Editor/2023.1.20f1/Editor/Data/Managed'
Mono path[1] = 'C:/Program Files/Unity/Hub/Editor/2023.1.20f1/Editor/Data/MonoBleedingEdge/lib/mono/unityjit-win32'
Mono config path = 'C:/Program Files/Unity/Hub/Editor/2023.1.20f1/Editor/Data/MonoBleedingEdge/etc'
Using monoOptions --debugger-agent=transport=dt_socket,embedding=1,server=y,suspend=n,address=127.0.0.1:56340
Begin MonoManager ReloadAssembly
C:\build\output\Unity-Technologies\mono\mono\metadata\icall.c:1842:
C:\build\output\Unity-Technologies\mono\mono\metadata\icall.c:1842:
C:\build\output\Unity-Technologies\mono\mono\metadata\icall.c:1842:
C:\build\output\Unity-Technologies\mono\mono\metadata\icall.c:1842:
C:\build\output\Unity-Technologies\mono\mono\metadata\icall.c:1842:
C:\build\output\Unity-Technologies\mono\mono\metadata\icall.c:1842:
C:\build\output\Unity-Technologies\mono\mono\metadata\icall.c:1842:
C:\build\output\Unity-Technologies\mono\mono\metadata\icall.c:1842:
C:\build\output\Unity-Technologies\mono\mono\metadata\icall.c:1842:
C:\build\output\Unity-Technologies\mono\mono\metadata\icall.c:1842:
Registering precompiled unity dll's ...
Register platform support module: C:/Program Files/Unity/Hub/Editor/2023.1.20f1/Editor/Data/PlaybackEngines/WindowsStandaloneSupport/UnityEditor.WindowsStandalone.Extensions.dll
Register platform support module: C:/Program Files/Unity/Hub/Editor/2023.1.20f1/Editor/Data/PlaybackEngines/MetroSupport/UnityEditor.UWP.Extensions.dll
Register platform support module: C:/Program Files/Unity/Hub/Editor/2023.1.20f1/Editor/Data/PlaybackEngines/AndroidPlayer/UnityEditor.Android.Extensions.dll
Registered in 0.006609 seconds.
- Loaded All Assemblies, in  0.461 seconds
Native extension for Android target not found
Android Extension - Scanning For ADB Devices 322 ms
Native extension for UWP target not found
Native extension for WindowsStandalone target not found
Mono: successfully reloaded assembly
C:\build\output\Unity-Technologies\mono\mono\metadata\icall.c:1842:
C:\build\output\Unity-Technologies\mono\mono\metadata\icall.c:1842:
- Finished resetting the current domain, in  0.759 seconds
Domain Reload Profiling: 1217ms
	BeginReloadAssembly (139ms)
		ExecutionOrderSort (0ms)
		DisableScriptedObjects (0ms)
		BackupInstance (0ms)
		ReleaseScriptingObjects (0ms)
		CreateAndSetChildDomain (1ms)
	RebuildCommonClasses (42ms)
	RebuildNativeTypeToScriptingClass (15ms)
	initialDomainReloadingComplete (60ms)
	LoadAllAssembliesAndSetupDomain (202ms)
		LoadAssemblies (135ms)
		RebuildTransferFunctionScriptingTraits (0ms)
		AnalyzeDomain (196ms)
			TypeCache.Refresh (194ms)
				TypeCache.ScanAssembly (180ms)
			ScanForSourceGeneratedMonoScriptInfo (1ms)
			ResolveRequiredComponents (0ms)
	FinalizeReload (759ms)
		ReleaseScriptCaches (0ms)
		RebuildScriptCaches (0ms)
		SetupLoadedEditorAssemblies (707ms)
			LogAssemblyErrors (0ms)
			InitializePlatformSupportModulesInManaged (447ms)
			SetLoadedEditorAssemblies (4ms)
			BeforeProcessingInitializeOnLoad (9ms)
			ProcessInitializeOnLoadAttributes (165ms)
			ProcessInitializeOnLoadMethodAttributes (81ms)
			AfterProcessingInitializeOnLoad (0ms)
			EditorAssembliesLoaded (0ms)
		ExecutionOrderSort2 (0ms)
		AwakeInstancesAfterBackupRestoration (0ms)
========================================================================
Worker process is ready to serve import requests
Import Worker Mode flag is 0x00
Begin MonoManager ReloadAssembly
C:\build\output\Unity-Technologies\mono\mono\metadata\icall.c:1842:
C:\build\output\Unity-Technologies\mono\mono\metadata\icall.c:1842:
C:\build\output\Unity-Technologies\mono\mono\metadata\icall.c:1842:
C:\build\output\Unity-Technologies\mono\mono\metadata\icall.c:1842:
C:\build\output\Unity-Technologies\mono\mono\metadata\icall.c:1842:
C:\build\output\Unity-Technologies\mono\mono\metadata\icall.c:1842:
C:\build\output\Unity-Technologies\mono\mono\metadata\icall.c:1842:
C:\build\output\Unity-Technologies\mono\mono\metadata\icall.c:1842:
C:\build\output\Unity-Technologies\mono\mono\metadata\icall.c:1842:
C:\build\output\Unity-Technologies\mono\mono\metadata\icall.c:1842:
C:\build\output\Unity-Technologies\mono\mono\metadata\icall.c:1842:
C:\build\output\Unity-Technologies\mono\mono\metadata\icall.c:1842:
- Loaded All Assemblies, in  1.096 seconds
Refreshing native plugins compatible for Editor in 5.67 ms, found 5 plugins.
Native extension for Android target not found
Native extension for UWP target not found
Native extension for WindowsStandalone target not found
[MODES] ModeService[none].Initialize
[MODES] ModeService[none].LoadModes
[MODES] Loading mode Default (0) for mode-current-id-TD
Mono: successfully reloaded assembly
- Finished resetting the current domain, in  1.102 seconds
Domain Reload Profiling: 2194ms
	BeginReloadAssembly (336ms)
		ExecutionOrderSort (0ms)
		DisableScriptedObjects (7ms)
		BackupInstance (0ms)
		ReleaseScriptingObjects (0ms)
		CreateAndSetChildDomain (46ms)
	RebuildCommonClasses (44ms)
	RebuildNativeTypeToScriptingClass (14ms)
	initialDomainReloadingComplete (45ms)
	LoadAllAssembliesAndSetupDomain (652ms)
		LoadAssemblies (372ms)
		RebuildTransferFunctionScriptingTraits (0ms)
		AnalyzeDomain (394ms)
			TypeCache.Refresh (355ms)
				TypeCache.ScanAssembly (339ms)
			ScanForSourceGeneratedMonoScriptInfo (26ms)
			ResolveRequiredComponents (11ms)
	FinalizeReload (1103ms)
		ReleaseScriptCaches (0ms)
		RebuildScriptCaches (0ms)
		SetupLoadedEditorAssemblies (837ms)
			LogAssemblyErrors (0ms)
			InitializePlatformSupportModulesInManaged (24ms)
			SetLoadedEditorAssemblies (3ms)
			BeforeProcessingInitializeOnLoad (99ms)
			ProcessInitializeOnLoadAttributes (672ms)
			ProcessInitializeOnLoadMethodAttributes (32ms)
			AfterProcessingInitializeOnLoad (7ms)
			EditorAssembliesLoaded (0ms)
		ExecutionOrderSort2 (0ms)
		AwakeInstancesAfterBackupRestoration (8ms)
Launched and connected shader compiler UnityShaderCompiler.exe after 0.24 seconds
Refreshing native plugins compatible for Editor in 23.51 ms, found 5 plugins.
Preloading 0 native plugins for Editor in 0.00 ms.
Unloading 4219 Unused Serialized files (Serialized files now loaded: 0)
Unloading 112 unused Assets / (4.3 MB). Loaded Objects now: 4781.
Memory consumption went from 326.8 MB to 322.5 MB.
Total: 10.698500 ms (FindLiveObjects: 0.731400 ms CreateObjectMapping: 0.181700 ms MarkObjects: 7.379100 ms  DeleteObjects: 2.403800 ms)

AssetImportParameters requested are different than current active one (requested -> active):
  custom:video-decoder-webm-vp8: 9c59270c3fd7afecdb556c50c9e8de78 -> 
  custom:audio-encoder-webm-vorbis: bf7c407c2cedff20999df2af8eb42d56 -> 
  custom:AudioImporter_EditorPlatform: d09bf68614088b80899f8185d706f6e7 -> 
  custom:audio-decoder-ogg-vorbis: bf7c407c2cedff20999df2af8eb42d56 -> 
  custom:video-encoder-webm-vp8: eb34c28f22e8b96e1ab97ce403110664 -> 
  custom:container-demuxer-ogg: 62fdf1f143b41e24485cea50d1cbac27 -> 
  custom:framework-win-MediaFoundation: 216162199b28c13a410421893ffa2e32 -> 
  custom:video-decoder-ogg-theora: a1e56fd34408186e4bbccfd4996cb3dc -> 
  custom:container-muxer-webm: aa71ff27fc2769a1b78a27578f13a17b -> 
  custom:video-codec-MediaFoundation-h265: 746d11721c4dcdbdad8f713fa42b33f4 -> 
  custom:container-demuxer-webm: 4f35f7cbe854078d1ac9338744f61a02 -> 
========================================================================
Received Import Request.
  Time since last request: 779492.770931 seconds.
  path: Assets/Unity_content/Effects/Vefects/Trails VFX/VFX/Materials/M_VFX_Trail_Earth_02.mat
  artifactKey: Guid(2c207a4047db8a645bdc33e2468ce025) Importer(815301076,1909f56bfc062723c751e8b465ee728b)
Start importing Assets/Unity_content/Effects/Vefects/Trails VFX/VFX/Materials/M_VFX_Trail_Earth_02.mat using Guid(2c207a4047db8a645bdc33e2468ce025) Importer(815301076,1909f56bfc062723c751e8b465ee728b)  -> (artifact id: 'fc5546346203054fc0ed65b6687c130a') in 0.249642 seconds
Number of updated asset objects reloaded before import = 0
Number of asset objects unloaded after import = 3
========================================================================
Received Import Request.
  Time since last request: 0.000032 seconds.
  path: Assets/Unity_content/Enemies/RPGMonsterPartnersPBRPolyart/Animations/Chest Monster/SenseSomethingRPT.fbx
  artifactKey: Guid(dabfc1c88dd8497d90a056f9c9bc27bf) Importer(815301076,1909f56bfc062723c751e8b465ee728b)
Start importing Assets/Unity_content/Enemies/RPGMonsterPartnersPBRPolyart/Animations/Chest Monster/SenseSomethingRPT.fbx using Guid(dabfc1c88dd8497d90a056f9c9bc27bf) Importer(815301076,1909f56bfc062723c751e8b465ee728b)  -> (artifact id: '642110d5d99dae71c89c4c71fd2eb28f') in 0.104128 seconds
Number of updated asset objects reloaded before import = 0
Number of asset objects unloaded after import = 56
========================================================================
Received Import Request.
  Time since last request: 0.000022 seconds.
  path: Assets/Unity_content/Environment/Cody Dreams/Low Poly Stylized Nature/Shaders/Grass.shadergraph
  artifactKey: Guid(90af46880f56b0b4bb5bdd6e4a813fed) Importer(815301076,1909f56bfc062723c751e8b465ee728b)
Start importing Assets/Unity_content/Environment/Cody Dreams/Low Poly Stylized Nature/Shaders/Grass.shadergraph using Guid(90af46880f56b0b4bb5bdd6e4a813fed) Importer(815301076,1909f56bfc062723c751e8b465ee728b)  -> (artifact id: '4339e8d9baaa2f9faa845f1b74d5bf97') in 0.010933 seconds
Number of updated asset objects reloaded before import = 0
Number of asset objects unloaded after import = 2
========================================================================
Received Import Request.
  Time since last request: 0.000017 seconds.
  path: Assets/Unity_content/Effects/Vefects/Trails VFX/Scene/Materials/M_Sky.mat
  artifactKey: Guid(88cc345f39d493748b2b5c24c55661e2) Importer(815301076,1909f56bfc062723c751e8b465ee728b)
Start importing Assets/Unity_content/Effects/Vefects/Trails VFX/Scene/Materials/M_Sky.mat using Guid(88cc345f39d493748b2b5c24c55661e2) Importer(815301076,1909f56bfc062723c751e8b465ee728b)  -> (artifact id: '15681096839da4ecc1a471f8a05ca805') in 0.018497 seconds
Number of updated asset objects reloaded before import = 0
Number of asset objects unloaded after import = 1
========================================================================
Received Import Request.
  Time since last request: 0.000051 seconds.
  path: Assets/Unity_content/Effects/Vefects/Trails VFX/VFX/Materials/M_VFX_Trail_Water_01.mat
  artifactKey: Guid(c1eb2c55c7a0007498dedba8627fc122) Importer(815301076,1909f56bfc062723c751e8b465ee728b)
Start importing Assets/Unity_content/Effects/Vefects/Trails VFX/VFX/Materials/M_VFX_Trail_Water_01.mat using Guid(c1eb2c55c7a0007498dedba8627fc122) Importer(815301076,1909f56bfc062723c751e8b465ee728b)  -> (artifact id: '9c9ef1e53166e7244e47a890ab0c2802') in 0.026742 seconds
Number of updated asset objects reloaded before import = 0
Number of asset objects unloaded after import = 4
========================================================================
Received Import Request.
  Time since last request: 0.000023 seconds.
  path: Assets/Unity_content/Enemies/RPGMonsterPartnersPBRPolyart/Animations/Chest Monster/GetHit.fbx
  artifactKey: Guid(01773f3817f44e90aa2efb15541af37a) Importer(815301076,1909f56bfc062723c751e8b465ee728b)
Start importing Assets/Unity_content/Enemies/RPGMonsterPartnersPBRPolyart/Animations/Chest Monster/GetHit.fbx using Guid(01773f3817f44e90aa2efb15541af37a) Importer(815301076,1909f56bfc062723c751e8b465ee728b)  -> (artifact id: 'ef387729e57c5fb75a6a6314912acd65') in 0.037458 seconds
Number of updated asset objects reloaded before import = 0
Number of asset objects unloaded after import = 56
========================================================================
Received Import Request.
  Time since last request: 0.000027 seconds.
  path: Assets/Unity_content/Effects/Vefects/Trails VFX/VFX/Materials/M_VFX_Trail_Void_01.mat
  artifactKey: Guid(d533b97e925a93444bedca55030114e5) Importer(815301076,1909f56bfc062723c751e8b465ee728b)
Start importing Assets/Unity_content/Effects/Vefects/Trails VFX/VFX/Materials/M_VFX_Trail_Void_01.mat using Guid(d533b97e925a93444bedca55030114e5) Importer(815301076,1909f56bfc062723c751e8b465ee728b)  -> (artifact id: 'dfb45696e70c3a249c333e033b878740') in 0.017298 seconds
Number of updated asset objects reloaded before import = 0
Number of asset objects unloaded after import = 3
========================================================================
Received Import Request.
  Time since last request: 0.000022 seconds.
  path: Assets/Unity_content/Environment/Cody Dreams/Low Poly Stylized Nature/Shaders/Flower shader.shadergraph
  artifactKey: Guid(814c25c1fd12d254baf544df6a99c9ef) Importer(815301076,1909f56bfc062723c751e8b465ee728b)
Start importing Assets/Unity_content/Environment/Cody Dreams/Low Poly Stylized Nature/Shaders/Flower shader.shadergraph using Guid(814c25c1fd12d254baf544df6a99c9ef) Importer(815301076,1909f56bfc062723c751e8b465ee728b)  -> (artifact id: '739f95a2ba3aa3a37e2645f0c1603c50') in 0.020495 seconds
Number of updated asset objects reloaded before import = 0
Number of asset objects unloaded after import = 3
========================================================================
Received Import Request.
  Time since last request: 0.000015 seconds.
  path: Assets/Unity_content/Environment/Cody Dreams/Low Poly Stylized Nature/Shaders/TriPlane.shadergraph
  artifactKey: Guid(94ddfc7609878124bbc71699c83e7276) Importer(815301076,1909f56bfc062723c751e8b465ee728b)
Start importing Assets/Unity_content/Environment/Cody Dreams/Low Poly Stylized Nature/Shaders/TriPlane.shadergraph using Guid(94ddfc7609878124bbc71699c83e7276) Importer(815301076,1909f56bfc062723c751e8b465ee728b)  -> (artifact id: 'ef772b48369add845ed9d886d448e67e') in 0.008907 seconds
Number of updated asset objects reloaded before import = 0
Number of asset objects unloaded after import = 2
========================================================================
Received Import Request.
  Time since last request: 0.000019 seconds.
  path: Assets/Unity_content/Environment/Cody Dreams/Low Poly Stylized Nature/Matereals/Artificial/Heat Distortion Mat.mat
  artifactKey: Guid(a97cc43e235a31b4ca7b7c1d68f859da) Importer(815301076,1909f56bfc062723c751e8b465ee728b)
Start importing Assets/Unity_content/Environment/Cody Dreams/Low Poly Stylized Nature/Matereals/Artificial/Heat Distortion Mat.mat using Guid(a97cc43e235a31b4ca7b7c1d68f859da) Importer(815301076,1909f56bfc062723c751e8b465ee728b)  -> (artifact id: '633ce52195908cbb6f3e59ca40a11b3a') in 0.017386 seconds
Number of updated asset objects reloaded before import = 0
Number of asset objects unloaded after import = 2
========================================================================
Received Import Request.
  Time since last request: 0.000016 seconds.
  path: Assets/Unity_content/Enemies/RPGMonsterPartnersPBRPolyart/Animations/Chest Monster/Taunting.fbx
  artifactKey: Guid(e943c6f11a6e4c188a52f8d8126d3979) Importer(815301076,1909f56bfc062723c751e8b465ee728b)
Start importing Assets/Unity_content/Enemies/RPGMonsterPartnersPBRPolyart/Animations/Chest Monster/Taunting.fbx using Guid(e943c6f11a6e4c188a52f8d8126d3979) Importer(815301076,1909f56bfc062723c751e8b465ee728b)  -> (artifact id: '52a173775a7ecca9ace1bdaf1c7bb0ac') in 0.039020 seconds
Number of updated asset objects reloaded before import = 0
Number of asset objects unloaded after import = 56
========================================================================
Received Import Request.
  Time since last request: 0.000021 seconds.
  path: Assets/Unity_content/Enemies/Mini Legion Lich PBR HP Polyart/Materials/PBR.mat
  artifactKey: Guid(79de452e7723f79409db0076e687f7a4) Importer(815301076,1909f56bfc062723c751e8b465ee728b)
Start importing Assets/Unity_content/Enemies/Mini Legion Lich PBR HP Polyart/Materials/PBR.mat using Guid(79de452e7723f79409db0076e687f7a4) Importer(815301076,1909f56bfc062723c751e8b465ee728b)  -> (artifact id: '679cfdd24980489654a2c976766deee3') in 0.127107 seconds
Number of updated asset objects reloaded before import = 0
Number of asset objects unloaded after import = 6
========================================================================
Received Import Request.
  Time since last request: 0.000027 seconds.
  path: Assets/Unity_content/Environment/Cody Dreams/Low Poly Stylized Nature/Shaders/Heat Distortion.shadergraph
  artifactKey: Guid(60b284c1c7a71114fac030cfca3d1d02) Importer(815301076,1909f56bfc062723c751e8b465ee728b)
Start importing Assets/Unity_content/Environment/Cody Dreams/Low Poly Stylized Nature/Shaders/Heat Distortion.shadergraph using Guid(60b284c1c7a71114fac030cfca3d1d02) Importer(815301076,1909f56bfc062723c751e8b465ee728b)  -> (artifact id: 'b7f15d2562685a7b562c3a3a6647b5de') in 0.008391 seconds
Number of updated asset objects reloaded before import = 0
Number of asset objects unloaded after import = 2
========================================================================
Received Import Request.
  Time since last request: 0.000026 seconds.
  path: Assets/Unity_content/Environment/Cody Dreams/Low Poly Stylized Nature/Models/tree/tree 2.fbx
  artifactKey: Guid(21587bd0095ea7145a0f7a12faefe8ff) Importer(815301076,1909f56bfc062723c751e8b465ee728b)
Start importing Assets/Unity_content/Environment/Cody Dreams/Low Poly Stylized Nature/Models/tree/tree 2.fbx using Guid(21587bd0095ea7145a0f7a12faefe8ff) Importer(815301076,1909f56bfc062723c751e8b465ee728b)  -> (artifact id: 'e344d1ab275e514208a8381f34cffbeb') in 0.153434 seconds
Number of updated asset objects reloaded before import = 0
Number of asset objects unloaded after import = 53
========================================================================
Received Import Request.
  Time since last request: 0.000020 seconds.
  path: Assets/Unity_content/Enemies/Mini Legion Footman PBR HP Polyart/Materials/PBR.mat
  artifactKey: Guid(4322e5f550c217648915308ebd25a03b) Importer(815301076,1909f56bfc062723c751e8b465ee728b)
Start importing Assets/Unity_content/Enemies/Mini Legion Footman PBR HP Polyart/Materials/PBR.mat using Guid(4322e5f550c217648915308ebd25a03b) Importer(815301076,1909f56bfc062723c751e8b465ee728b)  -> (artifact id: 'bcf89f400854b9377fe40e4df9a4e58f') in 0.312545 seconds
Number of updated asset objects reloaded before import = 0
Number of asset objects unloaded after import = 5
========================================================================
Received Import Request.
  Time since last request: 0.000028 seconds.
  path: Assets/Unity_content/Enemies/RPGMonsterPartnersPBRPolyart/Materials/PBRDefault.mat
  artifactKey: Guid(cc73c96474aa433e8b99209fccd68cdb) Importer(815301076,1909f56bfc062723c751e8b465ee728b)
Start importing Assets/Unity_content/Enemies/RPGMonsterPartnersPBRPolyart/Materials/PBRDefault.mat using Guid(cc73c96474aa433e8b99209fccd68cdb) Importer(815301076,1909f56bfc062723c751e8b465ee728b)  -> (artifact id: '046447ee4e6d899a867943867bca85c2') in 0.037148 seconds
Number of updated asset objects reloaded before import = 0
Number of asset objects unloaded after import = 3
========================================================================
Received Import Request.
  Time since last request: 0.000034 seconds.
  path: Assets/Unity_content/Enemies/RPGMonsterPartnersPBRPolyart/Animations/Chest Monster/IdleChest.fbx
  artifactKey: Guid(e09bb80dc48c401499bb50756f0e0ef7) Importer(815301076,1909f56bfc062723c751e8b465ee728b)
Start importing Assets/Unity_content/Enemies/RPGMonsterPartnersPBRPolyart/Animations/Chest Monster/IdleChest.fbx using Guid(e09bb80dc48c401499bb50756f0e0ef7) Importer(815301076,1909f56bfc062723c751e8b465ee728b)  -> (artifact id: '48fea6cb48b795b2c1a7c7c3196cb04a') in 0.038451 seconds
Number of updated asset objects reloaded before import = 0
Number of asset objects unloaded after import = 56
========================================================================
Received Import Request.
  Time since last request: 0.000020 seconds.
  path: Assets/Unity_content/Environment/Cody Dreams/Low Poly Stylized Nature/Shaders/Skybox.shadergraph
  artifactKey: Guid(86e4c59cae06f20469333913d893acff) Importer(815301076,1909f56bfc062723c751e8b465ee728b)
Start importing Assets/Unity_content/Environment/Cody Dreams/Low Poly Stylized Nature/Shaders/Skybox.shadergraph using Guid(86e4c59cae06f20469333913d893acff) Importer(815301076,1909f56bfc062723c751e8b465ee728b)  -> (artifact id: '42700c9e2909dc50b82d9afa1a69f5f7') in 0.043730 seconds
Number of updated asset objects reloaded before import = 0
Number of asset objects unloaded after import = 1
========================================================================
Received Import Request.
  Time since last request: 0.000019 seconds.
  path: Assets/Unity_content/Environment/Cody Dreams/Low Poly Stylized Nature/Models/tree/trees 3.fbx
  artifactKey: Guid(778c1125086113a478549212c2e074e0) Importer(815301076,1909f56bfc062723c751e8b465ee728b)
Start importing Assets/Unity_content/Environment/Cody Dreams/Low Poly Stylized Nature/Models/tree/trees 3.fbx using Guid(778c1125086113a478549212c2e074e0) Importer(815301076,1909f56bfc062723c751e8b465ee728b)  -> (artifact id: 'd2ef7ce39a4e4067b83c40940ca024d8') in 0.085637 seconds
Number of updated asset objects reloaded before import = 0
Number of asset objects unloaded after import = 36
========================================================================
Received Import Request.
  Time since last request: 0.740723 seconds.
  path: Assets/Unity_content/Enemies/Mini Legion Grunt PBR HP Polyart/Material/PolyartStandard.mat
  artifactKey: Guid(dc66b1f7b771bef46a6e8bae9a948679) Importer(815301076,1909f56bfc062723c751e8b465ee728b)
Start importing Assets/Unity_content/Enemies/Mini Legion Grunt PBR HP Polyart/Material/PolyartStandard.mat using Guid(dc66b1f7b771bef46a6e8bae9a948679) Importer(815301076,1909f56bfc062723c751e8b465ee728b)  -> (artifact id: 'd9d57714ed04a5238efccff9f21939c9') in 0.018606 seconds
Number of updated asset objects reloaded before import = 0
Number of asset objects unloaded after import = 2
========================================================================
Received Import Request.
  Time since last request: 1.793919 seconds.
  path: Assets/Unity_content/Enemies/FourEvilDragonsHP/Materials/DragonUsurper/PurpleHP.mat
  artifactKey: Guid(c6a1d1f1e0ac339489c17274f110669a) Importer(815301076,1909f56bfc062723c751e8b465ee728b)
Start importing Assets/Unity_content/Enemies/FourEvilDragonsHP/Materials/DragonUsurper/PurpleHP.mat using Guid(c6a1d1f1e0ac339489c17274f110669a) Importer(815301076,1909f56bfc062723c751e8b465ee728b)  -> (artifact id: 'a6367827a5929d37511d57273f623684') in 0.030667 seconds
Number of updated asset objects reloaded before import = 0
Number of asset objects unloaded after import = 2
========================================================================
Received Import Request.
  Time since last request: 0.417854 seconds.
  path: Assets/Unity_content/Enemies/FourEvilDragonsHP/Materials/DragonTerrorBringer/RedHP.mat
  artifactKey: Guid(3cf5d93e63ceca94da9ffb40a6ed68ed) Importer(815301076,1909f56bfc062723c751e8b465ee728b)
Start importing Assets/Unity_content/Enemies/FourEvilDragonsHP/Materials/DragonTerrorBringer/RedHP.mat using Guid(3cf5d93e63ceca94da9ffb40a6ed68ed) Importer(815301076,1909f56bfc062723c751e8b465ee728b)  -> (artifact id: '3a34f4702fe5d2c12746c1e07ba91612') in 0.042444 seconds
Number of updated asset objects reloaded before import = 0
Number of asset objects unloaded after import = 2
========================================================================
Received Import Request.
  Time since last request: 2.383571 seconds.
  path: Assets/Unity_content/Environment/Cody Dreams/Low Poly Stylized Nature/Matereals/Skybox.mat
  artifactKey: Guid(fb50d0be0757d1c43b60c9936371a68b) Importer(815301076,1909f56bfc062723c751e8b465ee728b)
Start importing Assets/Unity_content/Environment/Cody Dreams/Low Poly Stylized Nature/Matereals/Skybox.mat using Guid(fb50d0be0757d1c43b60c9936371a68b) Importer(815301076,1909f56bfc062723c751e8b465ee728b)  -> (artifact id: '4e5107f7e332ea4ce30064e86413fc8c') in 0.028535 seconds
Number of updated asset objects reloaded before import = 0
Number of asset objects unloaded after import = 1
========================================================================
Received Import Request.
  Time since last request: 0.487418 seconds.
  path: Assets/Unity_content/Enemies/Mini Legion Footman PBR HP Polyart/Materials/Skybox_Mat.mat
  artifactKey: Guid(d0e64fe9b4ad4b84db7d4d8e2798d095) Importer(815301076,1909f56bfc062723c751e8b465ee728b)
Start importing Assets/Unity_content/Enemies/Mini Legion Footman PBR HP Polyart/Materials/Skybox_Mat.mat using Guid(d0e64fe9b4ad4b84db7d4d8e2798d095) Importer(815301076,1909f56bfc062723c751e8b465ee728b)  -> (artifact id: '930a1d31fa0af1bfcd43af99dbea5b48') in 0.015035 seconds
Number of updated asset objects reloaded before import = 0
Number of asset objects unloaded after import = 1
========================================================================
Received Import Request.
  Time since last request: 0.413125 seconds.
  path: Assets/Unity_content/Enemies/PartyMonsterDuo/Material/Skybox_Mat.mat
  artifactKey: Guid(353466c49cf019540bf2ac95815b7c1e) Importer(815301076,1909f56bfc062723c751e8b465ee728b)
Start importing Assets/Unity_content/Enemies/PartyMonsterDuo/Material/Skybox_Mat.mat using Guid(353466c49cf019540bf2ac95815b7c1e) Importer(815301076,1909f56bfc062723c751e8b465ee728b)  -> (artifact id: '40948feaa4475130e2ddab3f21f85dba') in 0.021363 seconds
Number of updated asset objects reloaded before import = 0
Number of asset objects unloaded after import = 1
========================================================================
Received Import Request.
  Time since last request: 0.000867 seconds.
  path: Assets/Unity_content/Enemies/RPGMonsterPartnersPBRPolyart/Materials/Skybox_Mat.mat
  artifactKey: Guid(2b583eb32cfa4ddda4b88fc7cee6cf44) Importer(815301076,1909f56bfc062723c751e8b465ee728b)
Start importing Assets/Unity_content/Enemies/RPGMonsterPartnersPBRPolyart/Materials/Skybox_Mat.mat using Guid(2b583eb32cfa4ddda4b88fc7cee6cf44) Importer(815301076,1909f56bfc062723c751e8b465ee728b)  -> (artifact id: 'bd3ae56b6ff28990c552b95d971452a6') in 0.021396 seconds
Number of updated asset objects reloaded before import = 0
Number of asset objects unloaded after import = 1
========================================================================
Received Import Request.
  Time since last request: 0.371180 seconds.
  path: Assets/Unity_content/Enemies/Mini Legion Grunt PBR HP Polyart/Material/Stage.mat
  artifactKey: Guid(e062e012645db5746a5f6dbe30dbd7fa) Importer(815301076,1909f56bfc062723c751e8b465ee728b)
Start importing Assets/Unity_content/Enemies/Mini Legion Grunt PBR HP Polyart/Material/Stage.mat using Guid(e062e012645db5746a5f6dbe30dbd7fa) Importer(815301076,1909f56bfc062723c751e8b465ee728b)  -> (artifact id: 'd6d0cffd5028aad97f4b9ce5e1368e85') in 0.016664 seconds
Number of updated asset objects reloaded before import = 0
Number of asset objects unloaded after import = 1
========================================================================
Received Import Request.
  Time since last request: 0.040377 seconds.
  path: Assets/Unity_content/Enemies/PartyMonsterDuo/Material/Stage.mat
  artifactKey: Guid(f2c23294678c47341aa7ffec8a34162a) Importer(815301076,1909f56bfc062723c751e8b465ee728b)
Start importing Assets/Unity_content/Enemies/PartyMonsterDuo/Material/Stage.mat using Guid(f2c23294678c47341aa7ffec8a34162a) Importer(815301076,1909f56bfc062723c751e8b465ee728b)  -> (artifact id: '6691407c5cbd72aec2b422975810ef39') in 0.014850 seconds
Number of updated asset objects reloaded before import = 0
Number of asset objects unloaded after import = 1
========================================================================
Received Import Request.
  Time since last request: 0.241580 seconds.
  path: Assets/Unity_content/Enemies/RPG Monster DUO PBR Polyart/Materials/Stage.mat
  artifactKey: Guid(abaea1a47e73483590f52e512a9adda3) Importer(815301076,1909f56bfc062723c751e8b465ee728b)
Start importing Assets/Unity_content/Enemies/RPG Monster DUO PBR Polyart/Materials/Stage.mat using Guid(abaea1a47e73483590f52e512a9adda3) Importer(815301076,1909f56bfc062723c751e8b465ee728b)  -> (artifact id: 'ed4ccf7559acc25d383a262c902f9019') in 0.014795 seconds
Number of updated asset objects reloaded before import = 0
Number of asset objects unloaded after import = 1
========================================================================
Received Import Request.
  Time since last request: 0.020628 seconds.
  path: Assets/Unity_content/Enemies/Mini Legion Rock Golem PBR HP Polyart/Materials/Stage 1.mat
  artifactKey: Guid(d6645a3db55ef0c478638eaddedb98ff) Importer(815301076,1909f56bfc062723c751e8b465ee728b)
Start importing Assets/Unity_content/Enemies/Mini Legion Rock Golem PBR HP Polyart/Materials/Stage 1.mat using Guid(d6645a3db55ef0c478638eaddedb98ff) Importer(815301076,1909f56bfc062723c751e8b465ee728b)  -> (artifact id: '7a3f0b4fbcc487e188cc1910d1f8dcd6') in 0.014770 seconds
Number of updated asset objects reloaded before import = 0
Number of asset objects unloaded after import = 1
========================================================================
Received Import Request.
  Time since last request: 1.342290 seconds.
  path: Assets/Unity_content/Environment/Low-Poly medival defense/Models/Materials/Tower_LightMap.mat
  artifactKey: Guid(3d84c367e2eed38479d41ce18574f286) Importer(815301076,1909f56bfc062723c751e8b465ee728b)
Start importing Assets/Unity_content/Environment/Low-Poly medival defense/Models/Materials/Tower_LightMap.mat using Guid(3d84c367e2eed38479d41ce18574f286) Importer(815301076,1909f56bfc062723c751e8b465ee728b)  -> (artifact id: '369806e542bd2498442322ab1bd33709') in 0.015330 seconds
Number of updated asset objects reloaded before import = 0
Number of asset objects unloaded after import = 1
========================================================================
Received Prepare
Refreshing native plugins compatible for Editor in 9.72 ms, found 5 plugins.
Preloading 0 native plugins for Editor in 0.00 ms.
Unloading 31 Unused Serialized files (Serialized files now loaded: 0)
Unloading 32 unused Assets / (4.3 MB). Loaded Objects now: 4827.
Memory consumption went from 229.3 MB to 225.0 MB.
Total: 19.658900 ms (FindLiveObjects: 0.501400 ms CreateObjectMapping: 0.108200 ms MarkObjects: 16.871800 ms  DeleteObjects: 2.174900 ms)

Prepare: number of updated asset objects reloaded= 0
AssetImportParameters requested are different than current active one (requested -> active):
  custom:video-decoder-webm-vp8: 9c59270c3fd7afecdb556c50c9e8de78 -> 
  custom:SearchIndexIgnoredProperties: e643bd26f0fe6173181afceb89e7c659 -> 
  custom:audio-encoder-webm-vorbis: bf7c407c2cedff20999df2af8eb42d56 -> 
  custom:AudioImporter_EditorPlatform: d09bf68614088b80899f8185d706f6e7 -> 
  custom:audio-decoder-ogg-vorbis: bf7c407c2cedff20999df2af8eb42d56 -> 
  custom:video-encoder-webm-vp8: eb34c28f22e8b96e1ab97ce403110664 -> 
  custom:container-demuxer-ogg: 62fdf1f143b41e24485cea50d1cbac27 -> 
  custom:framework-win-MediaFoundation: 216162199b28c13a410421893ffa2e32 -> 
  custom:video-decoder-ogg-theora: a1e56fd34408186e4bbccfd4996cb3dc -> 
  custom:container-muxer-webm: aa71ff27fc2769a1b78a27578f13a17b -> 
  custom:video-codec-MediaFoundation-h265: 746d11721c4dcdbdad8f713fa42b33f4 -> 
  custom:CustomObjectIndexerAttribute: d54d2f2da18e7612c182cf67624b6b12 -> 
  custom:container-demuxer-webm: 4f35f7cbe854078d1ac9338744f61a02 -> 
