Using pre-set license
Built from '2023.1/staging' branch; Version is '2023.1.20f1 (35a524b12060) revision 3515684'; Using compiler version '192829333'; Build Type 'Release'
OS: 'Windows 11  (10.0.22631) 64bit Core' Language: 'en' Physical Memory: 32699 MB
BatchMode: 1, IsHumanControllingUs: 0, StartBugReporterOnCrash: 0, Is64bit: 1, IsPro: 1

COMMAND LINE ARGUMENTS:
C:\Program Files\Unity\Hub\Editor\2023.1.20f1\Editor\Unity.exe
-adb2
-batchMode
-noUpm
-name
AssetImportWorker10
-projectPath
C:/UnityGame/MagicInsector
-logFile
Logs/AssetImportWorker10.log
-srvPort
61824
Successfully changed project path to: C:/UnityGame/MagicInsector
C:/UnityGame/MagicInsector
[UnityMemory] Configuration Parameters - Can be set up in boot.config
    "memorysetup-bucket-allocator-granularity=16"
    "memorysetup-bucket-allocator-bucket-count=8"
    "memorysetup-bucket-allocator-block-size=33554432"
    "memorysetup-bucket-allocator-block-count=8"
    "memorysetup-main-allocator-block-size=16777216"
    "memorysetup-thread-allocator-block-size=16777216"
    "memorysetup-gfx-main-allocator-block-size=16777216"
    "memorysetup-gfx-thread-allocator-block-size=16777216"
    "memorysetup-cache-allocator-block-size=4194304"
    "memorysetup-typetree-allocator-block-size=2097152"
    "memorysetup-profiler-bucket-allocator-granularity=16"
    "memorysetup-profiler-bucket-allocator-bucket-count=8"
    "memorysetup-profiler-bucket-allocator-block-size=33554432"
    "memorysetup-profiler-bucket-allocator-block-count=8"
    "memorysetup-profiler-allocator-block-size=16777216"
    "memorysetup-profiler-editor-allocator-block-size=1048576"
    "memorysetup-temp-allocator-size-main=16777216"
    "memorysetup-job-temp-allocator-block-size=2097152"
    "memorysetup-job-temp-allocator-block-size-background=1048576"
    "memorysetup-job-temp-allocator-reduction-small-platforms=262144"
    "memorysetup-allocator-temp-initial-block-size-main=262144"
    "memorysetup-allocator-temp-initial-block-size-worker=262144"
    "memorysetup-temp-allocator-size-background-worker=32768"
    "memorysetup-temp-allocator-size-job-worker=262144"
    "memorysetup-temp-allocator-size-preload-manager=33554432"
    "memorysetup-temp-allocator-size-nav-mesh-worker=65536"
    "memorysetup-temp-allocator-size-audio-worker=65536"
    "memorysetup-temp-allocator-size-cloud-worker=32768"
    "memorysetup-temp-allocator-size-gi-baking-worker=262144"
    "memorysetup-temp-allocator-size-gfx=262144"
Player connection [20700] Host "[IP] 192.168.0.175 [Port] 0 [Flags] 2 [Guid] 1549208330 [EditorId] 1549208330 [Version] 1048832 [Id] WindowsEditor(7,DESKTOP-CV2C3R8) [Debug] 1 [PackageName] WindowsEditor [ProjectName] Editor" joined multi-casting on [225.0.0.222:54997]...

Player connection [20700] Host "[IP] 192.168.0.175 [Port] 0 [Flags] 2 [Guid] 1549208330 [EditorId] 1549208330 [Version] 1048832 [Id] WindowsEditor(7,DESKTOP-CV2C3R8) [Debug] 1 [PackageName] WindowsEditor [ProjectName] Editor" joined alternative multi-casting on [225.0.0.222:34997]...

[Physics::Module] Initialized MultithreadedJobDispatcher with 11 workers.
Library Redirect Path: Library/Refreshing native plugins compatible for Editor in 10.37 ms, found 5 plugins.
Preloading 0 native plugins for Editor in 0.00 ms.
Initialize engine version: 2023.1.20f1 (35a524b12060)
[Subsystems] Discovering subsystems at path C:/Program Files/Unity/Hub/Editor/2023.1.20f1/Editor/Data/Resources/UnitySubsystems
[Subsystems] Discovering subsystems at path C:/UnityGame/MagicInsector/Assets
GfxDevice: creating device client; threaded=0; jobified=0
Direct3D:
    Version:  Direct3D 11.0 [level 11.1]
    Renderer: NVIDIA GeForce RTX 3070 (ID=0x2484)
    Vendor:   NVIDIA
    VRAM:     8018 MB
    Driver:   32.0.15.6590
Initialize mono
Mono path[0] = 'C:/Program Files/Unity/Hub/Editor/2023.1.20f1/Editor/Data/Managed'
Mono path[1] = 'C:/Program Files/Unity/Hub/Editor/2023.1.20f1/Editor/Data/MonoBleedingEdge/lib/mono/unityjit-win32'
Mono config path = 'C:/Program Files/Unity/Hub/Editor/2023.1.20f1/Editor/Data/MonoBleedingEdge/etc'
Using monoOptions --debugger-agent=transport=dt_socket,embedding=1,server=y,suspend=n,address=127.0.0.1:56120
Begin MonoManager ReloadAssembly
C:\build\output\Unity-Technologies\mono\mono\metadata\icall.c:1842:
C:\build\output\Unity-Technologies\mono\mono\metadata\icall.c:1842:
C:\build\output\Unity-Technologies\mono\mono\metadata\icall.c:1842:
C:\build\output\Unity-Technologies\mono\mono\metadata\icall.c:1842:
C:\build\output\Unity-Technologies\mono\mono\metadata\icall.c:1842:
C:\build\output\Unity-Technologies\mono\mono\metadata\icall.c:1842:
C:\build\output\Unity-Technologies\mono\mono\metadata\icall.c:1842:
C:\build\output\Unity-Technologies\mono\mono\metadata\icall.c:1842:
C:\build\output\Unity-Technologies\mono\mono\metadata\icall.c:1842:
C:\build\output\Unity-Technologies\mono\mono\metadata\icall.c:1842:
Registering precompiled unity dll's ...
Register platform support module: C:/Program Files/Unity/Hub/Editor/2023.1.20f1/Editor/Data/PlaybackEngines/WindowsStandaloneSupport/UnityEditor.WindowsStandalone.Extensions.dll
Register platform support module: C:/Program Files/Unity/Hub/Editor/2023.1.20f1/Editor/Data/PlaybackEngines/MetroSupport/UnityEditor.UWP.Extensions.dll
Register platform support module: C:/Program Files/Unity/Hub/Editor/2023.1.20f1/Editor/Data/PlaybackEngines/AndroidPlayer/UnityEditor.Android.Extensions.dll
Registered in 0.006010 seconds.
- Loaded All Assemblies, in  0.429 seconds
Native extension for Android target not found
Android Extension - Scanning For ADB Devices 298 ms
Native extension for UWP target not found
Native extension for WindowsStandalone target not found
Mono: successfully reloaded assembly
C:\build\output\Unity-Technologies\mono\mono\metadata\icall.c:1842:
C:\build\output\Unity-Technologies\mono\mono\metadata\icall.c:1842:
- Finished resetting the current domain, in  0.705 seconds
Domain Reload Profiling: 1131ms
	BeginReloadAssembly (134ms)
		ExecutionOrderSort (0ms)
		DisableScriptedObjects (0ms)
		BackupInstance (0ms)
		ReleaseScriptingObjects (0ms)
		CreateAndSetChildDomain (1ms)
	RebuildCommonClasses (38ms)
	RebuildNativeTypeToScriptingClass (13ms)
	initialDomainReloadingComplete (55ms)
	LoadAllAssembliesAndSetupDomain (186ms)
		LoadAssemblies (130ms)
		RebuildTransferFunctionScriptingTraits (0ms)
		AnalyzeDomain (179ms)
			TypeCache.Refresh (177ms)
				TypeCache.ScanAssembly (161ms)
			ScanForSourceGeneratedMonoScriptInfo (1ms)
			ResolveRequiredComponents (1ms)
	FinalizeReload (705ms)
		ReleaseScriptCaches (0ms)
		RebuildScriptCaches (0ms)
		SetupLoadedEditorAssemblies (627ms)
			LogAssemblyErrors (0ms)
			InitializePlatformSupportModulesInManaged (417ms)
			SetLoadedEditorAssemblies (3ms)
			BeforeProcessingInitializeOnLoad (8ms)
			ProcessInitializeOnLoadAttributes (140ms)
			ProcessInitializeOnLoadMethodAttributes (59ms)
			AfterProcessingInitializeOnLoad (0ms)
			EditorAssembliesLoaded (0ms)
		ExecutionOrderSort2 (0ms)
		AwakeInstancesAfterBackupRestoration (0ms)
========================================================================
Worker process is ready to serve import requests
Import Worker Mode flag is 0x00
Begin MonoManager ReloadAssembly
C:\build\output\Unity-Technologies\mono\mono\metadata\icall.c:1842:
C:\build\output\Unity-Technologies\mono\mono\metadata\icall.c:1842:
C:\build\output\Unity-Technologies\mono\mono\metadata\icall.c:1842:
C:\build\output\Unity-Technologies\mono\mono\metadata\icall.c:1842:
C:\build\output\Unity-Technologies\mono\mono\metadata\icall.c:1842:
C:\build\output\Unity-Technologies\mono\mono\metadata\icall.c:1842:
C:\build\output\Unity-Technologies\mono\mono\metadata\icall.c:1842:
C:\build\output\Unity-Technologies\mono\mono\metadata\icall.c:1842:
C:\build\output\Unity-Technologies\mono\mono\metadata\icall.c:1842:
C:\build\output\Unity-Technologies\mono\mono\metadata\icall.c:1842:
C:\build\output\Unity-Technologies\mono\mono\metadata\icall.c:1842:
C:\build\output\Unity-Technologies\mono\mono\metadata\icall.c:1842:
- Loaded All Assemblies, in  1.001 seconds
Refreshing native plugins compatible for Editor in 6.59 ms, found 5 plugins.
Native extension for Android target not found
Native extension for UWP target not found
Native extension for WindowsStandalone target not found
Error saving file Library/StateCache/LayerSettings/9e/9ecc5c3c162a7aba29bafa64c8b94b7c.json. Error: System.IO.IOException: Sharing violation on path C:\UnityGame\MagicInsector\Library\StateCache\LayerSettings\9e\9ecc5c3c162a7aba29bafa64c8b94b7c.json
  at System.IO.FileStream..ctor (System.String path, System.IO.FileMode mode, System.IO.FileAccess access, System.IO.FileShare share, System.Int32 bufferSize, System.Boolean anonymous, System.IO.FileOptions options) [0x0019e] in <cb3602b5bf2148caa08db7780ec02b19>:0 
  at System.IO.FileStream..ctor (System.String path, System.IO.FileMode mode, System.IO.FileAccess access, System.IO.FileShare share, System.Int32 bufferSize, System.IO.FileOptions options) [0x00000] in <cb3602b5bf2148caa08db7780ec02b19>:0 
  at (wrapper remoting-invoke-with-check) System.IO.FileStream..ctor(string,System.IO.FileMode,System.IO.FileAccess,System.IO.FileShare,int,System.IO.FileOptions)
  at System.IO.StreamWriter..ctor (System.String path, System.Boolean append, System.Text.Encoding encoding, System.Int32 bufferSize) [0x00055] in <cb3602b5bf2148caa08db7780ec02b19>:0 
  at System.IO.StreamWriter..ctor (System.String path, System.Boolean append, System.Text.Encoding encoding) [0x00000] in <cb3602b5bf2148caa08db7780ec02b19>:0 
  at (wrapper remoting-invoke-with-check) System.IO.StreamWriter..ctor(string,bool,System.Text.Encoding)
  at System.IO.File.WriteAllText (System.String path, System.String contents, System.Text.Encoding encoding) [0x00034] in <cb3602b5bf2148caa08db7780ec02b19>:0 
  at UnityEditor.StateCache`1[T].SetState (UnityEngine.Hash128 key, T obj) [0x0004b] in <376f43f3329c444db4613258b017d5db>:0 
UnityEngine.StackTraceUtility:ExtractStackTrace ()
UnityEngine.DebugLogHandler:Internal_Log (UnityEngine.LogType,UnityEngine.LogOption,string,UnityEngine.Object)
UnityEngine.DebugLogHandler:LogFormat (UnityEngine.LogType,UnityEngine.Object,string,object[])
UnityEngine.Logger:Log (UnityEngine.LogType,object)
UnityEngine.Debug:LogError (object)
UnityEditor.StateCache`1<UnityEditor.Tools/LayerSettings>:SetState (UnityEngine.Hash128,UnityEditor.Tools/LayerSettings)
UnityEditor.Tools:set_lockedLayers (int)
UnityEditor.Tools:OnEnable ()
UnityEngine.ScriptableObject:CreateInstance (System.Type)
UnityEngine.ScriptableObject:CreateInstance<UnityEditor.Tools> ()
UnityEditor.Tools:get_get ()
UnityEditor.Tools:get_visibleLayers ()
UnityEditor.Animations.Rigging.BoneRendererUtils:.cctor () (at ./Library/PackageCache/com.unity.animation.rigging@1.2.1/Editor/Utils/BoneRendererUtils.cs:121)
System.Runtime.CompilerServices.RuntimeHelpers:RunClassConstructor (System.RuntimeTypeHandle)
UnityEditor.EditorAssemblies:ProcessInitializeOnLoadAttributes (System.Type[])

(Filename: ./Library/PackageCache/com.unity.animation.rigging@1.2.1/Editor/Utils/BoneRendererUtils.cs Line: 121)

[MODES] ModeService[none].Initialize
[MODES] ModeService[none].LoadModes
[MODES] Loading mode Default (0) for mode-current-id-TD
Mono: successfully reloaded assembly
- Finished resetting the current domain, in  0.852 seconds
Domain Reload Profiling: 1850ms
	BeginReloadAssembly (290ms)
		ExecutionOrderSort (0ms)
		DisableScriptedObjects (7ms)
		BackupInstance (0ms)
		ReleaseScriptingObjects (0ms)
		CreateAndSetChildDomain (38ms)
	RebuildCommonClasses (43ms)
	RebuildNativeTypeToScriptingClass (13ms)
	initialDomainReloadingComplete (42ms)
	LoadAllAssembliesAndSetupDomain (609ms)
		LoadAssemblies (345ms)
		RebuildTransferFunctionScriptingTraits (0ms)
		AnalyzeDomain (357ms)
			TypeCache.Refresh (326ms)
				TypeCache.ScanAssembly (310ms)
			ScanForSourceGeneratedMonoScriptInfo (21ms)
			ResolveRequiredComponents (9ms)
	FinalizeReload (853ms)
		ReleaseScriptCaches (0ms)
		RebuildScriptCaches (0ms)
		SetupLoadedEditorAssemblies (628ms)
			LogAssemblyErrors (0ms)
			InitializePlatformSupportModulesInManaged (24ms)
			SetLoadedEditorAssemblies (3ms)
			BeforeProcessingInitializeOnLoad (88ms)
			ProcessInitializeOnLoadAttributes (479ms)
			ProcessInitializeOnLoadMethodAttributes (28ms)
			AfterProcessingInitializeOnLoad (6ms)
			EditorAssembliesLoaded (0ms)
		ExecutionOrderSort2 (0ms)
		AwakeInstancesAfterBackupRestoration (7ms)
Launched and connected shader compiler UnityShaderCompiler.exe after 0.01 seconds
Refreshing native plugins compatible for Editor in 6.45 ms, found 5 plugins.
Preloading 0 native plugins for Editor in 0.00 ms.
Unloading 4217 Unused Serialized files (Serialized files now loaded: 0)
Unloading 113 unused Assets / (4.3 MB). Loaded Objects now: 4755.
Memory consumption went from 250.8 MB to 246.5 MB.
Total: 6.086300 ms (FindLiveObjects: 0.441200 ms CreateObjectMapping: 0.102600 ms MarkObjects: 4.195600 ms  DeleteObjects: 1.345600 ms)

AssetImportParameters requested are different than current active one (requested -> active):
  custom:video-decoder-webm-vp8: 9c59270c3fd7afecdb556c50c9e8de78 -> 
  custom:SearchIndexIgnoredProperties: e643bd26f0fe6173181afceb89e7c659 -> 
  custom:audio-encoder-webm-vorbis: bf7c407c2cedff20999df2af8eb42d56 -> 
  custom:AudioImporter_EditorPlatform: d09bf68614088b80899f8185d706f6e7 -> 
  custom:audio-decoder-ogg-vorbis: bf7c407c2cedff20999df2af8eb42d56 -> 
  custom:video-encoder-webm-vp8: eb34c28f22e8b96e1ab97ce403110664 -> 
  custom:container-demuxer-ogg: 62fdf1f143b41e24485cea50d1cbac27 -> 
  custom:framework-win-MediaFoundation: 216162199b28c13a410421893ffa2e32 -> 
  custom:video-decoder-ogg-theora: a1e56fd34408186e4bbccfd4996cb3dc -> 
  custom:container-muxer-webm: aa71ff27fc2769a1b78a27578f13a17b -> 
  custom:video-codec-MediaFoundation-h265: 746d11721c4dcdbdad8f713fa42b33f4 -> 
  custom:CustomObjectIndexerAttribute: d54d2f2da18e7612c182cf67624b6b12 -> 
  custom:container-demuxer-webm: 4f35f7cbe854078d1ac9338744f61a02 -> 
========================================================================
Received Import Request.
  Time since last request: 786897.155980 seconds.
  path: Assets/Unity_content/Textures/StylizedLavaTextures/Dry_Lava/Dry_Lava_AmbientOcclusion.png
  artifactKey: Guid(e38f6cb631113bd4aae7b02113c7cfd3) Importer(815301076,1909f56bfc062723c751e8b465ee728b)
Start importing Assets/Unity_content/Textures/StylizedLavaTextures/Dry_Lava/Dry_Lava_AmbientOcclusion.png using Guid(e38f6cb631113bd4aae7b02113c7cfd3) Importer(815301076,1909f56bfc062723c751e8b465ee728b)  -> (artifact id: 'b1b2c9f05ab489f9a5d3b46ee4072065') in 0.086592 seconds
Number of updated asset objects reloaded before import = 0
Number of asset objects unloaded after import = 2
========================================================================
Received Import Request.
  Time since last request: 0.727245 seconds.
  path: Assets/Unity_content/Textures/StylizedLavaTextures/Rock_Ground_Cliff_1/Rock_Ground_Cliff_1_AmbientOcclusion.png
  artifactKey: Guid(9edcfeba3ab351f43997afcb294a948a) Importer(815301076,1909f56bfc062723c751e8b465ee728b)
Start importing Assets/Unity_content/Textures/StylizedLavaTextures/Rock_Ground_Cliff_1/Rock_Ground_Cliff_1_AmbientOcclusion.png using Guid(9edcfeba3ab351f43997afcb294a948a) Importer(815301076,1909f56bfc062723c751e8b465ee728b)  -> (artifact id: 'f7ac0d049994ba076a7245df5d7e7ede') in 0.022237 seconds
Number of updated asset objects reloaded before import = 0
Number of asset objects unloaded after import = 2
========================================================================
Received Import Request.
  Time since last request: 0.000015 seconds.
  path: Assets/Unity_content/Textures/StylizedLavaTextures/Rock_Ground_Cliff_1/Rock_Ground_Cliff_1_Height.png
  artifactKey: Guid(b3085d568386ce146bb165bc91306590) Importer(815301076,1909f56bfc062723c751e8b465ee728b)
Start importing Assets/Unity_content/Textures/StylizedLavaTextures/Rock_Ground_Cliff_1/Rock_Ground_Cliff_1_Height.png using Guid(b3085d568386ce146bb165bc91306590) Importer(815301076,1909f56bfc062723c751e8b465ee728b)  -> (artifact id: '6aa444911cf447e06d05842f25d65b85') in 0.021312 seconds
Number of updated asset objects reloaded before import = 0
Number of asset objects unloaded after import = 2
========================================================================
Received Import Request.
  Time since last request: 13.387709 seconds.
  path: Assets/Unity_content/Textures/StylizedForestTextures/Grass_Mud/Grass_Mud_Ambientocclusion.png
  artifactKey: Guid(c4835cf16d7f572499c6cff86001ec3c) Importer(815301076,1909f56bfc062723c751e8b465ee728b)
Start importing Assets/Unity_content/Textures/StylizedForestTextures/Grass_Mud/Grass_Mud_Ambientocclusion.png using Guid(c4835cf16d7f572499c6cff86001ec3c) Importer(815301076,1909f56bfc062723c751e8b465ee728b)  -> (artifact id: 'c22119951966a18babb20c68fba4da39') in 0.022779 seconds
Number of updated asset objects reloaded before import = 0
Number of asset objects unloaded after import = 2
========================================================================
Received Import Request.
  Time since last request: 0.000030 seconds.
  path: Assets/Unity_content/Textures/StylizedForestTextures/Grass_Mud/Grass_Mud_Roughness.png
  artifactKey: Guid(f6813a2d2e429bc4db4e8e4c7858f7c6) Importer(815301076,1909f56bfc062723c751e8b465ee728b)
Start importing Assets/Unity_content/Textures/StylizedForestTextures/Grass_Mud/Grass_Mud_Roughness.png using Guid(f6813a2d2e429bc4db4e8e4c7858f7c6) Importer(815301076,1909f56bfc062723c751e8b465ee728b)  -> (artifact id: 'aa6d6ed554307ec783c43749c7f85289') in 0.026193 seconds
Number of updated asset objects reloaded before import = 0
Number of asset objects unloaded after import = 2
========================================================================
Received Import Request.
  Time since last request: 182.171539 seconds.
  path: Assets/Cody Dreams/Low Poly Stylized Nature/Matereals/Nother lights.mat
  artifactKey: Guid(9e7711977f3d82c4a8d16efdc07d1c61) Importer(815301076,1909f56bfc062723c751e8b465ee728b)
Start importing Assets/Cody Dreams/Low Poly Stylized Nature/Matereals/Nother lights.mat using Guid(9e7711977f3d82c4a8d16efdc07d1c61) Importer(815301076,1909f56bfc062723c751e8b465ee728b)  -> (artifact id: '0922802b9e76582b9cf5ada5a2e7d6fb') in 0.051435 seconds
Number of updated asset objects reloaded before import = 0
Number of asset objects unloaded after import = 2
========================================================================
Received Import Request.
  Time since last request: 0.000023 seconds.
  path: Assets/Cody Dreams/Low Poly Stylized Nature/Matereals/Water shader.mat
  artifactKey: Guid(4957927f722a62b4fbbf1a725fe2a324) Importer(815301076,1909f56bfc062723c751e8b465ee728b)
Start importing Assets/Cody Dreams/Low Poly Stylized Nature/Matereals/Water shader.mat using Guid(4957927f722a62b4fbbf1a725fe2a324) Importer(815301076,1909f56bfc062723c751e8b465ee728b)  -> (artifact id: 'c656de047a7b6cb891348d2b4944f267') in 0.010063 seconds
Number of updated asset objects reloaded before import = 0
Number of asset objects unloaded after import = 3
========================================================================
Received Import Request.
  Time since last request: 1.299979 seconds.
  path: Assets/Cody Dreams/Low Poly Stylized Nature/Textures/Leave.png
  artifactKey: Guid(62c297de649fb4b47ab01ba8dea90488) Importer(815301076,1909f56bfc062723c751e8b465ee728b)
Start importing Assets/Cody Dreams/Low Poly Stylized Nature/Textures/Leave.png using Guid(62c297de649fb4b47ab01ba8dea90488) Importer(815301076,1909f56bfc062723c751e8b465ee728b)  -> (artifact id: '4703bb7a8462ae3ebda66c658dc191f4') in 0.016906 seconds
Number of updated asset objects reloaded before import = 0
Number of asset objects unloaded after import = 2
========================================================================
Received Import Request.
  Time since last request: 1.301229 seconds.
  path: Assets/Cody Dreams/Low Poly Stylized Nature/Textures/grass/Grass Layer.terrainlayer
  artifactKey: Guid(b322947d63167e148b9d8e9adebe8707) Importer(815301076,1909f56bfc062723c751e8b465ee728b)
Start importing Assets/Cody Dreams/Low Poly Stylized Nature/Textures/grass/Grass Layer.terrainlayer using Guid(b322947d63167e148b9d8e9adebe8707) Importer(815301076,1909f56bfc062723c751e8b465ee728b)  -> (artifact id: 'e42b5e9945e606037b43afe3a112ae5c') in 0.022381 seconds
Number of updated asset objects reloaded before import = 0
Number of asset objects unloaded after import = 4
========================================================================
Received Import Request.
  Time since last request: 0.394479 seconds.
  path: Assets/Cody Dreams/Low Poly Stylized Nature/Textures/Rock/Rock Layer.terrainlayer
  artifactKey: Guid(816bcb4060e169c488973da396c0927b) Importer(815301076,1909f56bfc062723c751e8b465ee728b)
Start importing Assets/Cody Dreams/Low Poly Stylized Nature/Textures/Rock/Rock Layer.terrainlayer using Guid(816bcb4060e169c488973da396c0927b) Importer(815301076,1909f56bfc062723c751e8b465ee728b)  -> (artifact id: 'b11c701ef80a14b05cd0e64068519e53') in 0.018827 seconds
Number of updated asset objects reloaded before import = 0
Number of asset objects unloaded after import = 4
========================================================================
Received Import Request.
  Time since last request: 0.000022 seconds.
  path: Assets/Cody Dreams/Low Poly Stylized Nature/Textures/Rock/Rock Normal.png
  artifactKey: Guid(4890aab2a0c728140841d71e7bcddb61) Importer(815301076,1909f56bfc062723c751e8b465ee728b)
Start importing Assets/Cody Dreams/Low Poly Stylized Nature/Textures/Rock/Rock Normal.png using Guid(4890aab2a0c728140841d71e7bcddb61) Importer(815301076,1909f56bfc062723c751e8b465ee728b)  -> (artifact id: 'f9a2af0c396ac1b9c681616ff7204076') in 0.019844 seconds
Number of updated asset objects reloaded before import = 0
Number of asset objects unloaded after import = 2
========================================================================
Received Import Request.
  Time since last request: 0.512169 seconds.
  path: Assets/Cody Dreams/Low Poly Stylized Nature/Textures/Sand/Sand Layer.terrainlayer
  artifactKey: Guid(d87140e5cfd6c8641bdd02bec4b298ad) Importer(815301076,1909f56bfc062723c751e8b465ee728b)
Start importing Assets/Cody Dreams/Low Poly Stylized Nature/Textures/Sand/Sand Layer.terrainlayer using Guid(d87140e5cfd6c8641bdd02bec4b298ad) Importer(815301076,1909f56bfc062723c751e8b465ee728b)  -> (artifact id: 'e374952152cf32887675faac3a6596fe') in 0.015874 seconds
Number of updated asset objects reloaded before import = 0
Number of asset objects unloaded after import = 4
========================================================================
Received Import Request.
  Time since last request: 0.000045 seconds.
  path: Assets/Cody Dreams/Low Poly Stylized Nature/Textures/Sand/Sand Normla.png
  artifactKey: Guid(d8cb63d4f8296054d8e933cbc6590168) Importer(815301076,1909f56bfc062723c751e8b465ee728b)
Start importing Assets/Cody Dreams/Low Poly Stylized Nature/Textures/Sand/Sand Normla.png using Guid(d8cb63d4f8296054d8e933cbc6590168) Importer(815301076,1909f56bfc062723c751e8b465ee728b)  -> (artifact id: 'd3a697b02f9103d95183044f4b055190') in 0.018780 seconds
Number of updated asset objects reloaded before import = 0
Number of asset objects unloaded after import = 2
========================================================================
Received Import Request.
  Time since last request: 0.475355 seconds.
  path: Assets/Cody Dreams/Low Poly Stylized Nature/Textures/Snow/Snow Layer.terrainlayer
  artifactKey: Guid(9d25f34e7b16bce41a914c256dd7292b) Importer(815301076,1909f56bfc062723c751e8b465ee728b)
Start importing Assets/Cody Dreams/Low Poly Stylized Nature/Textures/Snow/Snow Layer.terrainlayer using Guid(9d25f34e7b16bce41a914c256dd7292b) Importer(815301076,1909f56bfc062723c751e8b465ee728b)  -> (artifact id: 'acf23758faf89ccc4684e9fff0b3bf7f') in 0.015790 seconds
Number of updated asset objects reloaded before import = 0
Number of asset objects unloaded after import = 4
========================================================================
Received Import Request.
  Time since last request: 0.000027 seconds.
  path: Assets/Cody Dreams/Low Poly Stylized Nature/Textures/Snow/Snow Normal.png
  artifactKey: Guid(4e6a87bd801562644bdf7d327045b4a7) Importer(815301076,1909f56bfc062723c751e8b465ee728b)
Start importing Assets/Cody Dreams/Low Poly Stylized Nature/Textures/Snow/Snow Normal.png using Guid(4e6a87bd801562644bdf7d327045b4a7) Importer(815301076,1909f56bfc062723c751e8b465ee728b)  -> (artifact id: 'de32e7b4dd4c1a8c0725c78ff798ba29') in 0.016847 seconds
Number of updated asset objects reloaded before import = 0
Number of asset objects unloaded after import = 2
========================================================================
Received Import Request.
  Time since last request: 6.448419 seconds.
  path: Assets/New Terrain 1.asset
  artifactKey: Guid(a11854a7238be914a9d2524da01bf1fa) Importer(815301076,1909f56bfc062723c751e8b465ee728b)
Start importing Assets/New Terrain 1.asset using Guid(a11854a7238be914a9d2524da01bf1fa) Importer(815301076,1909f56bfc062723c751e8b465ee728b)  -> (artifact id: '5fe4bdc3af39ef163f2adc0d2ea6a419') in 0.010654 seconds
Number of updated asset objects reloaded before import = 0
Number of asset objects unloaded after import = 1
========================================================================
Received Import Request.
  Time since last request: 0.000022 seconds.
  path: Assets/New Terrain 5.asset
  artifactKey: Guid(201b213ddd685764f889be39eac49151) Importer(815301076,1909f56bfc062723c751e8b465ee728b)
Start importing Assets/New Terrain 5.asset using Guid(201b213ddd685764f889be39eac49151) Importer(815301076,1909f56bfc062723c751e8b465ee728b)  -> (artifact id: '4e1a82993831769a8e6e679ccc7ae86e') in 0.007158 seconds
Number of updated asset objects reloaded before import = 0
Number of asset objects unloaded after import = 1
========================================================================
Received Import Request.
  Time since last request: 0.000023 seconds.
  path: Assets/New Terrain 2.asset
  artifactKey: Guid(909f4459ed969e54dad1332f007d5cd9) Importer(815301076,1909f56bfc062723c751e8b465ee728b)
Start importing Assets/New Terrain 2.asset using Guid(909f4459ed969e54dad1332f007d5cd9) Importer(815301076,1909f56bfc062723c751e8b465ee728b) The tree PT_Caesars_Mushroom_01 must use the Nature/Soft Occlusion shader. Otherwise billboarding/lighting will not work correctly.
 -> (artifact id: '6761a16cac300f0008f5972d7ca6231a') in 0.020642 seconds
Number of updated asset objects reloaded before import = 0
Number of asset objects unloaded after import = 88
========================================================================
Received Import Request.
  Time since last request: 284.646341 seconds.
  path: Assets/Low Poly Environment Starter Kit/Source/Textues/Grass.png
  artifactKey: Guid(03dbbd3d349fb0248bbc7c1401671c49) Importer(815301076,1909f56bfc062723c751e8b465ee728b)
Start importing Assets/Low Poly Environment Starter Kit/Source/Textues/Grass.png using Guid(03dbbd3d349fb0248bbc7c1401671c49) Importer(815301076,1909f56bfc062723c751e8b465ee728b)  -> (artifact id: 'ca4608496e97ea08de8c518059401bbc') in 0.026260 seconds
Number of updated asset objects reloaded before import = 0
Number of asset objects unloaded after import = 2
========================================================================
Received Import Request.
  Time since last request: 0.000066 seconds.
  path: Assets/Low Poly Environment Starter Kit/Source/Textues/Tree.png
  artifactKey: Guid(be15d4350beb6b340b79ccfc2f828102) Importer(815301076,1909f56bfc062723c751e8b465ee728b)
Start importing Assets/Low Poly Environment Starter Kit/Source/Textues/Tree.png using Guid(be15d4350beb6b340b79ccfc2f828102) Importer(815301076,1909f56bfc062723c751e8b465ee728b)  -> (artifact id: '0457fdd7062c5cb44abf7b94cc920244') in 0.021007 seconds
Number of updated asset objects reloaded before import = 0
Number of asset objects unloaded after import = 2
========================================================================
Received Import Request.
  Time since last request: 0.000047 seconds.
  path: Assets/Low Poly Environment Starter Kit/Source/Textues/Water 2.png
  artifactKey: Guid(a842d66eb806c53429dccb5d10649539) Importer(815301076,1909f56bfc062723c751e8b465ee728b)
Start importing Assets/Low Poly Environment Starter Kit/Source/Textues/Water 2.png using Guid(a842d66eb806c53429dccb5d10649539) Importer(815301076,1909f56bfc062723c751e8b465ee728b)  -> (artifact id: '416742dee591baeb4945743ce89c5d29') in 0.017613 seconds
Number of updated asset objects reloaded before import = 0
Number of asset objects unloaded after import = 2
========================================================================
Received Import Request.
  Time since last request: 0.000023 seconds.
  path: Assets/Low Poly Environment Starter Kit/Source/Textues/Water 1.png
  artifactKey: Guid(52b9ed90e5d2d9844b86c1c3608c082e) Importer(815301076,1909f56bfc062723c751e8b465ee728b)
Start importing Assets/Low Poly Environment Starter Kit/Source/Textues/Water 1.png using Guid(52b9ed90e5d2d9844b86c1c3608c082e) Importer(815301076,1909f56bfc062723c751e8b465ee728b)  -> (artifact id: 'ab3cb902223488f579833457c74290f7') in 0.016548 seconds
Number of updated asset objects reloaded before import = 0
Number of asset objects unloaded after import = 2
========================================================================
Received Import Request.
  Time since last request: 4.491388 seconds.
  path: Assets/Low Poly Environment Starter Kit/Source/Material/HDRP/Bark.mat
  artifactKey: Guid(d075538bdce940f4f9e44690b2c28d7a) Importer(815301076,1909f56bfc062723c751e8b465ee728b)
Start importing Assets/Low Poly Environment Starter Kit/Source/Material/HDRP/Bark.mat using Guid(d075538bdce940f4f9e44690b2c28d7a) Importer(815301076,1909f56bfc062723c751e8b465ee728b)  -> (artifact id: '0359919d9043ef748dfa3185e28fe5a3') in 0.011708 seconds
Number of updated asset objects reloaded before import = 0
Number of asset objects unloaded after import = 2
========================================================================
Received Import Request.
  Time since last request: 0.000015 seconds.
  path: Assets/Low Poly Environment Starter Kit/Source/Material/HDRP/Grass.mat
  artifactKey: Guid(8c43d44bb1d8a51469c748f817d7aa68) Importer(815301076,1909f56bfc062723c751e8b465ee728b)
Start importing Assets/Low Poly Environment Starter Kit/Source/Material/HDRP/Grass.mat using Guid(8c43d44bb1d8a51469c748f817d7aa68) Importer(815301076,1909f56bfc062723c751e8b465ee728b)  -> (artifact id: '5ccb535ecf98dc6555cbc4f27b46e33e') in 0.009475 seconds
Number of updated asset objects reloaded before import = 0
Number of asset objects unloaded after import = 3
========================================================================
Received Import Request.
  Time since last request: 0.000024 seconds.
  path: Assets/Low Poly Environment Starter Kit/Source/Material/HDRP/Leaves 3.mat
  artifactKey: Guid(87125f9d77ed7de46b787a54e93086fc) Importer(815301076,1909f56bfc062723c751e8b465ee728b)
Start importing Assets/Low Poly Environment Starter Kit/Source/Material/HDRP/Leaves 3.mat using Guid(87125f9d77ed7de46b787a54e93086fc) Importer(815301076,1909f56bfc062723c751e8b465ee728b)  -> (artifact id: '81bb98f8e57544637b3b151fcfc99121') in 0.009712 seconds
Number of updated asset objects reloaded before import = 0
Number of asset objects unloaded after import = 2
========================================================================
Received Import Request.
  Time since last request: 0.000031 seconds.
  path: Assets/Low Poly Environment Starter Kit/Source/Material/HDRP/Leaves 2.mat
  artifactKey: Guid(28195f6f4f5ca414dbf3f5b4cbe1ebc3) Importer(815301076,1909f56bfc062723c751e8b465ee728b)
Start importing Assets/Low Poly Environment Starter Kit/Source/Material/HDRP/Leaves 2.mat using Guid(28195f6f4f5ca414dbf3f5b4cbe1ebc3) Importer(815301076,1909f56bfc062723c751e8b465ee728b)  -> (artifact id: '9e98162fcf1902146be344aee64a37fa') in 0.009261 seconds
Number of updated asset objects reloaded before import = 0
Number of asset objects unloaded after import = 2
========================================================================
Received Import Request.
  Time since last request: 0.000021 seconds.
  path: Assets/Low Poly Environment Starter Kit/Source/Material/HDRP/Water Material.mat
  artifactKey: Guid(eb8eeeb56dbc7d34f9708b9545d6d83a) Importer(815301076,1909f56bfc062723c751e8b465ee728b)
Start importing Assets/Low Poly Environment Starter Kit/Source/Material/HDRP/Water Material.mat using Guid(eb8eeeb56dbc7d34f9708b9545d6d83a) Importer(815301076,1909f56bfc062723c751e8b465ee728b)  -> (artifact id: '9f80d5700f8139581534001cac40fe4a') in 0.012502 seconds
Number of updated asset objects reloaded before import = 0
Number of asset objects unloaded after import = 4
========================================================================
Received Import Request.
  Time since last request: 0.000023 seconds.
  path: Assets/Low Poly Environment Starter Kit/Source/Material/HDRP/Pine Bark.mat
  artifactKey: Guid(a1bff7b5fcb387341a4fa0d4c451c853) Importer(815301076,1909f56bfc062723c751e8b465ee728b)
Start importing Assets/Low Poly Environment Starter Kit/Source/Material/HDRP/Pine Bark.mat using Guid(a1bff7b5fcb387341a4fa0d4c451c853) Importer(815301076,1909f56bfc062723c751e8b465ee728b)  -> (artifact id: '8022f10eba38f710e67dcfde637b79dd') in 0.389177 seconds
Number of updated asset objects reloaded before import = 0
Number of asset objects unloaded after import = 3
========================================================================
Received Import Request.
  Time since last request: 0.000026 seconds.
  path: Assets/Low Poly Environment Starter Kit/Source/Material/HDRP/Ground.mat
  artifactKey: Guid(73a4275097adc11468b30c4a96cad693) Importer(815301076,1909f56bfc062723c751e8b465ee728b)
Start importing Assets/Low Poly Environment Starter Kit/Source/Material/HDRP/Ground.mat using Guid(73a4275097adc11468b30c4a96cad693) Importer(815301076,1909f56bfc062723c751e8b465ee728b)  -> (artifact id: 'c953b889bb9330aca83e93c41e307793') in 0.008826 seconds
Number of updated asset objects reloaded before import = 0
Number of asset objects unloaded after import = 3
========================================================================
Received Import Request.
  Time since last request: 0.626886 seconds.
  path: Assets/Low Poly Environment Starter Kit/Source/Material/Standard/Bark.mat
  artifactKey: Guid(f1ae7b91dd7e1d74884e29e8c66d18e0) Importer(815301076,1909f56bfc062723c751e8b465ee728b)
Start importing Assets/Low Poly Environment Starter Kit/Source/Material/Standard/Bark.mat using Guid(f1ae7b91dd7e1d74884e29e8c66d18e0) Importer(815301076,1909f56bfc062723c751e8b465ee728b)  -> (artifact id: '2fbad433e9bba87a7402bbc73d7f2908') in 0.023464 seconds
Number of updated asset objects reloaded before import = 0
Number of asset objects unloaded after import = 1
========================================================================
Received Import Request.
  Time since last request: 0.000018 seconds.
  path: Assets/Low Poly Environment Starter Kit/Source/Material/Standard/Tree Bark.mat
  artifactKey: Guid(e747e5a42b992c840a261a170693a4a5) Importer(815301076,1909f56bfc062723c751e8b465ee728b)
Start importing Assets/Low Poly Environment Starter Kit/Source/Material/Standard/Tree Bark.mat using Guid(e747e5a42b992c840a261a170693a4a5) Importer(815301076,1909f56bfc062723c751e8b465ee728b)  -> (artifact id: '0982b8de163bd1e5d8feec7989f0e0b9') in 0.016550 seconds
Number of updated asset objects reloaded before import = 0
Number of asset objects unloaded after import = 1
========================================================================
Received Import Request.
  Time since last request: 0.000125 seconds.
  path: Assets/Low Poly Environment Starter Kit/Source/Material/Standard/Ground.mat
  artifactKey: Guid(8e85fad1e3c5ae8408a36a756fae14de) Importer(815301076,1909f56bfc062723c751e8b465ee728b)
Start importing Assets/Low Poly Environment Starter Kit/Source/Material/Standard/Ground.mat using Guid(8e85fad1e3c5ae8408a36a756fae14de) Importer(815301076,1909f56bfc062723c751e8b465ee728b)  -> (artifact id: '6b1ef419b343fd96f56a9cbdd0fa5687') in 0.017575 seconds
Number of updated asset objects reloaded before import = 0
Number of asset objects unloaded after import = 2
========================================================================
Received Import Request.
  Time since last request: 0.000018 seconds.
  path: Assets/Low Poly Environment Starter Kit/Source/Material/Standard/Rock.mat
  artifactKey: Guid(5917b1b061ef825448a9dfb748e4c681) Importer(815301076,1909f56bfc062723c751e8b465ee728b)
Start importing Assets/Low Poly Environment Starter Kit/Source/Material/Standard/Rock.mat using Guid(5917b1b061ef825448a9dfb748e4c681) Importer(815301076,1909f56bfc062723c751e8b465ee728b)  -> (artifact id: '9c2ee32203c5874fb41609371fefadf6') in 0.017772 seconds
Number of updated asset objects reloaded before import = 0
Number of asset objects unloaded after import = 1
========================================================================
Received Import Request.
  Time since last request: 0.000018 seconds.
  path: Assets/Low Poly Environment Starter Kit/Source/Material/Standard/Leaves 3.mat
  artifactKey: Guid(afc508e18b3eeba4cb52847367455f78) Importer(815301076,1909f56bfc062723c751e8b465ee728b)
Start importing Assets/Low Poly Environment Starter Kit/Source/Material/Standard/Leaves 3.mat using Guid(afc508e18b3eeba4cb52847367455f78) Importer(815301076,1909f56bfc062723c751e8b465ee728b)  -> (artifact id: '306f3ea9ea2fd97dadd356561abe5b56') in 0.016682 seconds
Number of updated asset objects reloaded before import = 0
Number of asset objects unloaded after import = 1
========================================================================
Received Import Request.
  Time since last request: 0.000054 seconds.
  path: Assets/Low Poly Environment Starter Kit/Source/Material/Standard/Pine Bark.mat
  artifactKey: Guid(1c15e3838f2318a4cb718a202311deab) Importer(815301076,1909f56bfc062723c751e8b465ee728b)
Start importing Assets/Low Poly Environment Starter Kit/Source/Material/Standard/Pine Bark.mat using Guid(1c15e3838f2318a4cb718a202311deab) Importer(815301076,1909f56bfc062723c751e8b465ee728b)  -> (artifact id: 'b058c59b92d1dd5bb543eb63f9a1b74e') in 0.017593 seconds
Number of updated asset objects reloaded before import = 0
Number of asset objects unloaded after import = 2
========================================================================
Received Import Request.
  Time since last request: 2.220410 seconds.
  path: Assets/Low Poly Environment Starter Kit/Source/Material/URP/Grass.mat
  artifactKey: Guid(ad42f0920d7a11445b0e8373db3fe46e) Importer(815301076,1909f56bfc062723c751e8b465ee728b)
Start importing Assets/Low Poly Environment Starter Kit/Source/Material/URP/Grass.mat using Guid(ad42f0920d7a11445b0e8373db3fe46e) Importer(815301076,1909f56bfc062723c751e8b465ee728b)  -> (artifact id: '40cd14c12d3ca08bd581356e369ad8e6') in 0.007451 seconds
Number of updated asset objects reloaded before import = 0
Number of asset objects unloaded after import = 3
========================================================================
Received Import Request.
  Time since last request: 0.000031 seconds.
  path: Assets/Low Poly Environment Starter Kit/Source/Material/URP/Sun.mat
  artifactKey: Guid(347233502e0d2a047ab6f4cebf882bfa) Importer(815301076,1909f56bfc062723c751e8b465ee728b)
Start importing Assets/Low Poly Environment Starter Kit/Source/Material/URP/Sun.mat using Guid(347233502e0d2a047ab6f4cebf882bfa) Importer(815301076,1909f56bfc062723c751e8b465ee728b)  -> (artifact id: '5dd76f9db11d5ee2012978157b7ed821') in 0.007521 seconds
Number of updated asset objects reloaded before import = 0
Number of asset objects unloaded after import = 2
========================================================================
Received Import Request.
  Time since last request: 0.000015 seconds.
  path: Assets/Low Poly Environment Starter Kit/Source/Material/URP/Stone.mat
  artifactKey: Guid(a1460b71b1d97194a88d6f8be1dffc42) Importer(815301076,1909f56bfc062723c751e8b465ee728b)
Start importing Assets/Low Poly Environment Starter Kit/Source/Material/URP/Stone.mat using Guid(a1460b71b1d97194a88d6f8be1dffc42) Importer(815301076,1909f56bfc062723c751e8b465ee728b)  -> (artifact id: '9e4e8e2822cda1d65aaf472df5445221') in 0.008728 seconds
Number of updated asset objects reloaded before import = 0
Number of asset objects unloaded after import = 2
========================================================================
Received Import Request.
  Time since last request: 0.000026 seconds.
  path: Assets/Low Poly Environment Starter Kit/Source/Material/URP/Tree Bark.mat
  artifactKey: Guid(a96f652dead598643b543f4d3df988c1) Importer(815301076,1909f56bfc062723c751e8b465ee728b)
Start importing Assets/Low Poly Environment Starter Kit/Source/Material/URP/Tree Bark.mat using Guid(a96f652dead598643b543f4d3df988c1) Importer(815301076,1909f56bfc062723c751e8b465ee728b)  -> (artifact id: 'a669dc2b02a95c020ef67bfda7973910') in 0.008826 seconds
Number of updated asset objects reloaded before import = 0
Number of asset objects unloaded after import = 2
========================================================================
Received Import Request.
  Time since last request: 0.000047 seconds.
  path: Assets/Low Poly Environment Starter Kit/Source/Material/URP/Snow.mat
  artifactKey: Guid(94507a5dde644bc4f9f6ea0e77e329e8) Importer(815301076,1909f56bfc062723c751e8b465ee728b)
Start importing Assets/Low Poly Environment Starter Kit/Source/Material/URP/Snow.mat using Guid(94507a5dde644bc4f9f6ea0e77e329e8) Importer(815301076,1909f56bfc062723c751e8b465ee728b)  -> (artifact id: 'bd1d41603ffdfbb809597c523a18b9d2') in 0.017065 seconds
Number of updated asset objects reloaded before import = 0
Number of asset objects unloaded after import = 1
========================================================================
Received Import Request.
  Time since last request: 0.989524 seconds.
  path: Assets/Low Poly Environment Starter Kit/Source/Material/URP/Bark.mat
  artifactKey: Guid(df6ee7873f6a70148849853cdf894ac0) Importer(815301076,1909f56bfc062723c751e8b465ee728b)
Start importing Assets/Low Poly Environment Starter Kit/Source/Material/URP/Bark.mat using Guid(df6ee7873f6a70148849853cdf894ac0) Importer(815301076,1909f56bfc062723c751e8b465ee728b)  -> (artifact id: '2a58cd618f8c5c2b7ec06ca7e4285f82') in 0.008388 seconds
Number of updated asset objects reloaded before import = 0
Number of asset objects unloaded after import = 2
========================================================================
Received Import Request.
  Time since last request: 5.131305 seconds.
  path: Assets/Low Poly Environment Starter Kit/Source/Meshes/Other/Bush_2.fbx
  artifactKey: Guid(45aa7baacf3cc6442be13c43f5a6349e) Importer(815301076,1909f56bfc062723c751e8b465ee728b)
Start importing Assets/Low Poly Environment Starter Kit/Source/Meshes/Other/Bush_2.fbx using Guid(45aa7baacf3cc6442be13c43f5a6349e) Importer(815301076,1909f56bfc062723c751e8b465ee728b)  -> (artifact id: '70a87be91a0416eb7c438ff36854e756') in 0.049415 seconds
Number of updated asset objects reloaded before import = 0
Number of asset objects unloaded after import = 7
========================================================================
Received Import Request.
  Time since last request: 0.000016 seconds.
  path: Assets/Low Poly Environment Starter Kit/Source/Meshes/Other/Water Plane.fbx
  artifactKey: Guid(9e8e08b7df908c344a6ab0d3fc8dfc38) Importer(815301076,1909f56bfc062723c751e8b465ee728b)
Start importing Assets/Low Poly Environment Starter Kit/Source/Meshes/Other/Water Plane.fbx using Guid(9e8e08b7df908c344a6ab0d3fc8dfc38) Importer(815301076,1909f56bfc062723c751e8b465ee728b)  -> (artifact id: 'e35f0e3aa2a4b3d947ebac933c95aa3e') in 0.020432 seconds
Number of updated asset objects reloaded before import = 0
Number of asset objects unloaded after import = 7
========================================================================
Received Import Request.
  Time since last request: 0.331953 seconds.
  path: Assets/Low Poly Environment Starter Kit/Source/Meshes/Terrains/Fields.fbx
  artifactKey: Guid(7682757c79b856b4ab635772ee8b893c) Importer(815301076,1909f56bfc062723c751e8b465ee728b)
Start importing Assets/Low Poly Environment Starter Kit/Source/Meshes/Terrains/Fields.fbx using Guid(7682757c79b856b4ab635772ee8b893c) Importer(815301076,1909f56bfc062723c751e8b465ee728b)  -> (artifact id: '1374cdc79607430e7b801bd8f28c83a6') in 0.076198 seconds
Number of updated asset objects reloaded before import = 0
Number of asset objects unloaded after import = 29
========================================================================
Received Import Request.
  Time since last request: 0.432747 seconds.
  path: Assets/Low Poly Environment Starter Kit/Source/Meshes/Trees/Pine2.fbx
  artifactKey: Guid(c34f8c18b3b661d4590498d4263977dd) Importer(815301076,1909f56bfc062723c751e8b465ee728b)
Start importing Assets/Low Poly Environment Starter Kit/Source/Meshes/Trees/Pine2.fbx using Guid(c34f8c18b3b661d4590498d4263977dd) Importer(815301076,1909f56bfc062723c751e8b465ee728b)  -> (artifact id: 'd67352fe64820e493b4b884cae139d00') in 0.036236 seconds
Number of updated asset objects reloaded before import = 0
Number of asset objects unloaded after import = 14
========================================================================
Received Import Request.
  Time since last request: 0.000019 seconds.
  path: Assets/Low Poly Environment Starter Kit/Source/Meshes/Trees/Tree_6.fbx
  artifactKey: Guid(e5daf289bed4a034faa5f437565784f1) Importer(815301076,1909f56bfc062723c751e8b465ee728b)
Start importing Assets/Low Poly Environment Starter Kit/Source/Meshes/Trees/Tree_6.fbx using Guid(e5daf289bed4a034faa5f437565784f1) Importer(815301076,1909f56bfc062723c751e8b465ee728b)  -> (artifact id: 'a695889abefb69bcf3f52be068a09dc1') in 0.038580 seconds
Number of updated asset objects reloaded before import = 0
Number of asset objects unloaded after import = 14
========================================================================
Received Import Request.
  Time since last request: 0.000029 seconds.
  path: Assets/Low Poly Environment Starter Kit/Source/Meshes/Trees/Pine5.fbx
  artifactKey: Guid(ebdf8a63c4c10294b9d9adb53d34eade) Importer(815301076,1909f56bfc062723c751e8b465ee728b)
Start importing Assets/Low Poly Environment Starter Kit/Source/Meshes/Trees/Pine5.fbx using Guid(ebdf8a63c4c10294b9d9adb53d34eade) Importer(815301076,1909f56bfc062723c751e8b465ee728b)  -> (artifact id: '7df41e205a77e880df19c14e1d0c9af6') in 0.033151 seconds
Number of updated asset objects reloaded before import = 0
Number of asset objects unloaded after import = 14
========================================================================
Received Import Request.
  Time since last request: 0.000028 seconds.
  path: Assets/Low Poly Environment Starter Kit/Source/Meshes/Trees/Tree_3.fbx
  artifactKey: Guid(c4167db5b13ec5f49995855c426f638d) Importer(815301076,1909f56bfc062723c751e8b465ee728b)
Start importing Assets/Low Poly Environment Starter Kit/Source/Meshes/Trees/Tree_3.fbx using Guid(c4167db5b13ec5f49995855c426f638d) Importer(815301076,1909f56bfc062723c751e8b465ee728b)  -> (artifact id: '90c18416e3f25f473d15d548e87a368c') in 0.030746 seconds
Number of updated asset objects reloaded before import = 0
Number of asset objects unloaded after import = 14
========================================================================
Received Import Request.
  Time since last request: 490.664691 seconds.
  path: Assets/Start Forest/Materials/vegetation_toon01_winter.mat
  artifactKey: Guid(77bcae9a59477eb4684c8f854190909f) Importer(815301076,1909f56bfc062723c751e8b465ee728b)
Start importing Assets/Start Forest/Materials/vegetation_toon01_winter.mat using Guid(77bcae9a59477eb4684c8f854190909f) Importer(815301076,1909f56bfc062723c751e8b465ee728b)  -> (artifact id: '7932ece71994d8dc1b5eded10a89a9e2') in 0.021782 seconds
Number of updated asset objects reloaded before import = 0
Number of asset objects unloaded after import = 2
========================================================================
Received Import Request.
  Time since last request: 0.000028 seconds.
  path: Assets/Start Forest/Materials/vegetation_toon04.mat
  artifactKey: Guid(85d998231b797274dacad317de5305a4) Importer(815301076,1909f56bfc062723c751e8b465ee728b)
Start importing Assets/Start Forest/Materials/vegetation_toon04.mat using Guid(85d998231b797274dacad317de5305a4) Importer(815301076,1909f56bfc062723c751e8b465ee728b)  -> (artifact id: 'f64c8239115b53f812a9e85cfac491fe') in 0.135936 seconds
Number of updated asset objects reloaded before import = 0
Number of asset objects unloaded after import = 2
Editor requested this worker to shutdown with reason: Scaling down because of idle timeout
AssetImportWorker is now disconnected from the server
Process exiting
Exiting without the bug reporter. Application will terminate with return code 0