Using pre-set license
Built from '2023.1/staging' branch; Version is '2023.1.20f1 (35a524b12060) revision 3515684'; Using compiler version '192829333'; Build Type 'Release'
OS: 'Windows 11  (10.0.22631) 64bit Core' Language: 'en' Physical Memory: 32699 MB
BatchMode: 1, IsHumanControllingUs: 0, StartBugReporterOnCrash: 0, Is64bit: 1, IsPro: 1

COMMAND LINE ARGUMENTS:
C:\Program Files\Unity\Hub\Editor\2023.1.20f1\Editor\Unity.exe
-adb2
-batchMode
-noUpm
-name
AssetImportWorker9
-projectPath
C:/UnityGame/MagicInsector
-logFile
Logs/AssetImportWorker9.log
-srvPort
61824
Successfully changed project path to: C:/UnityGame/MagicInsector
C:/UnityGame/MagicInsector
[UnityMemory] Configuration Parameters - Can be set up in boot.config
    "memorysetup-bucket-allocator-granularity=16"
    "memorysetup-bucket-allocator-bucket-count=8"
    "memorysetup-bucket-allocator-block-size=33554432"
    "memorysetup-bucket-allocator-block-count=8"
    "memorysetup-main-allocator-block-size=16777216"
    "memorysetup-thread-allocator-block-size=16777216"
    "memorysetup-gfx-main-allocator-block-size=16777216"
    "memorysetup-gfx-thread-allocator-block-size=16777216"
    "memorysetup-cache-allocator-block-size=4194304"
    "memorysetup-typetree-allocator-block-size=2097152"
    "memorysetup-profiler-bucket-allocator-granularity=16"
    "memorysetup-profiler-bucket-allocator-bucket-count=8"
    "memorysetup-profiler-bucket-allocator-block-size=33554432"
    "memorysetup-profiler-bucket-allocator-block-count=8"
    "memorysetup-profiler-allocator-block-size=16777216"
    "memorysetup-profiler-editor-allocator-block-size=1048576"
    "memorysetup-temp-allocator-size-main=16777216"
    "memorysetup-job-temp-allocator-block-size=2097152"
    "memorysetup-job-temp-allocator-block-size-background=1048576"
    "memorysetup-job-temp-allocator-reduction-small-platforms=262144"
    "memorysetup-allocator-temp-initial-block-size-main=262144"
    "memorysetup-allocator-temp-initial-block-size-worker=262144"
    "memorysetup-temp-allocator-size-background-worker=32768"
    "memorysetup-temp-allocator-size-job-worker=262144"
    "memorysetup-temp-allocator-size-preload-manager=33554432"
    "memorysetup-temp-allocator-size-nav-mesh-worker=65536"
    "memorysetup-temp-allocator-size-audio-worker=65536"
    "memorysetup-temp-allocator-size-cloud-worker=32768"
    "memorysetup-temp-allocator-size-gi-baking-worker=262144"
    "memorysetup-temp-allocator-size-gfx=262144"
Player connection [5856] Host "[IP] 192.168.0.175 [Port] 0 [Flags] 2 [Guid] 3854588605 [EditorId] 3854588605 [Version] 1048832 [Id] WindowsEditor(7,DESKTOP-CV2C3R8) [Debug] 1 [PackageName] WindowsEditor [ProjectName] Editor" joined multi-casting on [225.0.0.222:54997]...

Player connection [5856] Host "[IP] 192.168.0.175 [Port] 0 [Flags] 2 [Guid] 3854588605 [EditorId] 3854588605 [Version] 1048832 [Id] WindowsEditor(7,DESKTOP-CV2C3R8) [Debug] 1 [PackageName] WindowsEditor [ProjectName] Editor" joined alternative multi-casting on [225.0.0.222:34997]...

[Physics::Module] Initialized MultithreadedJobDispatcher with 11 workers.
Library Redirect Path: Library/Refreshing native plugins compatible for Editor in 13.78 ms, found 5 plugins.
Preloading 0 native plugins for Editor in 0.00 ms.
Initialize engine version: 2023.1.20f1 (35a524b12060)
[Subsystems] Discovering subsystems at path C:/Program Files/Unity/Hub/Editor/2023.1.20f1/Editor/Data/Resources/UnitySubsystems
[Subsystems] Discovering subsystems at path C:/UnityGame/MagicInsector/Assets
GfxDevice: creating device client; threaded=0; jobified=0
Direct3D:
    Version:  Direct3D 11.0 [level 11.1]
    Renderer: NVIDIA GeForce RTX 3070 (ID=0x2484)
    Vendor:   NVIDIA
    VRAM:     8018 MB
    Driver:   32.0.15.6590
Initialize mono
Mono path[0] = 'C:/Program Files/Unity/Hub/Editor/2023.1.20f1/Editor/Data/Managed'
Mono path[1] = 'C:/Program Files/Unity/Hub/Editor/2023.1.20f1/Editor/Data/MonoBleedingEdge/lib/mono/unityjit-win32'
Mono config path = 'C:/Program Files/Unity/Hub/Editor/2023.1.20f1/Editor/Data/MonoBleedingEdge/etc'
Using monoOptions --debugger-agent=transport=dt_socket,embedding=1,server=y,suspend=n,address=127.0.0.1:56448
Begin MonoManager ReloadAssembly
C:\build\output\Unity-Technologies\mono\mono\metadata\icall.c:1842:
C:\build\output\Unity-Technologies\mono\mono\metadata\icall.c:1842:
C:\build\output\Unity-Technologies\mono\mono\metadata\icall.c:1842:
C:\build\output\Unity-Technologies\mono\mono\metadata\icall.c:1842:
C:\build\output\Unity-Technologies\mono\mono\metadata\icall.c:1842:
C:\build\output\Unity-Technologies\mono\mono\metadata\icall.c:1842:
C:\build\output\Unity-Technologies\mono\mono\metadata\icall.c:1842:
C:\build\output\Unity-Technologies\mono\mono\metadata\icall.c:1842:
C:\build\output\Unity-Technologies\mono\mono\metadata\icall.c:1842:
C:\build\output\Unity-Technologies\mono\mono\metadata\icall.c:1842:
Registering precompiled unity dll's ...
Register platform support module: C:/Program Files/Unity/Hub/Editor/2023.1.20f1/Editor/Data/PlaybackEngines/WindowsStandaloneSupport/UnityEditor.WindowsStandalone.Extensions.dll
Register platform support module: C:/Program Files/Unity/Hub/Editor/2023.1.20f1/Editor/Data/PlaybackEngines/MetroSupport/UnityEditor.UWP.Extensions.dll
Register platform support module: C:/Program Files/Unity/Hub/Editor/2023.1.20f1/Editor/Data/PlaybackEngines/AndroidPlayer/UnityEditor.Android.Extensions.dll
Registered in 0.004783 seconds.
- Loaded All Assemblies, in  0.502 seconds
Native extension for Android target not found
Android Extension - Scanning For ADB Devices 393 ms
Native extension for UWP target not found
Native extension for WindowsStandalone target not found
Mono: successfully reloaded assembly
C:\build\output\Unity-Technologies\mono\mono\metadata\icall.c:1842:
C:\build\output\Unity-Technologies\mono\mono\metadata\icall.c:1842:
- Finished resetting the current domain, in  0.830 seconds
Domain Reload Profiling: 1329ms
	BeginReloadAssembly (158ms)
		ExecutionOrderSort (0ms)
		DisableScriptedObjects (0ms)
		BackupInstance (0ms)
		ReleaseScriptingObjects (0ms)
		CreateAndSetChildDomain (1ms)
	RebuildCommonClasses (42ms)
	RebuildNativeTypeToScriptingClass (14ms)
	initialDomainReloadingComplete (57ms)
	LoadAllAssembliesAndSetupDomain (227ms)
		LoadAssemblies (155ms)
		RebuildTransferFunctionScriptingTraits (0ms)
		AnalyzeDomain (219ms)
			TypeCache.Refresh (218ms)
				TypeCache.ScanAssembly (202ms)
			ScanForSourceGeneratedMonoScriptInfo (1ms)
			ResolveRequiredComponents (0ms)
	FinalizeReload (831ms)
		ReleaseScriptCaches (0ms)
		RebuildScriptCaches (0ms)
		SetupLoadedEditorAssemblies (785ms)
			LogAssemblyErrors (0ms)
			InitializePlatformSupportModulesInManaged (520ms)
			SetLoadedEditorAssemblies (5ms)
			BeforeProcessingInitializeOnLoad (12ms)
			ProcessInitializeOnLoadAttributes (182ms)
			ProcessInitializeOnLoadMethodAttributes (66ms)
			AfterProcessingInitializeOnLoad (0ms)
			EditorAssembliesLoaded (0ms)
		ExecutionOrderSort2 (0ms)
		AwakeInstancesAfterBackupRestoration (0ms)
========================================================================
Worker process is ready to serve import requests
Import Worker Mode flag is 0x00
Begin MonoManager ReloadAssembly
C:\build\output\Unity-Technologies\mono\mono\metadata\icall.c:1842:
C:\build\output\Unity-Technologies\mono\mono\metadata\icall.c:1842:
C:\build\output\Unity-Technologies\mono\mono\metadata\icall.c:1842:
C:\build\output\Unity-Technologies\mono\mono\metadata\icall.c:1842:
C:\build\output\Unity-Technologies\mono\mono\metadata\icall.c:1842:
C:\build\output\Unity-Technologies\mono\mono\metadata\icall.c:1842:
C:\build\output\Unity-Technologies\mono\mono\metadata\icall.c:1842:
C:\build\output\Unity-Technologies\mono\mono\metadata\icall.c:1842:
C:\build\output\Unity-Technologies\mono\mono\metadata\icall.c:1842:
C:\build\output\Unity-Technologies\mono\mono\metadata\icall.c:1842:
C:\build\output\Unity-Technologies\mono\mono\metadata\icall.c:1842:
C:\build\output\Unity-Technologies\mono\mono\metadata\icall.c:1842:
- Loaded All Assemblies, in  1.019 seconds
Refreshing native plugins compatible for Editor in 7.04 ms, found 5 plugins.
Native extension for Android target not found
Native extension for UWP target not found
Native extension for WindowsStandalone target not found
[MODES] ModeService[none].Initialize
[MODES] ModeService[none].LoadModes
[MODES] Loading mode Default (0) for mode-current-id-TD
Mono: successfully reloaded assembly
- Finished resetting the current domain, in  0.880 seconds
Domain Reload Profiling: 1895ms
	BeginReloadAssembly (293ms)
		ExecutionOrderSort (0ms)
		DisableScriptedObjects (6ms)
		BackupInstance (0ms)
		ReleaseScriptingObjects (0ms)
		CreateAndSetChildDomain (36ms)
	RebuildCommonClasses (38ms)
	RebuildNativeTypeToScriptingClass (14ms)
	initialDomainReloadingComplete (40ms)
	LoadAllAssembliesAndSetupDomain (630ms)
		LoadAssemblies (329ms)
		RebuildTransferFunctionScriptingTraits (0ms)
		AnalyzeDomain (394ms)
			TypeCache.Refresh (357ms)
				TypeCache.ScanAssembly (340ms)
			ScanForSourceGeneratedMonoScriptInfo (25ms)
			ResolveRequiredComponents (10ms)
	FinalizeReload (881ms)
		ReleaseScriptCaches (0ms)
		RebuildScriptCaches (0ms)
		SetupLoadedEditorAssemblies (631ms)
			LogAssemblyErrors (0ms)
			InitializePlatformSupportModulesInManaged (22ms)
			SetLoadedEditorAssemblies (3ms)
			BeforeProcessingInitializeOnLoad (93ms)
			ProcessInitializeOnLoadAttributes (476ms)
			ProcessInitializeOnLoadMethodAttributes (30ms)
			AfterProcessingInitializeOnLoad (6ms)
			EditorAssembliesLoaded (0ms)
		ExecutionOrderSort2 (0ms)
		AwakeInstancesAfterBackupRestoration (9ms)
Launched and connected shader compiler UnityShaderCompiler.exe after 0.02 seconds
Refreshing native plugins compatible for Editor in 5.51 ms, found 5 plugins.
Preloading 0 native plugins for Editor in 0.00 ms.
Unloading 4217 Unused Serialized files (Serialized files now loaded: 0)
Unloading 113 unused Assets / (4.3 MB). Loaded Objects now: 4755.
Memory consumption went from 251.1 MB to 246.8 MB.
Total: 7.116800 ms (FindLiveObjects: 0.413700 ms CreateObjectMapping: 0.109900 ms MarkObjects: 5.009900 ms  DeleteObjects: 1.582200 ms)

AssetImportParameters requested are different than current active one (requested -> active):
  custom:video-decoder-webm-vp8: 9c59270c3fd7afecdb556c50c9e8de78 -> 
  custom:SearchIndexIgnoredProperties: e643bd26f0fe6173181afceb89e7c659 -> 
  custom:audio-encoder-webm-vorbis: bf7c407c2cedff20999df2af8eb42d56 -> 
  custom:AudioImporter_EditorPlatform: d09bf68614088b80899f8185d706f6e7 -> 
  custom:audio-decoder-ogg-vorbis: bf7c407c2cedff20999df2af8eb42d56 -> 
  custom:video-encoder-webm-vp8: eb34c28f22e8b96e1ab97ce403110664 -> 
  custom:container-demuxer-ogg: 62fdf1f143b41e24485cea50d1cbac27 -> 
  custom:framework-win-MediaFoundation: 216162199b28c13a410421893ffa2e32 -> 
  custom:video-decoder-ogg-theora: a1e56fd34408186e4bbccfd4996cb3dc -> 
  custom:container-muxer-webm: aa71ff27fc2769a1b78a27578f13a17b -> 
  custom:video-codec-MediaFoundation-h265: 746d11721c4dcdbdad8f713fa42b33f4 -> 
  custom:CustomObjectIndexerAttribute: d54d2f2da18e7612c182cf67624b6b12 -> 
  custom:container-demuxer-webm: 4f35f7cbe854078d1ac9338744f61a02 -> 
========================================================================
Received Import Request.
  Time since last request: 786845.153640 seconds.
  path: Assets/Unity_content/Textures/StylizedIceTextures/Ice_3/Ice_3.terrainlayer
  artifactKey: Guid(2d59a1b5d1049814b85c3dab27e2de5e) Importer(815301076,1909f56bfc062723c751e8b465ee728b)
Start importing Assets/Unity_content/Textures/StylizedIceTextures/Ice_3/Ice_3.terrainlayer using Guid(2d59a1b5d1049814b85c3dab27e2de5e) Importer(815301076,1909f56bfc062723c751e8b465ee728b)  -> (artifact id: '4501eab7657a287600db0cc6dd53e6ae') in 0.095035 seconds
Number of updated asset objects reloaded before import = 0
Number of asset objects unloaded after import = 4
========================================================================
Received Import Request.
  Time since last request: 0.000046 seconds.
  path: Assets/Unity_content/Textures/StylizedIceTextures/Ice_3/Ice_3_Roughness.png
  artifactKey: Guid(f42ab3c4d06bba743a46899b6db2b897) Importer(815301076,1909f56bfc062723c751e8b465ee728b)
Start importing Assets/Unity_content/Textures/StylizedIceTextures/Ice_3/Ice_3_Roughness.png using Guid(f42ab3c4d06bba743a46899b6db2b897) Importer(815301076,1909f56bfc062723c751e8b465ee728b)  -> (artifact id: '3d1b8f69e4da06e7afc35cacf0fc2710') in 0.033599 seconds
Number of updated asset objects reloaded before import = 0
Number of asset objects unloaded after import = 2
========================================================================
Received Import Request.
  Time since last request: 0.000026 seconds.
  path: Assets/Unity_content/Textures/StylizedIceTextures/Ice_3/Ice_3_Height.png
  artifactKey: Guid(ac5b8b32168a0ca41be6e018b31d6330) Importer(815301076,1909f56bfc062723c751e8b465ee728b)
Start importing Assets/Unity_content/Textures/StylizedIceTextures/Ice_3/Ice_3_Height.png using Guid(ac5b8b32168a0ca41be6e018b31d6330) Importer(815301076,1909f56bfc062723c751e8b465ee728b)  -> (artifact id: 'dba35af70466fdc0c2a77eb57ca9cdd4') in 0.020432 seconds
Number of updated asset objects reloaded before import = 0
Number of asset objects unloaded after import = 2
========================================================================
Received Import Request.
  Time since last request: 0.000017 seconds.
  path: Assets/Unity_content/Textures/StylizedIceTextures/Ice_3/Ice_3_AmbientOcclusion.png
  artifactKey: Guid(806a1047ef08a9846b260b7699b97aef) Importer(815301076,1909f56bfc062723c751e8b465ee728b)
Start importing Assets/Unity_content/Textures/StylizedIceTextures/Ice_3/Ice_3_AmbientOcclusion.png using Guid(806a1047ef08a9846b260b7699b97aef) Importer(815301076,1909f56bfc062723c751e8b465ee728b)  -> (artifact id: 'e476140109e2a315b24b8ed7f5195757') in 0.017283 seconds
Number of updated asset objects reloaded before import = 0
Number of asset objects unloaded after import = 2
========================================================================
Received Import Request.
  Time since last request: 0.466290 seconds.
  path: Assets/Unity_content/Textures/StylizedIceTextures/Snow_4/Snow_4.terrainlayer
  artifactKey: Guid(6583c1089bf87114bab975c49c147675) Importer(815301076,1909f56bfc062723c751e8b465ee728b)
Start importing Assets/Unity_content/Textures/StylizedIceTextures/Snow_4/Snow_4.terrainlayer using Guid(6583c1089bf87114bab975c49c147675) Importer(815301076,1909f56bfc062723c751e8b465ee728b)  -> (artifact id: 'f8a7d423af015fe734f6c82055355ac8') in 0.024091 seconds
Number of updated asset objects reloaded before import = 0
Number of asset objects unloaded after import = 4
========================================================================
Received Import Request.
  Time since last request: 0.000023 seconds.
  path: Assets/Unity_content/Textures/StylizedIceTextures/Snow_4/Snow_4_AmbientOcclusion.png
  artifactKey: Guid(aa947cc916ecaa14ea899b1352d57a83) Importer(815301076,1909f56bfc062723c751e8b465ee728b)
Start importing Assets/Unity_content/Textures/StylizedIceTextures/Snow_4/Snow_4_AmbientOcclusion.png using Guid(aa947cc916ecaa14ea899b1352d57a83) Importer(815301076,1909f56bfc062723c751e8b465ee728b)  -> (artifact id: '95b9ecbd51aaf9a1c991f0b80d68a4ae') in 0.020112 seconds
Number of updated asset objects reloaded before import = 0
Number of asset objects unloaded after import = 2
========================================================================
Received Import Request.
  Time since last request: 0.000017 seconds.
  path: Assets/Unity_content/Textures/StylizedIceTextures/Snow_4/Snow_4_Height.png
  artifactKey: Guid(77426d526ef7ac242a9a03bbcc6e94c1) Importer(815301076,1909f56bfc062723c751e8b465ee728b)
Start importing Assets/Unity_content/Textures/StylizedIceTextures/Snow_4/Snow_4_Height.png using Guid(77426d526ef7ac242a9a03bbcc6e94c1) Importer(815301076,1909f56bfc062723c751e8b465ee728b)  -> (artifact id: '6d40d0f0e8046f66972c69096fd339d0') in 0.019512 seconds
Number of updated asset objects reloaded before import = 0
Number of asset objects unloaded after import = 2
========================================================================
Received Import Request.
  Time since last request: 1.380657 seconds.
  path: Assets/Unity_content/Textures/StylizedForestTextures/Cliff_3/Cliff_3.terrainlayer
  artifactKey: Guid(34a79d5876d83b24297c3d9a7bb7370b) Importer(815301076,1909f56bfc062723c751e8b465ee728b)
Start importing Assets/Unity_content/Textures/StylizedForestTextures/Cliff_3/Cliff_3.terrainlayer using Guid(34a79d5876d83b24297c3d9a7bb7370b) Importer(815301076,1909f56bfc062723c751e8b465ee728b)  -> (artifact id: '347191ca0b12b7499c299c082dcd0e33') in 0.021497 seconds
Number of updated asset objects reloaded before import = 0
Number of asset objects unloaded after import = 4
========================================================================
Received Import Request.
  Time since last request: 0.003611 seconds.
  path: Assets/Unity_content/Textures/StylizedForestTextures/Cliff_3/Cliff_3_AmbientOcclusion.png
  artifactKey: Guid(120a30f02d4a4654e8aa69ccabedeb3d) Importer(815301076,1909f56bfc062723c751e8b465ee728b)
Start importing Assets/Unity_content/Textures/StylizedForestTextures/Cliff_3/Cliff_3_AmbientOcclusion.png using Guid(120a30f02d4a4654e8aa69ccabedeb3d) Importer(815301076,1909f56bfc062723c751e8b465ee728b)  -> (artifact id: '8481ed69b7b4043ea65105fbc683ddb1') in 0.017874 seconds
Number of updated asset objects reloaded before import = 0
Number of asset objects unloaded after import = 2
========================================================================
Received Import Request.
  Time since last request: 0.000020 seconds.
  path: Assets/Unity_content/Textures/StylizedForestTextures/Cliff_3/Cliff_3_Normal.png
  artifactKey: Guid(f7627922db039884e849d99b8aaf3e92) Importer(815301076,1909f56bfc062723c751e8b465ee728b)
Start importing Assets/Unity_content/Textures/StylizedForestTextures/Cliff_3/Cliff_3_Normal.png using Guid(f7627922db039884e849d99b8aaf3e92) Importer(815301076,1909f56bfc062723c751e8b465ee728b)  -> (artifact id: 'c22b7738d0484abe8da01fafb7ff1578') in 0.026867 seconds
Number of updated asset objects reloaded before import = 0
Number of asset objects unloaded after import = 2
========================================================================
Received Import Request.
  Time since last request: 0.000020 seconds.
  path: Assets/Unity_content/Textures/StylizedForestTextures/Cliff_3/Cliff_3_Roughness.png
  artifactKey: Guid(1446785b5ae3f274eb68fa98f44389d8) Importer(815301076,1909f56bfc062723c751e8b465ee728b)
Start importing Assets/Unity_content/Textures/StylizedForestTextures/Cliff_3/Cliff_3_Roughness.png using Guid(1446785b5ae3f274eb68fa98f44389d8) Importer(815301076,1909f56bfc062723c751e8b465ee728b)  -> (artifact id: '9f5d1f7f926a35f460bff748b7e794ab') in 0.019471 seconds
Number of updated asset objects reloaded before import = 0
Number of asset objects unloaded after import = 2
========================================================================
Received Import Request.
  Time since last request: 0.000038 seconds.
  path: Assets/Unity_content/Textures/StylizedForestTextures/Cliff_3/Cliff_3_BaseColor.png
  artifactKey: Guid(91e362541b37fe947a8296386e22344f) Importer(815301076,1909f56bfc062723c751e8b465ee728b)
Start importing Assets/Unity_content/Textures/StylizedForestTextures/Cliff_3/Cliff_3_BaseColor.png using Guid(91e362541b37fe947a8296386e22344f) Importer(815301076,1909f56bfc062723c751e8b465ee728b)  -> (artifact id: 'cf36e9ffb8753194dd54f813d85a04db') in 0.016915 seconds
Number of updated asset objects reloaded before import = 0
Number of asset objects unloaded after import = 2
========================================================================
Received Import Request.
  Time since last request: 0.000022 seconds.
  path: Assets/Unity_content/Textures/StylizedForestTextures/Cliff_3/Cliff_3_Height.png
  artifactKey: Guid(e503f96269599594cb66b5e353290180) Importer(815301076,1909f56bfc062723c751e8b465ee728b)
Start importing Assets/Unity_content/Textures/StylizedForestTextures/Cliff_3/Cliff_3_Height.png using Guid(e503f96269599594cb66b5e353290180) Importer(815301076,1909f56bfc062723c751e8b465ee728b)  -> (artifact id: 'b7e575ab262418fb62d3478768b7ff97') in 0.018995 seconds
Number of updated asset objects reloaded before import = 0
Number of asset objects unloaded after import = 2
========================================================================
Received Import Request.
  Time since last request: 1.607738 seconds.
  path: Assets/Unity_content/Textures/StylizedDesertTextures/Rocks_1_Sand_3/Rock_1_Sand_3.terrainlayer
  artifactKey: Guid(2570733b4b508b542975403ec208b3be) Importer(815301076,1909f56bfc062723c751e8b465ee728b)
Start importing Assets/Unity_content/Textures/StylizedDesertTextures/Rocks_1_Sand_3/Rock_1_Sand_3.terrainlayer using Guid(2570733b4b508b542975403ec208b3be) Importer(815301076,1909f56bfc062723c751e8b465ee728b)  -> (artifact id: '4d8862f3a12d6c2de31d0cfc1627e353') in 0.022436 seconds
Number of updated asset objects reloaded before import = 0
Number of asset objects unloaded after import = 4
========================================================================
Received Import Request.
  Time since last request: 0.000042 seconds.
  path: Assets/Unity_content/Textures/StylizedDesertTextures/Rocks_1_Sand_3/Rocks_1_Sand_3_Height.png
  artifactKey: Guid(4d09fee64dc0ae14d9a1c435d0535aed) Importer(815301076,1909f56bfc062723c751e8b465ee728b)
Start importing Assets/Unity_content/Textures/StylizedDesertTextures/Rocks_1_Sand_3/Rocks_1_Sand_3_Height.png using Guid(4d09fee64dc0ae14d9a1c435d0535aed) Importer(815301076,1909f56bfc062723c751e8b465ee728b)  -> (artifact id: 'fc6d927b9a94b9dfd190b4508ce2526a') in 0.019659 seconds
Number of updated asset objects reloaded before import = 0
Number of asset objects unloaded after import = 2
========================================================================
Received Import Request.
  Time since last request: 0.000016 seconds.
  path: Assets/Unity_content/Textures/StylizedDesertTextures/Rocks_1_Sand_3/Rocks_1_Sand_3_AmbientOcclusion.png
  artifactKey: Guid(aa9d3601a6bd8354190cf1f4611111d0) Importer(815301076,1909f56bfc062723c751e8b465ee728b)
Start importing Assets/Unity_content/Textures/StylizedDesertTextures/Rocks_1_Sand_3/Rocks_1_Sand_3_AmbientOcclusion.png using Guid(aa9d3601a6bd8354190cf1f4611111d0) Importer(815301076,1909f56bfc062723c751e8b465ee728b)  -> (artifact id: '5553518dcfc852a2b2e34a776dc238ec') in 0.019550 seconds
Number of updated asset objects reloaded before import = 0
Number of asset objects unloaded after import = 2
========================================================================
Received Import Request.
  Time since last request: 0.545657 seconds.
  path: Assets/Unity_content/Textures/StylizedDesertTextures/Sand_1/Sand_1.terrainlayer
  artifactKey: Guid(4319d3f61c29b0643ab12f4350cac55d) Importer(815301076,1909f56bfc062723c751e8b465ee728b)
Start importing Assets/Unity_content/Textures/StylizedDesertTextures/Sand_1/Sand_1.terrainlayer using Guid(4319d3f61c29b0643ab12f4350cac55d) Importer(815301076,1909f56bfc062723c751e8b465ee728b)  -> (artifact id: '617a0d13ecdb7d164b79864420cbafea') in 0.024967 seconds
Number of updated asset objects reloaded before import = 0
Number of asset objects unloaded after import = 4
========================================================================
Received Import Request.
  Time since last request: 0.000025 seconds.
  path: Assets/Unity_content/Textures/StylizedDesertTextures/Sand_1/Sand_1_AmbientOcclusion.png
  artifactKey: Guid(78cb7dc87fc63074ba6da439f9e7d574) Importer(815301076,1909f56bfc062723c751e8b465ee728b)
Start importing Assets/Unity_content/Textures/StylizedDesertTextures/Sand_1/Sand_1_AmbientOcclusion.png using Guid(78cb7dc87fc63074ba6da439f9e7d574) Importer(815301076,1909f56bfc062723c751e8b465ee728b)  -> (artifact id: 'a608e0d45a0ad3146376ab03baeb6a52') in 0.026995 seconds
Number of updated asset objects reloaded before import = 0
Number of asset objects unloaded after import = 2
========================================================================
Received Import Request.
  Time since last request: 0.000026 seconds.
  path: Assets/Unity_content/Textures/StylizedDesertTextures/Sand_1/Sand_1_Normal.png
  artifactKey: Guid(302ddbefe653e71408c2c43abfb75d3c) Importer(815301076,1909f56bfc062723c751e8b465ee728b)
Start importing Assets/Unity_content/Textures/StylizedDesertTextures/Sand_1/Sand_1_Normal.png using Guid(302ddbefe653e71408c2c43abfb75d3c) Importer(815301076,1909f56bfc062723c751e8b465ee728b)  -> (artifact id: 'a4e122d32bc6b15fcad5f34a69f39cbc') in 0.019331 seconds
Number of updated asset objects reloaded before import = 0
Number of asset objects unloaded after import = 2
========================================================================
Received Import Request.
  Time since last request: 0.000066 seconds.
  path: Assets/Unity_content/Textures/StylizedDesertTextures/Sand_1/Sand_1_Roughness.png
  artifactKey: Guid(8d31fec5a17b19f47a1604a1d00f562a) Importer(815301076,1909f56bfc062723c751e8b465ee728b)
Start importing Assets/Unity_content/Textures/StylizedDesertTextures/Sand_1/Sand_1_Roughness.png using Guid(8d31fec5a17b19f47a1604a1d00f562a) Importer(815301076,1909f56bfc062723c751e8b465ee728b)  -> (artifact id: '1be28072ec7885b376d0235474ecf06e') in 0.016196 seconds
Number of updated asset objects reloaded before import = 0
Number of asset objects unloaded after import = 2
========================================================================
Received Import Request.
  Time since last request: 47.287399 seconds.
  path: Assets/Unity_content/Textures/StylizedLavaTextures/Dry_Lava/Dry_Lava_BaseColor.png
  artifactKey: Guid(191dc07ce4b300c46b8135046fe1cc7e) Importer(815301076,1909f56bfc062723c751e8b465ee728b)
Start importing Assets/Unity_content/Textures/StylizedLavaTextures/Dry_Lava/Dry_Lava_BaseColor.png using Guid(191dc07ce4b300c46b8135046fe1cc7e) Importer(815301076,1909f56bfc062723c751e8b465ee728b)  -> (artifact id: 'b764b9aefac5fc161207e0ebb95774e2') in 0.028460 seconds
Number of updated asset objects reloaded before import = 0
Number of asset objects unloaded after import = 2
========================================================================
Received Import Request.
  Time since last request: 0.000018 seconds.
  path: Assets/Unity_content/Textures/StylizedLavaTextures/Dry_Lava/Dry_Lava_Height.png
  artifactKey: Guid(380f7833db0c20741a96b9b56cf2d1e8) Importer(815301076,1909f56bfc062723c751e8b465ee728b)
Start importing Assets/Unity_content/Textures/StylizedLavaTextures/Dry_Lava/Dry_Lava_Height.png using Guid(380f7833db0c20741a96b9b56cf2d1e8) Importer(815301076,1909f56bfc062723c751e8b465ee728b)  -> (artifact id: '8594ab8472f9a2584f6fafe418a0cbaf') in 0.020822 seconds
Number of updated asset objects reloaded before import = 0
Number of asset objects unloaded after import = 2
========================================================================
Received Import Request.
  Time since last request: 0.000047 seconds.
  path: Assets/Unity_content/Textures/StylizedLavaTextures/Dry_Lava/Dry_Lava_Normal.png
  artifactKey: Guid(0258a49874d37ef4ca3e716ad72fd4fd) Importer(815301076,1909f56bfc062723c751e8b465ee728b)
Start importing Assets/Unity_content/Textures/StylizedLavaTextures/Dry_Lava/Dry_Lava_Normal.png using Guid(0258a49874d37ef4ca3e716ad72fd4fd) Importer(815301076,1909f56bfc062723c751e8b465ee728b)  -> (artifact id: '058c47eacd7dd0fbf66c6fa03ea1b65b') in 0.028000 seconds
Number of updated asset objects reloaded before import = 0
Number of asset objects unloaded after import = 2
========================================================================
Received Import Request.
  Time since last request: 0.715163 seconds.
  path: Assets/Unity_content/Textures/StylizedLavaTextures/Rock_Ground_Cliff_1/Rock_Ground_Cliff_1_BaseColor.png
  artifactKey: Guid(7f00d79e8f56b1b47b2b2f34c1d22cf6) Importer(815301076,1909f56bfc062723c751e8b465ee728b)
Start importing Assets/Unity_content/Textures/StylizedLavaTextures/Rock_Ground_Cliff_1/Rock_Ground_Cliff_1_BaseColor.png using Guid(7f00d79e8f56b1b47b2b2f34c1d22cf6) Importer(815301076,1909f56bfc062723c751e8b465ee728b)  -> (artifact id: '861eb4eea918b4b87bac5c0fdf202710') in 0.020566 seconds
Number of updated asset objects reloaded before import = 0
Number of asset objects unloaded after import = 2
========================================================================
Received Import Request.
  Time since last request: 0.000021 seconds.
  path: Assets/Unity_content/Textures/StylizedLavaTextures/Rock_Ground_Cliff_1/Rock_Ground_Cliff_1_Emissive.png
  artifactKey: Guid(5f891bae67f7d304d9a61acaa881a263) Importer(815301076,1909f56bfc062723c751e8b465ee728b)
Start importing Assets/Unity_content/Textures/StylizedLavaTextures/Rock_Ground_Cliff_1/Rock_Ground_Cliff_1_Emissive.png using Guid(5f891bae67f7d304d9a61acaa881a263) Importer(815301076,1909f56bfc062723c751e8b465ee728b)  -> (artifact id: '0475bbbda397f4062dd03661ea20af57') in 0.021278 seconds
Number of updated asset objects reloaded before import = 0
Number of asset objects unloaded after import = 2
========================================================================
Received Import Request.
  Time since last request: 13.388044 seconds.
  path: Assets/Unity_content/Textures/StylizedForestTextures/Grass_Mud/Grass_Mud_Basecolor.png
  artifactKey: Guid(a0c9a9da0e140d04ca2943dc740bae2f) Importer(815301076,1909f56bfc062723c751e8b465ee728b)
Start importing Assets/Unity_content/Textures/StylizedForestTextures/Grass_Mud/Grass_Mud_Basecolor.png using Guid(a0c9a9da0e140d04ca2943dc740bae2f) Importer(815301076,1909f56bfc062723c751e8b465ee728b)  -> (artifact id: '0176338acea301c3f54ca71dd0c2b2ea') in 0.024362 seconds
Number of updated asset objects reloaded before import = 0
Number of asset objects unloaded after import = 2
========================================================================
Received Import Request.
  Time since last request: 0.000027 seconds.
  path: Assets/Unity_content/Textures/StylizedForestTextures/Grass_Mud/Grass_Mud_Normal.png
  artifactKey: Guid(b217965dc434d8046b635d1832ec490f) Importer(815301076,1909f56bfc062723c751e8b465ee728b)
Start importing Assets/Unity_content/Textures/StylizedForestTextures/Grass_Mud/Grass_Mud_Normal.png using Guid(b217965dc434d8046b635d1832ec490f) Importer(815301076,1909f56bfc062723c751e8b465ee728b)  -> (artifact id: '65ca48731ec3c19618521802ed52977d') in 0.019211 seconds
Number of updated asset objects reloaded before import = 0
Number of asset objects unloaded after import = 2
Editor requested this worker to shutdown with reason: Scaling down because of idle timeout
AssetImportWorker is now disconnected from the server
Process exiting
Exiting without the bug reporter. Application will terminate with return code 0