Using pre-set license
Built from '2023.1/staging' branch; Version is '2023.1.20f1 (35a524b12060) revision 3515684'; Using compiler version '192829333'; Build Type 'Release'
OS: 'Windows 11  (10.0.22631) 64bit Core' Language: 'en' Physical Memory: 32699 MB
BatchMode: 1, IsHumanControllingUs: 0, StartBugReporterOnCrash: 0, Is64bit: 1, IsPro: 1

COMMAND LINE ARGUMENTS:
C:\Program Files\Unity\Hub\Editor\2023.1.20f1\Editor\Unity.exe
-adb2
-batchMode
-noUpm
-name
AssetImportWorker15
-projectPath
C:/UnityGame/MagicInsector
-logFile
Logs/AssetImportWorker15.log
-srvPort
61824
Successfully changed project path to: C:/UnityGame/MagicInsector
C:/UnityGame/MagicInsector
[UnityMemory] Configuration Parameters - Can be set up in boot.config
    "memorysetup-bucket-allocator-granularity=16"
    "memorysetup-bucket-allocator-bucket-count=8"
    "memorysetup-bucket-allocator-block-size=33554432"
    "memorysetup-bucket-allocator-block-count=8"
    "memorysetup-main-allocator-block-size=16777216"
    "memorysetup-thread-allocator-block-size=16777216"
    "memorysetup-gfx-main-allocator-block-size=16777216"
    "memorysetup-gfx-thread-allocator-block-size=16777216"
    "memorysetup-cache-allocator-block-size=4194304"
    "memorysetup-typetree-allocator-block-size=2097152"
    "memorysetup-profiler-bucket-allocator-granularity=16"
    "memorysetup-profiler-bucket-allocator-bucket-count=8"
    "memorysetup-profiler-bucket-allocator-block-size=33554432"
    "memorysetup-profiler-bucket-allocator-block-count=8"
    "memorysetup-profiler-allocator-block-size=16777216"
    "memorysetup-profiler-editor-allocator-block-size=1048576"
    "memorysetup-temp-allocator-size-main=16777216"
    "memorysetup-job-temp-allocator-block-size=2097152"
    "memorysetup-job-temp-allocator-block-size-background=1048576"
    "memorysetup-job-temp-allocator-reduction-small-platforms=262144"
    "memorysetup-allocator-temp-initial-block-size-main=262144"
    "memorysetup-allocator-temp-initial-block-size-worker=262144"
    "memorysetup-temp-allocator-size-background-worker=32768"
    "memorysetup-temp-allocator-size-job-worker=262144"
    "memorysetup-temp-allocator-size-preload-manager=33554432"
    "memorysetup-temp-allocator-size-nav-mesh-worker=65536"
    "memorysetup-temp-allocator-size-audio-worker=65536"
    "memorysetup-temp-allocator-size-cloud-worker=32768"
    "memorysetup-temp-allocator-size-gi-baking-worker=262144"
    "memorysetup-temp-allocator-size-gfx=262144"
Player connection [13240] Host "[IP] 192.168.0.175 [Port] 0 [Flags] 2 [Guid] 3791597776 [EditorId] 3791597776 [Version] 1048832 [Id] WindowsEditor(7,DESKTOP-CV2C3R8) [Debug] 1 [PackageName] WindowsEditor [ProjectName] Editor" joined multi-casting on [225.0.0.222:54997]...

Player connection [13240] Host "[IP] 192.168.0.175 [Port] 0 [Flags] 2 [Guid] 3791597776 [EditorId] 3791597776 [Version] 1048832 [Id] WindowsEditor(7,DESKTOP-CV2C3R8) [Debug] 1 [PackageName] WindowsEditor [ProjectName] Editor" joined alternative multi-casting on [225.0.0.222:34997]...

[Physics::Module] Initialized MultithreadedJobDispatcher with 11 workers.
Library Redirect Path: Library/Refreshing native plugins compatible for Editor in 10.74 ms, found 5 plugins.
Preloading 0 native plugins for Editor in 0.00 ms.
Initialize engine version: 2023.1.20f1 (35a524b12060)
[Subsystems] Discovering subsystems at path C:/Program Files/Unity/Hub/Editor/2023.1.20f1/Editor/Data/Resources/UnitySubsystems
[Subsystems] Discovering subsystems at path C:/UnityGame/MagicInsector/Assets
GfxDevice: creating device client; threaded=0; jobified=0
Direct3D:
    Version:  Direct3D 11.0 [level 11.1]
    Renderer: NVIDIA GeForce RTX 3070 (ID=0x2484)
    Vendor:   NVIDIA
    VRAM:     8018 MB
    Driver:   32.0.15.6590
Initialize mono
Mono path[0] = 'C:/Program Files/Unity/Hub/Editor/2023.1.20f1/Editor/Data/Managed'
Mono path[1] = 'C:/Program Files/Unity/Hub/Editor/2023.1.20f1/Editor/Data/MonoBleedingEdge/lib/mono/unityjit-win32'
Mono config path = 'C:/Program Files/Unity/Hub/Editor/2023.1.20f1/Editor/Data/MonoBleedingEdge/etc'
Using monoOptions --debugger-agent=transport=dt_socket,embedding=1,server=y,suspend=n,address=127.0.0.1:56020
Begin MonoManager ReloadAssembly
C:\build\output\Unity-Technologies\mono\mono\metadata\icall.c:1842:
C:\build\output\Unity-Technologies\mono\mono\metadata\icall.c:1842:
C:\build\output\Unity-Technologies\mono\mono\metadata\icall.c:1842:
C:\build\output\Unity-Technologies\mono\mono\metadata\icall.c:1842:
C:\build\output\Unity-Technologies\mono\mono\metadata\icall.c:1842:
C:\build\output\Unity-Technologies\mono\mono\metadata\icall.c:1842:
C:\build\output\Unity-Technologies\mono\mono\metadata\icall.c:1842:
C:\build\output\Unity-Technologies\mono\mono\metadata\icall.c:1842:
C:\build\output\Unity-Technologies\mono\mono\metadata\icall.c:1842:
C:\build\output\Unity-Technologies\mono\mono\metadata\icall.c:1842:
Registering precompiled unity dll's ...
Register platform support module: C:/Program Files/Unity/Hub/Editor/2023.1.20f1/Editor/Data/PlaybackEngines/WindowsStandaloneSupport/UnityEditor.WindowsStandalone.Extensions.dll
Register platform support module: C:/Program Files/Unity/Hub/Editor/2023.1.20f1/Editor/Data/PlaybackEngines/MetroSupport/UnityEditor.UWP.Extensions.dll
Register platform support module: C:/Program Files/Unity/Hub/Editor/2023.1.20f1/Editor/Data/PlaybackEngines/AndroidPlayer/UnityEditor.Android.Extensions.dll
Registered in 0.005302 seconds.
- Loaded All Assemblies, in  0.425 seconds
Native extension for Android target not found
Android Extension - Scanning For ADB Devices 256 ms
Native extension for UWP target not found
Native extension for WindowsStandalone target not found
Mono: successfully reloaded assembly
C:\build\output\Unity-Technologies\mono\mono\metadata\icall.c:1842:
C:\build\output\Unity-Technologies\mono\mono\metadata\icall.c:1842:
- Finished resetting the current domain, in  0.612 seconds
Domain Reload Profiling: 1034ms
	BeginReloadAssembly (126ms)
		ExecutionOrderSort (0ms)
		DisableScriptedObjects (0ms)
		BackupInstance (0ms)
		ReleaseScriptingObjects (0ms)
		CreateAndSetChildDomain (1ms)
	RebuildCommonClasses (44ms)
	RebuildNativeTypeToScriptingClass (16ms)
	initialDomainReloadingComplete (67ms)
	LoadAllAssembliesAndSetupDomain (169ms)
		LoadAssemblies (123ms)
		RebuildTransferFunctionScriptingTraits (0ms)
		AnalyzeDomain (163ms)
			TypeCache.Refresh (162ms)
				TypeCache.ScanAssembly (150ms)
			ScanForSourceGeneratedMonoScriptInfo (0ms)
			ResolveRequiredComponents (0ms)
	FinalizeReload (613ms)
		ReleaseScriptCaches (0ms)
		RebuildScriptCaches (0ms)
		SetupLoadedEditorAssemblies (569ms)
			LogAssemblyErrors (0ms)
			InitializePlatformSupportModulesInManaged (370ms)
			SetLoadedEditorAssemblies (4ms)
			BeforeProcessingInitializeOnLoad (8ms)
			ProcessInitializeOnLoadAttributes (129ms)
			ProcessInitializeOnLoadMethodAttributes (57ms)
			AfterProcessingInitializeOnLoad (0ms)
			EditorAssembliesLoaded (0ms)
		ExecutionOrderSort2 (0ms)
		AwakeInstancesAfterBackupRestoration (0ms)
========================================================================
Worker process is ready to serve import requests
Import Worker Mode flag is 0x00
Begin MonoManager ReloadAssembly
C:\build\output\Unity-Technologies\mono\mono\metadata\icall.c:1842:
C:\build\output\Unity-Technologies\mono\mono\metadata\icall.c:1842:
C:\build\output\Unity-Technologies\mono\mono\metadata\icall.c:1842:
C:\build\output\Unity-Technologies\mono\mono\metadata\icall.c:1842:
C:\build\output\Unity-Technologies\mono\mono\metadata\icall.c:1842:
C:\build\output\Unity-Technologies\mono\mono\metadata\icall.c:1842:
C:\build\output\Unity-Technologies\mono\mono\metadata\icall.c:1842:
C:\build\output\Unity-Technologies\mono\mono\metadata\icall.c:1842:
C:\build\output\Unity-Technologies\mono\mono\metadata\icall.c:1842:
C:\build\output\Unity-Technologies\mono\mono\metadata\icall.c:1842:
C:\build\output\Unity-Technologies\mono\mono\metadata\icall.c:1842:
C:\build\output\Unity-Technologies\mono\mono\metadata\icall.c:1842:
- Loaded All Assemblies, in  0.900 seconds
Refreshing native plugins compatible for Editor in 4.81 ms, found 5 plugins.
Native extension for Android target not found
Native extension for UWP target not found
Native extension for WindowsStandalone target not found
[MODES] ModeService[none].Initialize
[MODES] ModeService[none].LoadModes
[MODES] Loading mode Default (0) for mode-current-id-TD
Mono: successfully reloaded assembly
- Finished resetting the current domain, in  0.740 seconds
Domain Reload Profiling: 1636ms
	BeginReloadAssembly (269ms)
		ExecutionOrderSort (0ms)
		DisableScriptedObjects (6ms)
		BackupInstance (0ms)
		ReleaseScriptingObjects (0ms)
		CreateAndSetChildDomain (35ms)
	RebuildCommonClasses (35ms)
	RebuildNativeTypeToScriptingClass (12ms)
	initialDomainReloadingComplete (38ms)
	LoadAllAssembliesAndSetupDomain (541ms)
		LoadAssemblies (309ms)
		RebuildTransferFunctionScriptingTraits (0ms)
		AnalyzeDomain (319ms)
			TypeCache.Refresh (290ms)
				TypeCache.ScanAssembly (274ms)
			ScanForSourceGeneratedMonoScriptInfo (19ms)
			ResolveRequiredComponents (10ms)
	FinalizeReload (740ms)
		ReleaseScriptCaches (0ms)
		RebuildScriptCaches (0ms)
		SetupLoadedEditorAssemblies (530ms)
			LogAssemblyErrors (0ms)
			InitializePlatformSupportModulesInManaged (19ms)
			SetLoadedEditorAssemblies (3ms)
			BeforeProcessingInitializeOnLoad (77ms)
			ProcessInitializeOnLoadAttributes (399ms)
			ProcessInitializeOnLoadMethodAttributes (26ms)
			AfterProcessingInitializeOnLoad (6ms)
			EditorAssembliesLoaded (0ms)
		ExecutionOrderSort2 (0ms)
		AwakeInstancesAfterBackupRestoration (6ms)
Launched and connected shader compiler UnityShaderCompiler.exe after 0.01 seconds
Refreshing native plugins compatible for Editor in 5.58 ms, found 5 plugins.
Preloading 0 native plugins for Editor in 0.00 ms.
Unloading 4217 Unused Serialized files (Serialized files now loaded: 0)
Unloading 113 unused Assets / (4.3 MB). Loaded Objects now: 4755.
Memory consumption went from 252.0 MB to 247.6 MB.
Total: 5.750500 ms (FindLiveObjects: 0.458000 ms CreateObjectMapping: 0.108400 ms MarkObjects: 3.925400 ms  DeleteObjects: 1.257600 ms)

AssetImportParameters requested are different than current active one (requested -> active):
  custom:video-decoder-webm-vp8: 9c59270c3fd7afecdb556c50c9e8de78 -> 
  custom:SearchIndexIgnoredProperties: e643bd26f0fe6173181afceb89e7c659 -> 
  custom:audio-encoder-webm-vorbis: bf7c407c2cedff20999df2af8eb42d56 -> 
  custom:AudioImporter_EditorPlatform: d09bf68614088b80899f8185d706f6e7 -> 
  custom:audio-decoder-ogg-vorbis: bf7c407c2cedff20999df2af8eb42d56 -> 
  custom:video-encoder-webm-vp8: eb34c28f22e8b96e1ab97ce403110664 -> 
  custom:container-demuxer-ogg: 62fdf1f143b41e24485cea50d1cbac27 -> 
  custom:framework-win-MediaFoundation: 216162199b28c13a410421893ffa2e32 -> 
  custom:video-decoder-ogg-theora: a1e56fd34408186e4bbccfd4996cb3dc -> 
  custom:container-muxer-webm: aa71ff27fc2769a1b78a27578f13a17b -> 
  custom:video-codec-MediaFoundation-h265: 746d11721c4dcdbdad8f713fa42b33f4 -> 
  custom:CustomObjectIndexerAttribute: d54d2f2da18e7612c182cf67624b6b12 -> 
  custom:container-demuxer-webm: 4f35f7cbe854078d1ac9338744f61a02 -> 
========================================================================
Received Import Request.
  Time since last request: 787403.512340 seconds.
  path: Assets/Low Poly Environment Starter Kit/Source/Meshes/Other/Bush_1.fbx
  artifactKey: Guid(1469a1fa4454cad46b8b1e73578bea0d) Importer(815301076,1909f56bfc062723c751e8b465ee728b)
Start importing Assets/Low Poly Environment Starter Kit/Source/Meshes/Other/Bush_1.fbx using Guid(1469a1fa4454cad46b8b1e73578bea0d) Importer(815301076,1909f56bfc062723c751e8b465ee728b)  -> (artifact id: 'fc03dd725a7dc02999f6b19b6c0ea36e') in 0.128133 seconds
Number of updated asset objects reloaded before import = 0
Number of asset objects unloaded after import = 7
========================================================================
Received Import Request.
  Time since last request: 0.282302 seconds.
  path: Assets/Low Poly Environment Starter Kit/Source/Meshes/Terrains/Canyon.fbx
  artifactKey: Guid(5cfa4ab62f100eb4c877fd56aaa35a36) Importer(815301076,1909f56bfc062723c751e8b465ee728b)
Start importing Assets/Low Poly Environment Starter Kit/Source/Meshes/Terrains/Canyon.fbx using Guid(5cfa4ab62f100eb4c877fd56aaa35a36) Importer(815301076,1909f56bfc062723c751e8b465ee728b)  -> (artifact id: '0e4fa3e5a382d07b31a90e8988f26146') in 0.027781 seconds
Number of updated asset objects reloaded before import = 0
Number of asset objects unloaded after import = 7
========================================================================
Received Import Request.
  Time since last request: 0.000021 seconds.
  path: Assets/Low Poly Environment Starter Kit/Source/Meshes/Terrains/Mountain_3.fbx
  artifactKey: Guid(b547fabffb612b54cbcd362679c24771) Importer(815301076,1909f56bfc062723c751e8b465ee728b)
Start importing Assets/Low Poly Environment Starter Kit/Source/Meshes/Terrains/Mountain_3.fbx using Guid(b547fabffb612b54cbcd362679c24771) Importer(815301076,1909f56bfc062723c751e8b465ee728b)  -> (artifact id: 'e3233369d9cc4bd35d146aba1685e69d') in 0.023011 seconds
Number of updated asset objects reloaded before import = 0
Number of asset objects unloaded after import = 7
========================================================================
Received Import Request.
  Time since last request: 0.000019 seconds.
  path: Assets/Low Poly Environment Starter Kit/Source/Meshes/Terrains/Mountain_1.fbx
  artifactKey: Guid(ad2614403f699974eb530c9c4a060ede) Importer(815301076,1909f56bfc062723c751e8b465ee728b)
Start importing Assets/Low Poly Environment Starter Kit/Source/Meshes/Terrains/Mountain_1.fbx using Guid(ad2614403f699974eb530c9c4a060ede) Importer(815301076,1909f56bfc062723c751e8b465ee728b)  -> (artifact id: '8545b287f8e30f7cb8a974fe1fc4a210') in 0.020897 seconds
Number of updated asset objects reloaded before import = 0
Number of asset objects unloaded after import = 7
========================================================================
Received Import Request.
  Time since last request: 0.418196 seconds.
  path: Assets/Low Poly Environment Starter Kit/Source/Meshes/Trees/Pine1.fbx
  artifactKey: Guid(4614e13eaea23d34fb8178446e655e9e) Importer(815301076,1909f56bfc062723c751e8b465ee728b)
Start importing Assets/Low Poly Environment Starter Kit/Source/Meshes/Trees/Pine1.fbx using Guid(4614e13eaea23d34fb8178446e655e9e) Importer(815301076,1909f56bfc062723c751e8b465ee728b)  -> (artifact id: 'c5f1b8a451b80384a657803e77d0200b') in 0.032977 seconds
Number of updated asset objects reloaded before import = 0
Number of asset objects unloaded after import = 14
========================================================================
Received Import Request.
  Time since last request: 0.000032 seconds.
  path: Assets/Low Poly Environment Starter Kit/Source/Meshes/Trees/Tree_4.fbx
  artifactKey: Guid(f530fefbb838945469599a5852dc18e9) Importer(815301076,1909f56bfc062723c751e8b465ee728b)
Start importing Assets/Low Poly Environment Starter Kit/Source/Meshes/Trees/Tree_4.fbx using Guid(f530fefbb838945469599a5852dc18e9) Importer(815301076,1909f56bfc062723c751e8b465ee728b)  -> (artifact id: 'faf671d4abbed9193a01c9a14d9df442') in 0.035706 seconds
Number of updated asset objects reloaded before import = 0
Number of asset objects unloaded after import = 14
========================================================================
Received Import Request.
  Time since last request: 0.000029 seconds.
  path: Assets/Low Poly Environment Starter Kit/Source/Meshes/Trees/Tree_2.fbx
  artifactKey: Guid(724a906d47352904889a720c820ef948) Importer(815301076,1909f56bfc062723c751e8b465ee728b)
Start importing Assets/Low Poly Environment Starter Kit/Source/Meshes/Trees/Tree_2.fbx using Guid(724a906d47352904889a720c820ef948) Importer(815301076,1909f56bfc062723c751e8b465ee728b)  -> (artifact id: 'd185f398de140df5fffe01cd9a523b4b') in 0.036383 seconds
Number of updated asset objects reloaded before import = 0
Number of asset objects unloaded after import = 14
========================================================================
Received Import Request.
  Time since last request: 0.000016 seconds.
  path: Assets/Low Poly Environment Starter Kit/Source/Meshes/Trees/Tree_8.fbx
  artifactKey: Guid(a351c305f858b1241a4a70ae8d40ed71) Importer(815301076,1909f56bfc062723c751e8b465ee728b)
Start importing Assets/Low Poly Environment Starter Kit/Source/Meshes/Trees/Tree_8.fbx using Guid(a351c305f858b1241a4a70ae8d40ed71) Importer(815301076,1909f56bfc062723c751e8b465ee728b)  -> (artifact id: 'd95665b419997089ad33c9045d04b504') in 0.033714 seconds
Number of updated asset objects reloaded before import = 0
Number of asset objects unloaded after import = 14
========================================================================
Received Import Request.
  Time since last request: 482.290787 seconds.
  path: Assets/Start Forest/bush01.fbx
  artifactKey: Guid(83af1bee35c78c04d88801fe774acabb) Importer(815301076,1909f56bfc062723c751e8b465ee728b)
Start importing Assets/Start Forest/bush01.fbx using Guid(83af1bee35c78c04d88801fe774acabb) Importer(815301076,1909f56bfc062723c751e8b465ee728b)  -> (artifact id: '3921465879fa1dcafa77a3485b3db90d') in 0.354120 seconds
Number of updated asset objects reloaded before import = 0
Number of asset objects unloaded after import = 131
========================================================================
Received Import Request.
  Time since last request: 8.006364 seconds.
  path: Assets/Start Forest/Materials/vegetation_toon01.mat
  artifactKey: Guid(4b876acec970aeb44b7ffdec80429c27) Importer(815301076,1909f56bfc062723c751e8b465ee728b)
Start importing Assets/Start Forest/Materials/vegetation_toon01.mat using Guid(4b876acec970aeb44b7ffdec80429c27) Importer(815301076,1909f56bfc062723c751e8b465ee728b)  -> (artifact id: 'd7ed4113a0801ecb97fd20c38ed564a7') in 0.038777 seconds
Number of updated asset objects reloaded before import = 0
Number of asset objects unloaded after import = 2
========================================================================
Received Import Request.
  Time since last request: 0.000026 seconds.
  path: Assets/Start Forest/Materials/vegetation_toon03.mat
  artifactKey: Guid(8e28899f88bd2c846a50bfbe57d14209) Importer(815301076,1909f56bfc062723c751e8b465ee728b)
Start importing Assets/Start Forest/Materials/vegetation_toon03.mat using Guid(8e28899f88bd2c846a50bfbe57d14209) Importer(815301076,1909f56bfc062723c751e8b465ee728b)  -> (artifact id: '0a4d0f6c6173058589929a2933ef5203') in 0.015888 seconds
Number of updated asset objects reloaded before import = 0
Number of asset objects unloaded after import = 2
========================================================================
Received Import Request.
  Time since last request: 0.000022 seconds.
  path: Assets/Start Forest/Materials/vegetation_toon02.mat
  artifactKey: Guid(cc9cd8956b8dbba449a294ac00a08f56) Importer(815301076,1909f56bfc062723c751e8b465ee728b)
Start importing Assets/Start Forest/Materials/vegetation_toon02.mat using Guid(cc9cd8956b8dbba449a294ac00a08f56) Importer(815301076,1909f56bfc062723c751e8b465ee728b)  -> (artifact id: '21d30c5d38ca594a4b0255d699f6534e') in 0.015518 seconds
Number of updated asset objects reloaded before import = 0
Number of asset objects unloaded after import = 2
========================================================================
Received Import Request.
  Time since last request: 39.976061 seconds.
  path: Assets/Pref/Main_Camera.prefab
  artifactKey: Guid(73476f22244f4e640b720f20834b3a59) Importer(815301076,1909f56bfc062723c751e8b465ee728b)
Start importing Assets/Pref/Main_Camera.prefab using Guid(73476f22244f4e640b720f20834b3a59) Importer(815301076,1909f56bfc062723c751e8b465ee728b)  -> (artifact id: 'd98f1cfe8f7676347ec08ed0c3790fa1') in 0.003171 seconds
Number of updated asset objects reloaded before import = 0
Number of asset objects unloaded after import = 12
========================================================================
Received Import Request.
  Time since last request: 131.884124 seconds.
  path: Assets/Unity_content/Enemies/Mini Legion Footman PBR HP Polyart/PRShot.jpg
  artifactKey: Guid(8d2d4169e04f0964390b521ba26539af) Importer(815301076,1909f56bfc062723c751e8b465ee728b)
Start importing Assets/Unity_content/Enemies/Mini Legion Footman PBR HP Polyart/PRShot.jpg using Guid(8d2d4169e04f0964390b521ba26539af) Importer(815301076,1909f56bfc062723c751e8b465ee728b)  -> (artifact id: '4081bb9469cc55f4a5a0903c0fb0ff8d') in 0.023141 seconds
Number of updated asset objects reloaded before import = 0
Number of asset objects unloaded after import = 2
========================================================================
Received Import Request.
  Time since last request: 0.694925 seconds.
  path: Assets/Unity_content/Enemies/Mini Legion Grunt PBR HP Polyart/FreePromo.jpg
  artifactKey: Guid(647d557aa7bda5d46857ac29a4ea8b8e) Importer(815301076,1909f56bfc062723c751e8b465ee728b)
Start importing Assets/Unity_content/Enemies/Mini Legion Grunt PBR HP Polyart/FreePromo.jpg using Guid(647d557aa7bda5d46857ac29a4ea8b8e) Importer(815301076,1909f56bfc062723c751e8b465ee728b)  -> (artifact id: '58a58c7ff72a4a2817f7c44e60d6c921') in 0.021592 seconds
Number of updated asset objects reloaded before import = 0
Number of asset objects unloaded after import = 2
========================================================================
Received Import Request.
  Time since last request: 1.633444 seconds.
  path: Assets/Unity_content/Enemies/Mini Legion Lich PBR HP Polyart/Promotion.jpg
  artifactKey: Guid(8e784dfa7480be14087a1ac2916579ef) Importer(815301076,1909f56bfc062723c751e8b465ee728b)
Start importing Assets/Unity_content/Enemies/Mini Legion Lich PBR HP Polyart/Promotion.jpg using Guid(8e784dfa7480be14087a1ac2916579ef) Importer(815301076,1909f56bfc062723c751e8b465ee728b)  -> (artifact id: '241ad629335ee6c2d32d9c285160a30a') in 0.015441 seconds
Number of updated asset objects reloaded before import = 0
Number of asset objects unloaded after import = 2
========================================================================
Received Import Request.
  Time since last request: 2.795734 seconds.
  path: Assets/Unity_content/Enemies/Mini Legion Footman PBR HP Polyart/Animations/Footman_Attack01.fbx
  artifactKey: Guid(589612087af5a1d4b9dc9f35c6390cd6) Importer(815301076,1909f56bfc062723c751e8b465ee728b)
Start importing Assets/Unity_content/Enemies/Mini Legion Footman PBR HP Polyart/Animations/Footman_Attack01.fbx using Guid(589612087af5a1d4b9dc9f35c6390cd6) Importer(815301076,1909f56bfc062723c751e8b465ee728b)  -> (artifact id: '3da3678f72891df0f464cd9783d75d5e') in 0.051359 seconds
Number of updated asset objects reloaded before import = 0
Number of asset objects unloaded after import = 57
========================================================================
Received Import Request.
  Time since last request: 0.000122 seconds.
  path: Assets/Unity_content/Enemies/Mini Legion Footman PBR HP Polyart/Animations/Footman_Death.fbx
  artifactKey: Guid(a58aeb722e452254686f56bdc4b22c67) Importer(815301076,1909f56bfc062723c751e8b465ee728b)
Start importing Assets/Unity_content/Enemies/Mini Legion Footman PBR HP Polyart/Animations/Footman_Death.fbx using Guid(a58aeb722e452254686f56bdc4b22c67) Importer(815301076,1909f56bfc062723c751e8b465ee728b)  -> (artifact id: '960796a99ea0bb4fce46e7d1c626953b') in 0.019019 seconds
Number of updated asset objects reloaded before import = 0
Number of asset objects unloaded after import = 57
========================================================================
Received Import Request.
  Time since last request: 0.000019 seconds.
  path: Assets/Unity_content/Enemies/Mini Legion Footman PBR HP Polyart/Animations/Footman_Walk.fbx
  artifactKey: Guid(025e25805572cac40983eaf334adeb92) Importer(815301076,1909f56bfc062723c751e8b465ee728b)
Start importing Assets/Unity_content/Enemies/Mini Legion Footman PBR HP Polyart/Animations/Footman_Walk.fbx using Guid(025e25805572cac40983eaf334adeb92) Importer(815301076,1909f56bfc062723c751e8b465ee728b)  -> (artifact id: 'd3bc3dbfc056e04652bf1bfc89d0bf04') in 0.031950 seconds
Number of updated asset objects reloaded before import = 0
Number of asset objects unloaded after import = 57
========================================================================
Received Import Request.
  Time since last request: 0.000021 seconds.
  path: Assets/Unity_content/Enemies/Mini Legion Footman PBR HP Polyart/Animations/Footman_GetHit.fbx
  artifactKey: Guid(2d692e106dad285448e3dd45e5a3a3a4) Importer(815301076,1909f56bfc062723c751e8b465ee728b)
Start importing Assets/Unity_content/Enemies/Mini Legion Footman PBR HP Polyart/Animations/Footman_GetHit.fbx using Guid(2d692e106dad285448e3dd45e5a3a3a4) Importer(815301076,1909f56bfc062723c751e8b465ee728b)  -> (artifact id: '9b63b6c6b9fb76f783fe186afbfa0c87') in 0.017906 seconds
Number of updated asset objects reloaded before import = 0
Number of asset objects unloaded after import = 57
========================================================================
Received Import Request.
  Time since last request: 0.000020 seconds.
  path: Assets/Unity_content/Enemies/Mini Legion Footman PBR HP Polyart/Animations/Footman_Defend.fbx
  artifactKey: Guid(6a749996f6efd964b8535576cb58265b) Importer(815301076,1909f56bfc062723c751e8b465ee728b)
Start importing Assets/Unity_content/Enemies/Mini Legion Footman PBR HP Polyart/Animations/Footman_Defend.fbx using Guid(6a749996f6efd964b8535576cb58265b) Importer(815301076,1909f56bfc062723c751e8b465ee728b)  -> (artifact id: '830cc94d1cddc9c46f926ff7a869f8cc') in 0.029818 seconds
Number of updated asset objects reloaded before import = 0
Number of asset objects unloaded after import = 57
========================================================================
Received Import Request.
  Time since last request: 0.000026 seconds.
  path: Assets/Unity_content/Enemies/Mini Legion Footman PBR HP Polyart/Animations/Footman_Run.fbx
  artifactKey: Guid(b454e93a07770e84988e53d55b93bdb5) Importer(815301076,1909f56bfc062723c751e8b465ee728b)
Start importing Assets/Unity_content/Enemies/Mini Legion Footman PBR HP Polyart/Animations/Footman_Run.fbx using Guid(b454e93a07770e84988e53d55b93bdb5) Importer(815301076,1909f56bfc062723c751e8b465ee728b)  -> (artifact id: '32cf8fd45543e12fb8d2d19274596317') in 0.027297 seconds
Number of updated asset objects reloaded before import = 0
Number of asset objects unloaded after import = 57
========================================================================
Received Import Request.
  Time since last request: 0.892353 seconds.
  path: Assets/Unity_content/Enemies/Mini Legion Footman PBR HP Polyart/Meshes/Footman_Default.fbx
  artifactKey: Guid(d06688f72e50aaa48b0dea3435bfe092) Importer(815301076,1909f56bfc062723c751e8b465ee728b)
Start importing Assets/Unity_content/Enemies/Mini Legion Footman PBR HP Polyart/Meshes/Footman_Default.fbx using Guid(d06688f72e50aaa48b0dea3435bfe092) Importer(815301076,1909f56bfc062723c751e8b465ee728b)  -> (artifact id: '648d41409635b17be289d137d5c0c711') in 0.025322 seconds
Number of updated asset objects reloaded before import = 0
Number of asset objects unloaded after import = 56
Editor requested this worker to shutdown with reason: Scaling down because of idle timeout
AssetImportWorker is now disconnected from the server
Process exiting
Exiting without the bug reporter. Application will terminate with return code 0