Using pre-set license
Built from '2023.1/staging' branch; Version is '2023.1.20f1 (35a524b12060) revision 3515684'; Using compiler version '192829333'; Build Type 'Release'
OS: 'Windows 11  (10.0.22631) 64bit Core' Language: 'en' Physical Memory: 32699 MB
BatchMode: 1, IsHumanControllingUs: 0, StartBugReporterOnCrash: 0, Is64bit: 1, IsPro: 1

COMMAND LINE ARGUMENTS:
C:\Program Files\Unity\Hub\Editor\2023.1.20f1\Editor\Unity.exe
-adb2
-batchMode
-noUpm
-name
AssetImportWorker5
-projectPath
C:/UnityGame/MagicInsector
-logFile
Logs/AssetImportWorker5.log
-srvPort
58797
Successfully changed project path to: C:/UnityGame/MagicInsector
C:/UnityGame/MagicInsector
[UnityMemory] Configuration Parameters - Can be set up in boot.config
    "memorysetup-bucket-allocator-granularity=16"
    "memorysetup-bucket-allocator-bucket-count=8"
    "memorysetup-bucket-allocator-block-size=33554432"
    "memorysetup-bucket-allocator-block-count=8"
    "memorysetup-main-allocator-block-size=16777216"
    "memorysetup-thread-allocator-block-size=16777216"
    "memorysetup-gfx-main-allocator-block-size=16777216"
    "memorysetup-gfx-thread-allocator-block-size=16777216"
    "memorysetup-cache-allocator-block-size=4194304"
    "memorysetup-typetree-allocator-block-size=2097152"
    "memorysetup-profiler-bucket-allocator-granularity=16"
    "memorysetup-profiler-bucket-allocator-bucket-count=8"
    "memorysetup-profiler-bucket-allocator-block-size=33554432"
    "memorysetup-profiler-bucket-allocator-block-count=8"
    "memorysetup-profiler-allocator-block-size=16777216"
    "memorysetup-profiler-editor-allocator-block-size=1048576"
    "memorysetup-temp-allocator-size-main=16777216"
    "memorysetup-job-temp-allocator-block-size=2097152"
    "memorysetup-job-temp-allocator-block-size-background=1048576"
    "memorysetup-job-temp-allocator-reduction-small-platforms=262144"
    "memorysetup-allocator-temp-initial-block-size-main=262144"
    "memorysetup-allocator-temp-initial-block-size-worker=262144"
    "memorysetup-temp-allocator-size-background-worker=32768"
    "memorysetup-temp-allocator-size-job-worker=262144"
    "memorysetup-temp-allocator-size-preload-manager=33554432"
    "memorysetup-temp-allocator-size-nav-mesh-worker=65536"
    "memorysetup-temp-allocator-size-audio-worker=65536"
    "memorysetup-temp-allocator-size-cloud-worker=32768"
    "memorysetup-temp-allocator-size-gi-baking-worker=262144"
    "memorysetup-temp-allocator-size-gfx=262144"
Player connection [1936] Host "[IP] 192.168.0.175 [Port] 0 [Flags] 2 [Guid] 3497798027 [EditorId] 3497798027 [Version] 1048832 [Id] WindowsEditor(7,DESKTOP-CV2C3R8) [Debug] 1 [PackageName] WindowsEditor [ProjectName] Editor" joined multi-casting on [225.0.0.222:54997]...

Player connection [1936] Host "[IP] 192.168.0.175 [Port] 0 [Flags] 2 [Guid] 3497798027 [EditorId] 3497798027 [Version] 1048832 [Id] WindowsEditor(7,DESKTOP-CV2C3R8) [Debug] 1 [PackageName] WindowsEditor [ProjectName] Editor" joined alternative multi-casting on [225.0.0.222:34997]...

[Physics::Module] Initialized MultithreadedJobDispatcher with 11 workers.
Library Redirect Path: Library/Refreshing native plugins compatible for Editor in 11.59 ms, found 5 plugins.
Preloading 0 native plugins for Editor in 0.00 ms.
Initialize engine version: 2023.1.20f1 (35a524b12060)
[Subsystems] Discovering subsystems at path C:/Program Files/Unity/Hub/Editor/2023.1.20f1/Editor/Data/Resources/UnitySubsystems
[Subsystems] Discovering subsystems at path C:/UnityGame/MagicInsector/Assets
GfxDevice: creating device client; threaded=0; jobified=0
Direct3D:
    Version:  Direct3D 11.0 [level 11.1]
    Renderer: NVIDIA GeForce RTX 3070 (ID=0x2484)
    Vendor:   NVIDIA
    VRAM:     8018 MB
    Driver:   32.0.15.6590
Initialize mono
Mono path[0] = 'C:/Program Files/Unity/Hub/Editor/2023.1.20f1/Editor/Data/Managed'
Mono path[1] = 'C:/Program Files/Unity/Hub/Editor/2023.1.20f1/Editor/Data/MonoBleedingEdge/lib/mono/unityjit-win32'
Mono config path = 'C:/Program Files/Unity/Hub/Editor/2023.1.20f1/Editor/Data/MonoBleedingEdge/etc'
Using monoOptions --debugger-agent=transport=dt_socket,embedding=1,server=y,suspend=n,address=127.0.0.1:56560
Begin MonoManager ReloadAssembly
C:\build\output\Unity-Technologies\mono\mono\metadata\icall.c:1842:
C:\build\output\Unity-Technologies\mono\mono\metadata\icall.c:1842:
C:\build\output\Unity-Technologies\mono\mono\metadata\icall.c:1842:
C:\build\output\Unity-Technologies\mono\mono\metadata\icall.c:1842:
C:\build\output\Unity-Technologies\mono\mono\metadata\icall.c:1842:
C:\build\output\Unity-Technologies\mono\mono\metadata\icall.c:1842:
C:\build\output\Unity-Technologies\mono\mono\metadata\icall.c:1842:
C:\build\output\Unity-Technologies\mono\mono\metadata\icall.c:1842:
C:\build\output\Unity-Technologies\mono\mono\metadata\icall.c:1842:
C:\build\output\Unity-Technologies\mono\mono\metadata\icall.c:1842:
Registering precompiled unity dll's ...
Register platform support module: C:/Program Files/Unity/Hub/Editor/2023.1.20f1/Editor/Data/PlaybackEngines/WindowsStandaloneSupport/UnityEditor.WindowsStandalone.Extensions.dll
Register platform support module: C:/Program Files/Unity/Hub/Editor/2023.1.20f1/Editor/Data/PlaybackEngines/MetroSupport/UnityEditor.UWP.Extensions.dll
Register platform support module: C:/Program Files/Unity/Hub/Editor/2023.1.20f1/Editor/Data/PlaybackEngines/AndroidPlayer/UnityEditor.Android.Extensions.dll
Registered in 0.005078 seconds.
- Loaded All Assemblies, in  0.424 seconds
Native extension for Android target not found
Android Extension - Scanning For ADB Devices 300 ms
Native extension for UWP target not found
Native extension for WindowsStandalone target not found
Mono: successfully reloaded assembly
C:\build\output\Unity-Technologies\mono\mono\metadata\icall.c:1842:
C:\build\output\Unity-Technologies\mono\mono\metadata\icall.c:1842:
- Finished resetting the current domain, in  0.713 seconds
Domain Reload Profiling: 1135ms
	BeginReloadAssembly (130ms)
		ExecutionOrderSort (0ms)
		DisableScriptedObjects (0ms)
		BackupInstance (0ms)
		ReleaseScriptingObjects (0ms)
		CreateAndSetChildDomain (1ms)
	RebuildCommonClasses (39ms)
	RebuildNativeTypeToScriptingClass (13ms)
	initialDomainReloadingComplete (57ms)
	LoadAllAssembliesAndSetupDomain (181ms)
		LoadAssemblies (128ms)
		RebuildTransferFunctionScriptingTraits (0ms)
		AnalyzeDomain (175ms)
			TypeCache.Refresh (174ms)
				TypeCache.ScanAssembly (162ms)
			ScanForSourceGeneratedMonoScriptInfo (0ms)
			ResolveRequiredComponents (0ms)
	FinalizeReload (714ms)
		ReleaseScriptCaches (0ms)
		RebuildScriptCaches (0ms)
		SetupLoadedEditorAssemblies (667ms)
			LogAssemblyErrors (0ms)
			InitializePlatformSupportModulesInManaged (419ms)
			SetLoadedEditorAssemblies (4ms)
			BeforeProcessingInitializeOnLoad (10ms)
			ProcessInitializeOnLoadAttributes (173ms)
			ProcessInitializeOnLoadMethodAttributes (61ms)
			AfterProcessingInitializeOnLoad (0ms)
			EditorAssembliesLoaded (0ms)
		ExecutionOrderSort2 (0ms)
		AwakeInstancesAfterBackupRestoration (0ms)
========================================================================
Worker process is ready to serve import requests
Import Worker Mode flag is 0x00
Begin MonoManager ReloadAssembly
C:\build\output\Unity-Technologies\mono\mono\metadata\icall.c:1842:
C:\build\output\Unity-Technologies\mono\mono\metadata\icall.c:1842:
C:\build\output\Unity-Technologies\mono\mono\metadata\icall.c:1842:
C:\build\output\Unity-Technologies\mono\mono\metadata\icall.c:1842:
C:\build\output\Unity-Technologies\mono\mono\metadata\icall.c:1842:
C:\build\output\Unity-Technologies\mono\mono\metadata\icall.c:1842:
C:\build\output\Unity-Technologies\mono\mono\metadata\icall.c:1842:
C:\build\output\Unity-Technologies\mono\mono\metadata\icall.c:1842:
C:\build\output\Unity-Technologies\mono\mono\metadata\icall.c:1842:
C:\build\output\Unity-Technologies\mono\mono\metadata\icall.c:1842:
C:\build\output\Unity-Technologies\mono\mono\metadata\icall.c:1842:
C:\build\output\Unity-Technologies\mono\mono\metadata\icall.c:1842:
- Loaded All Assemblies, in  0.932 seconds
Refreshing native plugins compatible for Editor in 5.83 ms, found 5 plugins.
Native extension for Android target not found
Native extension for UWP target not found
Native extension for WindowsStandalone target not found
[MODES] ModeService[none].Initialize
[MODES] ModeService[none].LoadModes
[MODES] Loading mode Default (0) for mode-current-id-TD
Mono: successfully reloaded assembly
- Finished resetting the current domain, in  0.793 seconds
Domain Reload Profiling: 1720ms
	BeginReloadAssembly (278ms)
		ExecutionOrderSort (0ms)
		DisableScriptedObjects (6ms)
		BackupInstance (0ms)
		ReleaseScriptingObjects (0ms)
		CreateAndSetChildDomain (35ms)
	RebuildCommonClasses (37ms)
	RebuildNativeTypeToScriptingClass (14ms)
	initialDomainReloadingComplete (41ms)
	LoadAllAssembliesAndSetupDomain (557ms)
		LoadAssemblies (331ms)
		RebuildTransferFunctionScriptingTraits (0ms)
		AnalyzeDomain (319ms)
			TypeCache.Refresh (289ms)
				TypeCache.ScanAssembly (275ms)
			ScanForSourceGeneratedMonoScriptInfo (21ms)
			ResolveRequiredComponents (9ms)
	FinalizeReload (793ms)
		ReleaseScriptCaches (0ms)
		RebuildScriptCaches (0ms)
		SetupLoadedEditorAssemblies (567ms)
			LogAssemblyErrors (0ms)
			InitializePlatformSupportModulesInManaged (20ms)
			SetLoadedEditorAssemblies (3ms)
			BeforeProcessingInitializeOnLoad (85ms)
			ProcessInitializeOnLoadAttributes (422ms)
			ProcessInitializeOnLoadMethodAttributes (31ms)
			AfterProcessingInitializeOnLoad (7ms)
			EditorAssembliesLoaded (0ms)
		ExecutionOrderSort2 (0ms)
		AwakeInstancesAfterBackupRestoration (6ms)
Launched and connected shader compiler UnityShaderCompiler.exe after 0.01 seconds
Refreshing native plugins compatible for Editor in 4.99 ms, found 5 plugins.
Preloading 0 native plugins for Editor in 0.00 ms.
Unloading 4221 Unused Serialized files (Serialized files now loaded: 0)
Unloading 113 unused Assets / (4.3 MB). Loaded Objects now: 4753.
Memory consumption went from 320.2 MB to 315.9 MB.
Total: 6.408800 ms (FindLiveObjects: 0.548400 ms CreateObjectMapping: 0.145700 ms MarkObjects: 4.463100 ms  DeleteObjects: 1.249900 ms)

AssetImportParameters requested are different than current active one (requested -> active):
  custom:video-decoder-webm-vp8: 9c59270c3fd7afecdb556c50c9e8de78 -> 
  custom:SearchIndexIgnoredProperties: e643bd26f0fe6173181afceb89e7c659 -> 
  custom:audio-encoder-webm-vorbis: bf7c407c2cedff20999df2af8eb42d56 -> 
  custom:scripting/monoscript/fileName/UIPosition.cs: 9d83fa238445f8c0e230025d5e659d38 -> 
  custom:AudioImporter_EditorPlatform: d09bf68614088b80899f8185d706f6e7 -> 
  custom:audio-decoder-ogg-vorbis: bf7c407c2cedff20999df2af8eb42d56 -> 
  custom:video-encoder-webm-vp8: eb34c28f22e8b96e1ab97ce403110664 -> 
  custom:container-demuxer-ogg: 62fdf1f143b41e24485cea50d1cbac27 -> 
  custom:framework-win-MediaFoundation: 216162199b28c13a410421893ffa2e32 -> 
  custom:video-decoder-ogg-theora: a1e56fd34408186e4bbccfd4996cb3dc -> 
  custom:container-muxer-webm: aa71ff27fc2769a1b78a27578f13a17b -> 
  custom:video-codec-MediaFoundation-h265: 746d11721c4dcdbdad8f713fa42b33f4 -> 
  custom:CustomObjectIndexerAttribute: d54d2f2da18e7612c182cf67624b6b12 -> 
  custom:container-demuxer-webm: 4f35f7cbe854078d1ac9338744f61a02 -> 
  custom:scripting/monoscript/fileName/MagicDescription.cs: e9b90272480c2386446b7b2c1ac3071c -> 9fc3b06f894edb24ad0ff2a68da3dd6f
========================================================================
Received Import Request.
  Time since last request: 153046.231913 seconds.
  path: Assets/Unity_content/Enemies/Mini Legion Grunt PBR HP Polyart/Textures/PBR/FreeAO.png
  artifactKey: Guid(8b1d902bfa42d6d45b7df7066021bca6) Importer(815301076,1909f56bfc062723c751e8b465ee728b)
Start importing Assets/Unity_content/Enemies/Mini Legion Grunt PBR HP Polyart/Textures/PBR/FreeAO.png using Guid(8b1d902bfa42d6d45b7df7066021bca6) Importer(815301076,1909f56bfc062723c751e8b465ee728b)  -> (artifact id: '17ff457880206603662788375624401a') in 0.100384 seconds
Number of updated asset objects reloaded before import = 0
Number of asset objects unloaded after import = 2
========================================================================
Received Import Request.
  Time since last request: 0.000023 seconds.
  path: Assets/Unity_content/Effects/FX_Kandol_Pack/FX_magic_plane_II/Textures/fx_etc_light_circle_d16_White02.png
  artifactKey: Guid(b494defe66ebbea47ac6278e2ebd124f) Importer(815301076,1909f56bfc062723c751e8b465ee728b)
Start importing Assets/Unity_content/Effects/FX_Kandol_Pack/FX_magic_plane_II/Textures/fx_etc_light_circle_d16_White02.png using Guid(b494defe66ebbea47ac6278e2ebd124f) Importer(815301076,1909f56bfc062723c751e8b465ee728b)  -> (artifact id: '03c1be6fd65f141c0642edf2a76dd296') in 0.019481 seconds
Number of updated asset objects reloaded before import = 0
Number of asset objects unloaded after import = 2
========================================================================
Received Import Request.
  Time since last request: 0.000021 seconds.
  path: Assets/Unity_content/Effects/FX_Kandol_Pack/FX_magic_plane_II/Textures/fx_etc_light_circle_a16.png
  artifactKey: Guid(9cc8a0b0f77878548984c8e3e27f62d2) Importer(815301076,1909f56bfc062723c751e8b465ee728b)
Start importing Assets/Unity_content/Effects/FX_Kandol_Pack/FX_magic_plane_II/Textures/fx_etc_light_circle_a16.png using Guid(9cc8a0b0f77878548984c8e3e27f62d2) Importer(815301076,1909f56bfc062723c751e8b465ee728b)  -> (artifact id: '78cb3cf6dec2d71198307b7a0d8d82db') in 0.016782 seconds
Number of updated asset objects reloaded before import = 0
Number of asset objects unloaded after import = 2
========================================================================
Received Import Request.
  Time since last request: 0.000019 seconds.
  path: Assets/Unity_content/Enemies/RPG Monster DUO PBR Polyart/Textures/Metallic-Smoothness.png
  artifactKey: Guid(24282800d76b4861b333f50cbcbd93d9) Importer(815301076,1909f56bfc062723c751e8b465ee728b)
Start importing Assets/Unity_content/Enemies/RPG Monster DUO PBR Polyart/Textures/Metallic-Smoothness.png using Guid(24282800d76b4861b333f50cbcbd93d9) Importer(815301076,1909f56bfc062723c751e8b465ee728b)  -> (artifact id: '24a2852d60495cbc58132f563ed2f0ae') in 0.017668 seconds
Number of updated asset objects reloaded before import = 0
Number of asset objects unloaded after import = 2
========================================================================
Received Import Request.
  Time since last request: 0.000018 seconds.
  path: Assets/Unity_content/Effects/FX_Kandol_Pack/FX_magic_plane_II/Textures/fx_etc_light_circle_b.png
  artifactKey: Guid(456ea7a69c0b4074291b4387584e5af7) Importer(815301076,1909f56bfc062723c751e8b465ee728b)
Start importing Assets/Unity_content/Effects/FX_Kandol_Pack/FX_magic_plane_II/Textures/fx_etc_light_circle_b.png using Guid(456ea7a69c0b4074291b4387584e5af7) Importer(815301076,1909f56bfc062723c751e8b465ee728b)  -> (artifact id: 'afac642dfa1ddb280d6bbc96ab6b44c6') in 0.019078 seconds
Number of updated asset objects reloaded before import = 0
Number of asset objects unloaded after import = 2
========================================================================
Received Import Request.
  Time since last request: 0.000034 seconds.
  path: Assets/Unity_content/Environment/Low-Poly medival defense/Scenes/Demo_1/LightmapNear-1.exr
  artifactKey: Guid(08962eb418feed6488c8fd4c3bdf4369) Importer(815301076,1909f56bfc062723c751e8b465ee728b)
Start importing Assets/Unity_content/Environment/Low-Poly medival defense/Scenes/Demo_1/LightmapNear-1.exr using Guid(08962eb418feed6488c8fd4c3bdf4369) Importer(815301076,1909f56bfc062723c751e8b465ee728b)  -> (artifact id: '2758330f037c7b585cef3fb1d6e6b012') in 0.016759 seconds
Number of updated asset objects reloaded before import = 0
Number of asset objects unloaded after import = 2
========================================================================
Received Import Request.
  Time since last request: 0.000025 seconds.
  path: Assets/Unity_content/Enemies/PartyMonsterDuo/Texture/PBR_AO02.png
  artifactKey: Guid(04b966a9d462bcb43bfb2ce2fcf08ac7) Importer(815301076,1909f56bfc062723c751e8b465ee728b)
Start importing Assets/Unity_content/Enemies/PartyMonsterDuo/Texture/PBR_AO02.png using Guid(04b966a9d462bcb43bfb2ce2fcf08ac7) Importer(815301076,1909f56bfc062723c751e8b465ee728b)  -> (artifact id: '591bfd8d71dedab852e729c2682fe25b') in 0.019485 seconds
Number of updated asset objects reloaded before import = 0
Number of asset objects unloaded after import = 2
========================================================================
Received Import Request.
  Time since last request: 0.000018 seconds.
  path: Assets/Unity_content/UI/SteampunkUI/Fonts/Environment Maps/pretville_cinema_2k.hdr
  artifactKey: Guid(cce15708708010b4187f13daeeb11c32) Importer(815301076,1909f56bfc062723c751e8b465ee728b)
Start importing Assets/Unity_content/UI/SteampunkUI/Fonts/Environment Maps/pretville_cinema_2k.hdr using Guid(cce15708708010b4187f13daeeb11c32) Importer(815301076,1909f56bfc062723c751e8b465ee728b)  -> (artifact id: '2ab7ad0364b283e8f64d108605568af1') in 0.045519 seconds
Number of updated asset objects reloaded before import = 0
Number of asset objects unloaded after import = 1
========================================================================
Received Import Request.
  Time since last request: 0.000019 seconds.
  path: Assets/Unity_content/Enemies/FourEvilDragonsHP/Texture/DragonTerrorBringer/RedHP.png
  artifactKey: Guid(d39af39ab22387543ad267780dfc7144) Importer(815301076,1909f56bfc062723c751e8b465ee728b)
Start importing Assets/Unity_content/Enemies/FourEvilDragonsHP/Texture/DragonTerrorBringer/RedHP.png using Guid(d39af39ab22387543ad267780dfc7144) Importer(815301076,1909f56bfc062723c751e8b465ee728b)  -> (artifact id: 'dfd3f21ddd8580d6cde3f03f5ddde581') in 0.022117 seconds
Number of updated asset objects reloaded before import = 0
Number of asset objects unloaded after import = 2
========================================================================
Received Import Request.
  Time since last request: 0.000017 seconds.
  path: Assets/Unity_content/Environment/Low-Poly medival defense/Screenshots/MainScreen.png
  artifactKey: Guid(c7aeaceb171a72149bac2d37b4db0611) Importer(815301076,1909f56bfc062723c751e8b465ee728b)
Start importing Assets/Unity_content/Environment/Low-Poly medival defense/Screenshots/MainScreen.png using Guid(c7aeaceb171a72149bac2d37b4db0611) Importer(815301076,1909f56bfc062723c751e8b465ee728b)  -> (artifact id: '14d9693bdf4503767442ec4fbd3c27ff') in 0.018177 seconds
Number of updated asset objects reloaded before import = 0
Number of asset objects unloaded after import = 2
========================================================================
Received Import Request.
  Time since last request: 0.000017 seconds.
  path: Assets/Unity_content/Environment/Low-Poly medival defense/Scenes/Demo_1/LightmapNear-12.exr
  artifactKey: Guid(cc75ce46748d43441b676a282b45d1b8) Importer(815301076,1909f56bfc062723c751e8b465ee728b)
Start importing Assets/Unity_content/Environment/Low-Poly medival defense/Scenes/Demo_1/LightmapNear-12.exr using Guid(cc75ce46748d43441b676a282b45d1b8) Importer(815301076,1909f56bfc062723c751e8b465ee728b)  -> (artifact id: 'e3cf4eb0b573dae5137007a348936cd5') in 0.009784 seconds
Number of updated asset objects reloaded before import = 0
Number of asset objects unloaded after import = 2
========================================================================
Received Import Request.
  Time since last request: 0.000023 seconds.
  path: Assets/Unity_content/Environment/Plants/Sources/Textures/PT_Tree_Trunk_01.png
  artifactKey: Guid(5733ec0c27e7c9d41a230d27ca7b85d4) Importer(815301076,1909f56bfc062723c751e8b465ee728b)
Start importing Assets/Unity_content/Environment/Plants/Sources/Textures/PT_Tree_Trunk_01.png using Guid(5733ec0c27e7c9d41a230d27ca7b85d4) Importer(815301076,1909f56bfc062723c751e8b465ee728b)  -> (artifact id: '37264e7ef7e44e8b885d1eeda5b69c43') in 0.017400 seconds
Number of updated asset objects reloaded before import = 0
Number of asset objects unloaded after import = 2
========================================================================
Received Import Request.
  Time since last request: 0.000046 seconds.
  path: Assets/Unity_content/Environment/Low-Poly medival defense/Scenes/Demo_1/LightmapFar-9.exr
  artifactKey: Guid(e5bf16d18b3d76441bfc2040be7e1c82) Importer(815301076,1909f56bfc062723c751e8b465ee728b)
Start importing Assets/Unity_content/Environment/Low-Poly medival defense/Scenes/Demo_1/LightmapFar-9.exr using Guid(e5bf16d18b3d76441bfc2040be7e1c82) Importer(815301076,1909f56bfc062723c751e8b465ee728b)  -> (artifact id: 'c1690d244ca6c1280b2bb14efa88b99f') in 0.020210 seconds
Number of updated asset objects reloaded before import = 0
Number of asset objects unloaded after import = 2
========================================================================
Received Import Request.
  Time since last request: 0.000025 seconds.
  path: Assets/Unity_content/Environment/Low-Poly medival defense/Scenes/Demo_1/LightmapFar-10.exr
  artifactKey: Guid(9be7a357f11a2d74ba430792dbcd1a46) Importer(815301076,1909f56bfc062723c751e8b465ee728b)
Start importing Assets/Unity_content/Environment/Low-Poly medival defense/Scenes/Demo_1/LightmapFar-10.exr using Guid(9be7a357f11a2d74ba430792dbcd1a46) Importer(815301076,1909f56bfc062723c751e8b465ee728b)  -> (artifact id: 'db08159ed55b7e69f54b0d4ddd4b9154') in 0.019514 seconds
Number of updated asset objects reloaded before import = 0
Number of asset objects unloaded after import = 2
========================================================================
Received Import Request.
  Time since last request: 0.000152 seconds.
  path: Assets/Unity_content/Flat Textures Pack/Textures/Winter_Bush.png
  artifactKey: Guid(3afbbf99dc4ba9847ba9e53b8942903c) Importer(815301076,1909f56bfc062723c751e8b465ee728b)
Start importing Assets/Unity_content/Flat Textures Pack/Textures/Winter_Bush.png using Guid(3afbbf99dc4ba9847ba9e53b8942903c) Importer(815301076,1909f56bfc062723c751e8b465ee728b)  -> (artifact id: '25ed7e4213f0c20f62ecf53bc55aae12') in 0.022872 seconds
Number of updated asset objects reloaded before import = 0
Number of asset objects unloaded after import = 2
========================================================================
Received Import Request.
  Time since last request: 0.000019 seconds.
  path: Assets/Unity_content/Environment/Low-Poly medival defense/Screenshots/Screen1.jpg
  artifactKey: Guid(17d12653d8daa6540b0de60b4f92ff4f) Importer(815301076,1909f56bfc062723c751e8b465ee728b)
Start importing Assets/Unity_content/Environment/Low-Poly medival defense/Screenshots/Screen1.jpg using Guid(17d12653d8daa6540b0de60b4f92ff4f) Importer(815301076,1909f56bfc062723c751e8b465ee728b)  -> (artifact id: 'eb6bd7fbe7bdafc70d093cb38fa0bf4b') in 0.020199 seconds
Number of updated asset objects reloaded before import = 0
Number of asset objects unloaded after import = 2
========================================================================
Received Import Request.
  Time since last request: 0.000027 seconds.
  path: Assets/Unity_content/Environment/Low-Poly medival defense/Scenes/Demo_1/LightmapFar-4.exr
  artifactKey: Guid(a6906eb09151b0e47b9ba49e222a6425) Importer(815301076,1909f56bfc062723c751e8b465ee728b)
Start importing Assets/Unity_content/Environment/Low-Poly medival defense/Scenes/Demo_1/LightmapFar-4.exr using Guid(a6906eb09151b0e47b9ba49e222a6425) Importer(815301076,1909f56bfc062723c751e8b465ee728b)  -> (artifact id: 'b949b00da9fc2acde9fa133de6ca2436') in 0.017144 seconds
Number of updated asset objects reloaded before import = 0
Number of asset objects unloaded after import = 2
========================================================================
Received Import Request.
  Time since last request: 0.000023 seconds.
  path: Assets/Unity_content/Effects/FX_Kandol_Pack/FX_magic_plane_II/Textures/fx_etc_light_line_f.png
  artifactKey: Guid(97fe7bcbc60b0e5468b188124c6db621) Importer(815301076,1909f56bfc062723c751e8b465ee728b)
Start importing Assets/Unity_content/Effects/FX_Kandol_Pack/FX_magic_plane_II/Textures/fx_etc_light_line_f.png using Guid(97fe7bcbc60b0e5468b188124c6db621) Importer(815301076,1909f56bfc062723c751e8b465ee728b)  -> (artifact id: '8c23f76199ac16742f63de2ba9d31bc4') in 0.017028 seconds
Number of updated asset objects reloaded before import = 0
Number of asset objects unloaded after import = 2
========================================================================
Received Import Request.
  Time since last request: 0.000016 seconds.
  path: Assets/Unity_content/Environment/Plants/Sources/Textures/PT_Fruit_Tree_Flowers_01.png
  artifactKey: Guid(724a83e90c1cd7b4b9d1b71dd08962b6) Importer(815301076,1909f56bfc062723c751e8b465ee728b)
Start importing Assets/Unity_content/Environment/Plants/Sources/Textures/PT_Fruit_Tree_Flowers_01.png using Guid(724a83e90c1cd7b4b9d1b71dd08962b6) Importer(815301076,1909f56bfc062723c751e8b465ee728b)  -> (artifact id: 'a63f73d998596f1fb0121392f61a45ee') in 0.020388 seconds
Number of updated asset objects reloaded before import = 0
Number of asset objects unloaded after import = 2
========================================================================
Received Import Request.
  Time since last request: 0.000022 seconds.
  path: Assets/Unity_content/Effects/FX_Kandol_Pack/FX_magic_plane_II/Textures/fx_etc_light_line_c16.png
  artifactKey: Guid(bb1152f41b42a2d4ab22e742e39c764c) Importer(815301076,1909f56bfc062723c751e8b465ee728b)
Start importing Assets/Unity_content/Effects/FX_Kandol_Pack/FX_magic_plane_II/Textures/fx_etc_light_line_c16.png using Guid(bb1152f41b42a2d4ab22e742e39c764c) Importer(815301076,1909f56bfc062723c751e8b465ee728b)  -> (artifact id: '54c95e3ad670084bec12d32d7b6eb94b') in 0.018737 seconds
Number of updated asset objects reloaded before import = 0
Number of asset objects unloaded after import = 2
========================================================================
Received Import Request.
  Time since last request: 0.000019 seconds.
  path: Assets/Unity_content/Enemies/RPGMonsterPartnersPBRPolyart/Textures/Metallic-Smoothness.png
  artifactKey: Guid(04ae779ca2d5494d85298d1ab0914d81) Importer(815301076,1909f56bfc062723c751e8b465ee728b)
Start importing Assets/Unity_content/Enemies/RPGMonsterPartnersPBRPolyart/Textures/Metallic-Smoothness.png using Guid(04ae779ca2d5494d85298d1ab0914d81) Importer(815301076,1909f56bfc062723c751e8b465ee728b)  -> (artifact id: '1a51e7721da478102d32002df7eab626') in 0.016820 seconds
Number of updated asset objects reloaded before import = 0
Number of asset objects unloaded after import = 2
========================================================================
Received Import Request.
  Time since last request: 0.000029 seconds.
  path: Assets/Unity_content/Effects/VFX_FirelyFlare/Art/Textures/tex_vfx-ult_particle_sprite_point-blurred.png
  artifactKey: Guid(f3b8d8bc1ecf0ac4183aebcd5da12fc2) Importer(815301076,1909f56bfc062723c751e8b465ee728b)
Start importing Assets/Unity_content/Effects/VFX_FirelyFlare/Art/Textures/tex_vfx-ult_particle_sprite_point-blurred.png using Guid(f3b8d8bc1ecf0ac4183aebcd5da12fc2) Importer(815301076,1909f56bfc062723c751e8b465ee728b)  -> (artifact id: 'c8b7542d95f80774ced1c81321ea4404') in 0.017855 seconds
Number of updated asset objects reloaded before import = 0
Number of asset objects unloaded after import = 2
========================================================================
Received Import Request.
  Time since last request: 0.000020 seconds.
  path: Assets/Unity_content/Enemies/PartyMonsterDuo/Texture/PBR_MetallicSmoothness_01.png
  artifactKey: Guid(b5d7ff13d256db94493a853b9dc1b96b) Importer(815301076,1909f56bfc062723c751e8b465ee728b)
Start importing Assets/Unity_content/Enemies/PartyMonsterDuo/Texture/PBR_MetallicSmoothness_01.png using Guid(b5d7ff13d256db94493a853b9dc1b96b) Importer(815301076,1909f56bfc062723c751e8b465ee728b)  -> (artifact id: 'f9a33e50d393e649053eb3ce472b27a7') in 0.018287 seconds
Number of updated asset objects reloaded before import = 0
Number of asset objects unloaded after import = 2
========================================================================
Received Import Request.
  Time since last request: 0.000033 seconds.
  path: Assets/Unity_content/UI/SteampunkUI/Fonts/Environment Maps/gear_store_2k.hdr
  artifactKey: Guid(ae7083a458599bf44bcbf87e3fff774c) Importer(815301076,1909f56bfc062723c751e8b465ee728b)
Start importing Assets/Unity_content/UI/SteampunkUI/Fonts/Environment Maps/gear_store_2k.hdr using Guid(ae7083a458599bf44bcbf87e3fff774c) Importer(815301076,1909f56bfc062723c751e8b465ee728b)  -> (artifact id: '3974ab284c8c68eaf7f90aa2c17b653f') in 0.021059 seconds
Number of updated asset objects reloaded before import = 0
Number of asset objects unloaded after import = 1
========================================================================
Received Import Request.
  Time since last request: 0.000044 seconds.
  path: Assets/Unity_content/Effects/FX_Kandol_Pack/FX_magic_plane_II/Textures/fx_etc_light_circle_c16.png
  artifactKey: Guid(44f163c49b98acb4faaf414c5081a8a2) Importer(815301076,1909f56bfc062723c751e8b465ee728b)
Start importing Assets/Unity_content/Effects/FX_Kandol_Pack/FX_magic_plane_II/Textures/fx_etc_light_circle_c16.png using Guid(44f163c49b98acb4faaf414c5081a8a2) Importer(815301076,1909f56bfc062723c751e8b465ee728b)  -> (artifact id: '3633ae0d9477c8b54da91c630d536304') in 0.016305 seconds
Number of updated asset objects reloaded before import = 0
Number of asset objects unloaded after import = 2
========================================================================
Received Import Request.
  Time since last request: 0.000035 seconds.
  path: Assets/Unity_content/Environment/Low-Poly medival defense/Textures/Maps/TNT/TNT__h.jpg
  artifactKey: Guid(96097a682aac78e40b110c71ab25b6cd) Importer(815301076,1909f56bfc062723c751e8b465ee728b)
Start importing Assets/Unity_content/Environment/Low-Poly medival defense/Textures/Maps/TNT/TNT__h.jpg using Guid(96097a682aac78e40b110c71ab25b6cd) Importer(815301076,1909f56bfc062723c751e8b465ee728b)  -> (artifact id: 'dd0e2fce92da0233670260f41c2f3b8e') in 0.016645 seconds
Number of updated asset objects reloaded before import = 0
Number of asset objects unloaded after import = 2
========================================================================
Received Import Request.
  Time since last request: 0.000167 seconds.
  path: Assets/Unity_content/Environment/Plants/Sources/Textures/PT_Fruit_Tree_Leaves_01.png
  artifactKey: Guid(d2f321fff7f05aa49ad106541e997dd3) Importer(815301076,1909f56bfc062723c751e8b465ee728b)
Start importing Assets/Unity_content/Environment/Plants/Sources/Textures/PT_Fruit_Tree_Leaves_01.png using Guid(d2f321fff7f05aa49ad106541e997dd3) Importer(815301076,1909f56bfc062723c751e8b465ee728b)  -> (artifact id: '08759aea2fa0553ef8f2c50250d09e41') in 0.022887 seconds
Number of updated asset objects reloaded before import = 0
Number of asset objects unloaded after import = 2
========================================================================
Received Import Request.
  Time since last request: 0.000019 seconds.
  path: Assets/Unity_content/Flat Textures Pack/Textures/WInter_Snow_Rocks.png
  artifactKey: Guid(f4a36263be3bcb547881e084946baece) Importer(815301076,1909f56bfc062723c751e8b465ee728b)
Start importing Assets/Unity_content/Flat Textures Pack/Textures/WInter_Snow_Rocks.png using Guid(f4a36263be3bcb547881e084946baece) Importer(815301076,1909f56bfc062723c751e8b465ee728b)  -> (artifact id: '5808007cd0e4a29b155e08bb619cf632') in 0.019556 seconds
Number of updated asset objects reloaded before import = 0
Number of asset objects unloaded after import = 2
========================================================================
Received Import Request.
  Time since last request: 0.000154 seconds.
  path: Assets/Unity_content/Enemies/Mini Legion Footman PBR HP Polyart/Textures/PBR/MatallicSmoothness.png
  artifactKey: Guid(1c637c601e3ce6044aea964fdf25f33d) Importer(815301076,1909f56bfc062723c751e8b465ee728b)
Start importing Assets/Unity_content/Enemies/Mini Legion Footman PBR HP Polyart/Textures/PBR/MatallicSmoothness.png using Guid(1c637c601e3ce6044aea964fdf25f33d) Importer(815301076,1909f56bfc062723c751e8b465ee728b)  -> (artifact id: 'b3954731c9a719a0f9a87ce5f0cdd46c') in 0.018349 seconds
Number of updated asset objects reloaded before import = 0
Number of asset objects unloaded after import = 2
========================================================================
Received Import Request.
  Time since last request: 0.000038 seconds.
  path: Assets/Unity_content/Effects/Trails VFX/VFX/Textures/T_VFX_Trail_05.png
  artifactKey: Guid(7ecab7fb78c2ccc47a3f579debc16a07) Importer(815301076,1909f56bfc062723c751e8b465ee728b)
Start importing Assets/Unity_content/Effects/Trails VFX/VFX/Textures/T_VFX_Trail_05.png using Guid(7ecab7fb78c2ccc47a3f579debc16a07) Importer(815301076,1909f56bfc062723c751e8b465ee728b)  -> (artifact id: 'a5cd94ea336c5f2411a99ee630d05c8f') in 0.019861 seconds
Number of updated asset objects reloaded before import = 0
Number of asset objects unloaded after import = 2
========================================================================
Received Import Request.
  Time since last request: 0.000023 seconds.
  path: Assets/Unity_content/UI/SteampunkUI/Fonts/Environment Maps/st_fagans_interior_2k.hdr
  artifactKey: Guid(b703cecb88ed33a48a9aaaaf0afc8bb3) Importer(815301076,1909f56bfc062723c751e8b465ee728b)
Start importing Assets/Unity_content/UI/SteampunkUI/Fonts/Environment Maps/st_fagans_interior_2k.hdr using Guid(b703cecb88ed33a48a9aaaaf0afc8bb3) Importer(815301076,1909f56bfc062723c751e8b465ee728b)  -> (artifact id: '5cb5e924610c81a617be155e25dd400e') in 0.019514 seconds
Number of updated asset objects reloaded before import = 0
Number of asset objects unloaded after import = 1
========================================================================
Received Import Request.
  Time since last request: 0.000033 seconds.
  path: Assets/Unity_content/Character/WizardPolyArt/Textures/ForPBRMaskTintShader/PolyArtMask.png
  artifactKey: Guid(c47c9719298650c47a7f2042127ff9d8) Importer(815301076,1909f56bfc062723c751e8b465ee728b)
Start importing Assets/Unity_content/Character/WizardPolyArt/Textures/ForPBRMaskTintShader/PolyArtMask.png using Guid(c47c9719298650c47a7f2042127ff9d8) Importer(815301076,1909f56bfc062723c751e8b465ee728b)  -> (artifact id: '50e0240365e7fa84c27bd6751338b27c') in 0.018255 seconds
Number of updated asset objects reloaded before import = 0
Number of asset objects unloaded after import = 2
========================================================================
Received Import Request.
  Time since last request: 0.000016 seconds.
  path: Assets/Unity_content/Environment/Plants/Sources/Textures/PT_Grass_High_02.png
  artifactKey: Guid(4781e48c31bdfb74da8ba377aea81283) Importer(815301076,1909f56bfc062723c751e8b465ee728b)
Start importing Assets/Unity_content/Environment/Plants/Sources/Textures/PT_Grass_High_02.png using Guid(4781e48c31bdfb74da8ba377aea81283) Importer(815301076,1909f56bfc062723c751e8b465ee728b)  -> (artifact id: 'd028b7e21ca2c2677a8bacb38eb5b99c') in 0.018427 seconds
Number of updated asset objects reloaded before import = 0
Number of asset objects unloaded after import = 2
========================================================================
Received Import Request.
  Time since last request: 0.000023 seconds.
  path: Assets/Unity_content/Enemies/Mini Simple Characters Skeleton Demo/Readme/Icons/Readme_Builder.png
  artifactKey: Guid(407619c5c19a54982b3880b5a085c597) Importer(815301076,1909f56bfc062723c751e8b465ee728b)
Start importing Assets/Unity_content/Enemies/Mini Simple Characters Skeleton Demo/Readme/Icons/Readme_Builder.png using Guid(407619c5c19a54982b3880b5a085c597) Importer(815301076,1909f56bfc062723c751e8b465ee728b)  -> (artifact id: 'c3546795bf6de09e067a28b2e434d62e') in 0.020133 seconds
Number of updated asset objects reloaded before import = 0
Number of asset objects unloaded after import = 2
========================================================================
Received Import Request.
  Time since last request: 0.000021 seconds.
  path: Assets/Unity_content/Environment/Plants/Sources/Textures/PT_Skybox_Texture_01.png
  artifactKey: Guid(d8b9a114dc91e7d4e9885d54ca9d957f) Importer(815301076,1909f56bfc062723c751e8b465ee728b)
Start importing Assets/Unity_content/Environment/Plants/Sources/Textures/PT_Skybox_Texture_01.png using Guid(d8b9a114dc91e7d4e9885d54ca9d957f) Importer(815301076,1909f56bfc062723c751e8b465ee728b)  -> (artifact id: 'e0064d839500fdca2494175ee27e4139') in 0.066714 seconds
Number of updated asset objects reloaded before import = 0
Number of asset objects unloaded after import = 1
========================================================================
Received Import Request.
  Time since last request: 0.000036 seconds.
  path: Assets/Unity_content/Environment/Plants/Sources/Textures/PT_Rocks_01.png
  artifactKey: Guid(a195a893970f3ab4990bd06e18a0b308) Importer(815301076,1909f56bfc062723c751e8b465ee728b)
Start importing Assets/Unity_content/Environment/Plants/Sources/Textures/PT_Rocks_01.png using Guid(a195a893970f3ab4990bd06e18a0b308) Importer(815301076,1909f56bfc062723c751e8b465ee728b)  -> (artifact id: 'f0b34f6ebae1e578eee8bd0b56207f2a') in 0.021813 seconds
Number of updated asset objects reloaded before import = 0
Number of asset objects unloaded after import = 2
========================================================================
Received Import Request.
  Time since last request: 0.000036 seconds.
  path: Assets/Unity_content/Effects/FX_Kandol_Pack/FX_magic_plane_II/Textures/fx_etc_light_line_a16.png
  artifactKey: Guid(b7e3230143b6c8742b6f79b701206579) Importer(815301076,1909f56bfc062723c751e8b465ee728b)
Start importing Assets/Unity_content/Effects/FX_Kandol_Pack/FX_magic_plane_II/Textures/fx_etc_light_line_a16.png using Guid(b7e3230143b6c8742b6f79b701206579) Importer(815301076,1909f56bfc062723c751e8b465ee728b)  -> (artifact id: 'aeac66e4a77f8d28f05ece6228835e35') in 0.019280 seconds
Number of updated asset objects reloaded before import = 0
Number of asset objects unloaded after import = 2
========================================================================
Received Import Request.
  Time since last request: 0.000050 seconds.
  path: Assets/Unity_content/Flat Textures Pack/Textures/Water_B.png
  artifactKey: Guid(d149f4b0f0a25fa41b1eca641bda9618) Importer(815301076,1909f56bfc062723c751e8b465ee728b)
Start importing Assets/Unity_content/Flat Textures Pack/Textures/Water_B.png using Guid(d149f4b0f0a25fa41b1eca641bda9618) Importer(815301076,1909f56bfc062723c751e8b465ee728b)  -> (artifact id: 'abf4ed074454d94a0dc01b4a36d7c68a') in 0.019984 seconds
Number of updated asset objects reloaded before import = 0
Number of asset objects unloaded after import = 2
========================================================================
Received Import Request.
  Time since last request: 0.000040 seconds.
  path: Assets/Unity_content/Environment/Low-Poly medival defense/Textures/Maps/Turret/Turret__si.jpg
  artifactKey: Guid(33ff5da790c6609478f1c5827d7e3dce) Importer(815301076,1909f56bfc062723c751e8b465ee728b)
Start importing Assets/Unity_content/Environment/Low-Poly medival defense/Textures/Maps/Turret/Turret__si.jpg using Guid(33ff5da790c6609478f1c5827d7e3dce) Importer(815301076,1909f56bfc062723c751e8b465ee728b)  -> (artifact id: '15a30cded93b0f911dce0f3d3005c7e4') in 0.008539 seconds
Number of updated asset objects reloaded before import = 0
Number of asset objects unloaded after import = 2
========================================================================
Received Import Request.
  Time since last request: 0.000017 seconds.
  path: Assets/Unity_content/Environment/Low-Poly medival defense/Textures/Maps/Tower/Tower__ao.jpg
  artifactKey: Guid(2b292cb0c5b36e34088a4447b212c359) Importer(815301076,1909f56bfc062723c751e8b465ee728b)
Start importing Assets/Unity_content/Environment/Low-Poly medival defense/Textures/Maps/Tower/Tower__ao.jpg using Guid(2b292cb0c5b36e34088a4447b212c359) Importer(815301076,1909f56bfc062723c751e8b465ee728b)  -> (artifact id: 'f7774b0edf13aa503c6798b9ed001187') in 0.018914 seconds
Number of updated asset objects reloaded before import = 0
Number of asset objects unloaded after import = 2
========================================================================
Received Import Request.
  Time since last request: 0.000022 seconds.
  path: Assets/Unity_content/Environment/Low-Poly medival defense/Textures/Maps/Turret/Turret__n.jpg
  artifactKey: Guid(10f5544ca4256444d8a7a8b0d506ac89) Importer(815301076,1909f56bfc062723c751e8b465ee728b)
Start importing Assets/Unity_content/Environment/Low-Poly medival defense/Textures/Maps/Turret/Turret__n.jpg using Guid(10f5544ca4256444d8a7a8b0d506ac89) Importer(815301076,1909f56bfc062723c751e8b465ee728b)  -> (artifact id: 'd1734bdcbe83d684fe81a46209ed257e') in 0.017660 seconds
Number of updated asset objects reloaded before import = 0
Number of asset objects unloaded after import = 2
========================================================================
Received Import Request.
  Time since last request: 0.000021 seconds.
  path: Assets/Unity_content/Environment/Low-Poly medival defense/Textures/TGA/Tower.tga
  artifactKey: Guid(e85a508abc8953844bb02abcf83f22dd) Importer(815301076,1909f56bfc062723c751e8b465ee728b)
Start importing Assets/Unity_content/Environment/Low-Poly medival defense/Textures/TGA/Tower.tga using Guid(e85a508abc8953844bb02abcf83f22dd) Importer(815301076,1909f56bfc062723c751e8b465ee728b)  -> (artifact id: 'f6d74c5f0504179cbe5973589e23450b') in 0.015867 seconds
Number of updated asset objects reloaded before import = 0
Number of asset objects unloaded after import = 2
========================================================================
Received Import Request.
  Time since last request: 0.000018 seconds.
  path: Assets/Unity_content/Environment/Low-Poly medival defense/Textures/Maps/Turret/Turret__h.jpg
  artifactKey: Guid(d92702cddcce29748a060c16a1cc1080) Importer(815301076,1909f56bfc062723c751e8b465ee728b)
Start importing Assets/Unity_content/Environment/Low-Poly medival defense/Textures/Maps/Turret/Turret__h.jpg using Guid(d92702cddcce29748a060c16a1cc1080) Importer(815301076,1909f56bfc062723c751e8b465ee728b)  -> (artifact id: '9ffef6d359f951f326536e8308f0ef35') in 0.017324 seconds
Number of updated asset objects reloaded before import = 0
Number of asset objects unloaded after import = 2
========================================================================
Received Import Request.
  Time since last request: 0.000024 seconds.
  path: Assets/Unity_content/Environment/Low-Poly medival defense/Textures/PNG/Tower.png
  artifactKey: Guid(8842fc3b564b7d6418056e51f88a9b50) Importer(815301076,1909f56bfc062723c751e8b465ee728b)
Start importing Assets/Unity_content/Environment/Low-Poly medival defense/Textures/PNG/Tower.png using Guid(8842fc3b564b7d6418056e51f88a9b50) Importer(815301076,1909f56bfc062723c751e8b465ee728b)  -> (artifact id: 'e23f3bc06cc5ada379a21b50390a1d34') in 0.019170 seconds
Number of updated asset objects reloaded before import = 0
Number of asset objects unloaded after import = 2
========================================================================
Received Import Request.
  Time since last request: 0.000030 seconds.
  path: Assets/Unity_content/Environment/Low-Poly medival defense/Scenes/Demo_1/LightmapNear-0.exr
  artifactKey: Guid(8303f36e32b56c84ebeccaa5ba7f44f2) Importer(815301076,1909f56bfc062723c751e8b465ee728b)
Start importing Assets/Unity_content/Environment/Low-Poly medival defense/Scenes/Demo_1/LightmapNear-0.exr using Guid(8303f36e32b56c84ebeccaa5ba7f44f2) Importer(815301076,1909f56bfc062723c751e8b465ee728b)  -> (artifact id: '598cf4bfea2fbc220f6dc94c1eee94a2') in 0.009548 seconds
Number of updated asset objects reloaded before import = 0
Number of asset objects unloaded after import = 2
========================================================================
Received Import Request.
  Time since last request: 0.000032 seconds.
  path: Assets/Unity_content/Effects/FX_Kandol_Pack/FX_magic_plane_II/Textures/fx_etc_light_line_b.png
  artifactKey: Guid(9cf4b3f40cf557c4f899ab8660ce6154) Importer(815301076,1909f56bfc062723c751e8b465ee728b)
Start importing Assets/Unity_content/Effects/FX_Kandol_Pack/FX_magic_plane_II/Textures/fx_etc_light_line_b.png using Guid(9cf4b3f40cf557c4f899ab8660ce6154) Importer(815301076,1909f56bfc062723c751e8b465ee728b)  -> (artifact id: '003734c7dead97c67ba2803e06f968e1') in 0.019803 seconds
Number of updated asset objects reloaded before import = 0
Number of asset objects unloaded after import = 2
========================================================================
Received Import Request.
  Time since last request: 0.000018 seconds.
  path: Assets/Unity_content/Enemies/FourEvilDragonsHP/Texture/DragonTerrorBringer/GreenHP.png
  artifactKey: Guid(4ef9c4d0fc5de6a47a24a3f2185af46b) Importer(815301076,1909f56bfc062723c751e8b465ee728b)
Start importing Assets/Unity_content/Enemies/FourEvilDragonsHP/Texture/DragonTerrorBringer/GreenHP.png using Guid(4ef9c4d0fc5de6a47a24a3f2185af46b) Importer(815301076,1909f56bfc062723c751e8b465ee728b)  -> (artifact id: '7c1dca0145c2a380f9a9245d57ac8f6f') in 0.018853 seconds
Number of updated asset objects reloaded before import = 0
Number of asset objects unloaded after import = 2
========================================================================
Received Import Request.
  Time since last request: 0.000017 seconds.
  path: Assets/Unity_content/Enemies/Mini Legion Rock Golem PBR HP Polyart/Textures/NormalGolem.png
  artifactKey: Guid(d44803ef50e988443a59950806d14a51) Importer(815301076,1909f56bfc062723c751e8b465ee728b)
Start importing Assets/Unity_content/Enemies/Mini Legion Rock Golem PBR HP Polyart/Textures/NormalGolem.png using Guid(d44803ef50e988443a59950806d14a51) Importer(815301076,1909f56bfc062723c751e8b465ee728b)  -> (artifact id: '85566e7e432acaaf4d5ee045c076648c') in 0.024637 seconds
Number of updated asset objects reloaded before import = 0
Number of asset objects unloaded after import = 2
========================================================================
Received Import Request.
  Time since last request: 0.122799 seconds.
  path: Assets/Unity_content/Flat Textures Pack/Textures/Summer_Mud_A.png
  artifactKey: Guid(ccbae51c789c51e4682f749aa91ce1ab) Importer(815301076,1909f56bfc062723c751e8b465ee728b)
Start importing Assets/Unity_content/Flat Textures Pack/Textures/Summer_Mud_A.png using Guid(ccbae51c789c51e4682f749aa91ce1ab) Importer(815301076,1909f56bfc062723c751e8b465ee728b)  -> (artifact id: 'd29efa0ad5b92138abed5ba9c40baae4') in 0.020806 seconds
Number of updated asset objects reloaded before import = 0
Number of asset objects unloaded after import = 2
========================================================================
Received Import Request.
  Time since last request: 0.000028 seconds.
  path: Assets/Unity_content/Flat Textures Pack/Textures/Summer_Rocks.png
  artifactKey: Guid(fb4c9126ed8df1140868be39f7d0b4bb) Importer(815301076,1909f56bfc062723c751e8b465ee728b)
Start importing Assets/Unity_content/Flat Textures Pack/Textures/Summer_Rocks.png using Guid(fb4c9126ed8df1140868be39f7d0b4bb) Importer(815301076,1909f56bfc062723c751e8b465ee728b)  -> (artifact id: '03a4a67ef816fbdd43173c74c894a7ef') in 0.020650 seconds
Number of updated asset objects reloaded before import = 0
Number of asset objects unloaded after import = 2
========================================================================
Received Import Request.
  Time since last request: 0.000024 seconds.
  path: Assets/Unity_content/Flat Textures Pack/Textures/Summer_Dirt_A.png
  artifactKey: Guid(14833b0b08b0a6945b0dd4f86360fe01) Importer(815301076,1909f56bfc062723c751e8b465ee728b)
Start importing Assets/Unity_content/Flat Textures Pack/Textures/Summer_Dirt_A.png using Guid(14833b0b08b0a6945b0dd4f86360fe01) Importer(815301076,1909f56bfc062723c751e8b465ee728b)  -> (artifact id: '4d0528450a8a83c06f1e47a9b30aac57') in 0.023552 seconds
Number of updated asset objects reloaded before import = 0
Number of asset objects unloaded after import = 2
========================================================================
Received Import Request.
  Time since last request: 0.380265 seconds.
  path: Assets/Unity_content/Environment/Water/Terrain/data/New Terrain.asset
  artifactKey: Guid(a2ff7916a1b88d944a4660205dc550d5) Importer(815301076,1909f56bfc062723c751e8b465ee728b)
Start importing Assets/Unity_content/Environment/Water/Terrain/data/New Terrain.asset using Guid(a2ff7916a1b88d944a4660205dc550d5) Importer(815301076,1909f56bfc062723c751e8b465ee728b)  -> (artifact id: '52b29f7995ad65e5e3f9b2131fd1a237') in 0.116371 seconds
Number of updated asset objects reloaded before import = 0
Number of asset objects unloaded after import = 5
========================================================================
Received Import Request.
  Time since last request: 0.163503 seconds.
  path: Assets/Unity_content/Environment/Polytope Studio/Lowpoly_Demos/Environment_Free/Helpers/Terrain/TerrainData_6dc76592-a48a-4163-91df-c29ec1a99c66.asset
  artifactKey: Guid(c40d5572f8d7d6843bd8d20c21f1c0be) Importer(815301076,1909f56bfc062723c751e8b465ee728b)
Start importing Assets/Unity_content/Environment/Polytope Studio/Lowpoly_Demos/Environment_Free/Helpers/Terrain/TerrainData_6dc76592-a48a-4163-91df-c29ec1a99c66.asset using Guid(c40d5572f8d7d6843bd8d20c21f1c0be) Importer(815301076,1909f56bfc062723c751e8b465ee728b)  -> (artifact id: 'f58be22291d15a7a82202c4126d19162') in 0.027120 seconds
Number of updated asset objects reloaded before import = 0
Number of asset objects unloaded after import = 24
========================================================================
Received Import Request.
  Time since last request: 0.052930 seconds.
  path: Assets/Unity_content/Environment/Polytope Studio/Lowpoly_Demos/Environment_Free/Helpers/Terrain/New Terrain.asset
  artifactKey: Guid(e0829138c40f356458f259edb063d67a) Importer(815301076,1909f56bfc062723c751e8b465ee728b)
Start importing Assets/Unity_content/Environment/Polytope Studio/Lowpoly_Demos/Environment_Free/Helpers/Terrain/New Terrain.asset using Guid(e0829138c40f356458f259edb063d67a) Importer(815301076,1909f56bfc062723c751e8b465ee728b) The tree PT_Pine_Tree_03_stump must use the Nature/Soft Occlusion shader. Otherwise billboarding/lighting will not work correctly.
The tree PT_Fruit_Tree_01_logs must use the Nature/Soft Occlusion shader. Otherwise billboarding/lighting will not work correctly.
 -> (artifact id: '19843e781ae66052954c55336493b90c') in 0.055796 seconds
Number of updated asset objects reloaded before import = 0
Number of asset objects unloaded after import = 310
========================================================================
Received Import Request.
  Time since last request: 0.000018 seconds.
  path: Assets/Unity_content/Environment/Water/Terrain/data/TerrainData_145dda0a-fa73-45b2-bc1f-4be9bfa9bc09.asset
  artifactKey: Guid(cdb7b818dd805cd4a9967b60c55fcbcf) Importer(815301076,1909f56bfc062723c751e8b465ee728b)
Start importing Assets/Unity_content/Environment/Water/Terrain/data/TerrainData_145dda0a-fa73-45b2-bc1f-4be9bfa9bc09.asset using Guid(cdb7b818dd805cd4a9967b60c55fcbcf) Importer(815301076,1909f56bfc062723c751e8b465ee728b)  -> (artifact id: '757cc9ccbfdd24f8dcafa6db45495f87') in 0.031151 seconds
Number of updated asset objects reloaded before import = 0
Number of asset objects unloaded after import = 3
========================================================================
Received Import Request.
  Time since last request: 0.000022 seconds.
  path: Assets/Unity_content/Environment/Water/Terrain/data/TerrainData_59d27a1d-082a-416d-aaa4-30ea9c029c85.asset
  artifactKey: Guid(22aa25b9e49c6794483600d71b3f1877) Importer(815301076,1909f56bfc062723c751e8b465ee728b)
Start importing Assets/Unity_content/Environment/Water/Terrain/data/TerrainData_59d27a1d-082a-416d-aaa4-30ea9c029c85.asset using Guid(22aa25b9e49c6794483600d71b3f1877) Importer(815301076,1909f56bfc062723c751e8b465ee728b)  -> (artifact id: 'f8a8640304638f368122e95ac832d831') in 0.037600 seconds
Number of updated asset objects reloaded before import = 0
Number of asset objects unloaded after import = 3
========================================================================
Received Import Request.
  Time since last request: 0.265737 seconds.
  path: Assets/Unity_content/Environment/Low-Poly medival defense/Scenes/Demo_1/LightmapNear-8.exr
  artifactKey: Guid(d79d04f496ee7954a88e2edad8bf9271) Importer(815301076,1909f56bfc062723c751e8b465ee728b)
Start importing Assets/Unity_content/Environment/Low-Poly medival defense/Scenes/Demo_1/LightmapNear-8.exr using Guid(d79d04f496ee7954a88e2edad8bf9271) Importer(815301076,1909f56bfc062723c751e8b465ee728b)  -> (artifact id: '3a9dfa5e599a7de93018c38d5b8444bf') in 0.009605 seconds
Number of updated asset objects reloaded before import = 0
Number of asset objects unloaded after import = 2
========================================================================
Received Import Request.
  Time since last request: 0.046453 seconds.
  path: Assets/Unity_content/Enemies/Mini Legion Rock Golem PBR HP Polyart/Textures/HP_Golem.png
  artifactKey: Guid(c3b7a6b86247cb444ad8371d3c086086) Importer(815301076,1909f56bfc062723c751e8b465ee728b)
Start importing Assets/Unity_content/Enemies/Mini Legion Rock Golem PBR HP Polyart/Textures/HP_Golem.png using Guid(c3b7a6b86247cb444ad8371d3c086086) Importer(815301076,1909f56bfc062723c751e8b465ee728b)  -> (artifact id: 'eaa717e6269b6379a0adc8c65ac2b779') in 0.023930 seconds
Number of updated asset objects reloaded before import = 0
Number of asset objects unloaded after import = 2
========================================================================
Received Import Request.
  Time since last request: 0.000018 seconds.
  path: Assets/Unity_content/Environment/Low-Poly medival defense/Textures/Maps/Gate/Gate__s.jpg
  artifactKey: Guid(9eb5f4d98df52174685059fb9e8e9339) Importer(815301076,1909f56bfc062723c751e8b465ee728b)
Start importing Assets/Unity_content/Environment/Low-Poly medival defense/Textures/Maps/Gate/Gate__s.jpg using Guid(9eb5f4d98df52174685059fb9e8e9339) Importer(815301076,1909f56bfc062723c751e8b465ee728b)  -> (artifact id: 'e3924307303d0631f4b092653d35be83') in 0.020555 seconds
Number of updated asset objects reloaded before import = 0
Number of asset objects unloaded after import = 2
========================================================================
Received Import Request.
  Time since last request: 0.000025 seconds.
  path: Assets/Unity_content/Environment/Low-Poly medival defense/Textures/PNG/Gate_Diffuse.png
  artifactKey: Guid(1069e9245b41bb14a8398452a2d8cc05) Importer(815301076,1909f56bfc062723c751e8b465ee728b)
Start importing Assets/Unity_content/Environment/Low-Poly medival defense/Textures/PNG/Gate_Diffuse.png using Guid(1069e9245b41bb14a8398452a2d8cc05) Importer(815301076,1909f56bfc062723c751e8b465ee728b)  -> (artifact id: '10d32f4e9e799a6e6c5649462fa1d5ec') in 0.017203 seconds
Number of updated asset objects reloaded before import = 0
Number of asset objects unloaded after import = 2
========================================================================
Received Import Request.
  Time since last request: 0.000048 seconds.
  path: Assets/Unity_content/Environment/Low-Poly medival defense/Textures/Gate_Diffuse.psd
  artifactKey: Guid(1b291cc1e3d28c04fa4b79fa0eb2192d) Importer(815301076,1909f56bfc062723c751e8b465ee728b)
Start importing Assets/Unity_content/Environment/Low-Poly medival defense/Textures/Gate_Diffuse.psd using Guid(1b291cc1e3d28c04fa4b79fa0eb2192d) Importer(815301076,1909f56bfc062723c751e8b465ee728b)  -> (artifact id: 'c23ea74038bd92847c6b307c7e207326') in 0.018072 seconds
Number of updated asset objects reloaded before import = 0
Number of asset objects unloaded after import = 2
Editor requested this worker to shutdown with reason: Scaling down because of idle timeout
AssetImportWorker is now disconnected from the server
Process exiting
Exiting without the bug reporter. Application will terminate with return code 0