Using pre-set license
Built from '2023.1/staging' branch; Version is '2023.1.20f1 (35a524b12060) revision 3515684'; Using compiler version '192829333'; Build Type 'Release'
OS: 'Windows 11  (10.0.22631) 64bit Core' Language: 'en' Physical Memory: 32699 MB
BatchMode: 1, IsHumanControllingUs: 0, StartBugReporterOnCrash: 0, Is64bit: 1, IsPro: 1

COMMAND LINE ARGUMENTS:
C:\Program Files\Unity\Hub\Editor\2023.1.20f1\Editor\Unity.exe
-adb2
-batchMode
-noUpm
-name
AssetImportWorker8
-projectPath
C:/UnityGame/MagicInsector
-logFile
Logs/AssetImportWorker8.log
-srvPort
61824
Successfully changed project path to: C:/UnityGame/MagicInsector
C:/UnityGame/MagicInsector
[UnityMemory] Configuration Parameters - Can be set up in boot.config
    "memorysetup-bucket-allocator-granularity=16"
    "memorysetup-bucket-allocator-bucket-count=8"
    "memorysetup-bucket-allocator-block-size=33554432"
    "memorysetup-bucket-allocator-block-count=8"
    "memorysetup-main-allocator-block-size=16777216"
    "memorysetup-thread-allocator-block-size=16777216"
    "memorysetup-gfx-main-allocator-block-size=16777216"
    "memorysetup-gfx-thread-allocator-block-size=16777216"
    "memorysetup-cache-allocator-block-size=4194304"
    "memorysetup-typetree-allocator-block-size=2097152"
    "memorysetup-profiler-bucket-allocator-granularity=16"
    "memorysetup-profiler-bucket-allocator-bucket-count=8"
    "memorysetup-profiler-bucket-allocator-block-size=33554432"
    "memorysetup-profiler-bucket-allocator-block-count=8"
    "memorysetup-profiler-allocator-block-size=16777216"
    "memorysetup-profiler-editor-allocator-block-size=1048576"
    "memorysetup-temp-allocator-size-main=16777216"
    "memorysetup-job-temp-allocator-block-size=2097152"
    "memorysetup-job-temp-allocator-block-size-background=1048576"
    "memorysetup-job-temp-allocator-reduction-small-platforms=262144"
    "memorysetup-allocator-temp-initial-block-size-main=262144"
    "memorysetup-allocator-temp-initial-block-size-worker=262144"
    "memorysetup-temp-allocator-size-background-worker=32768"
    "memorysetup-temp-allocator-size-job-worker=262144"
    "memorysetup-temp-allocator-size-preload-manager=33554432"
    "memorysetup-temp-allocator-size-nav-mesh-worker=65536"
    "memorysetup-temp-allocator-size-audio-worker=65536"
    "memorysetup-temp-allocator-size-cloud-worker=32768"
    "memorysetup-temp-allocator-size-gi-baking-worker=262144"
    "memorysetup-temp-allocator-size-gfx=262144"
Player connection [26944] Host "[IP] 192.168.0.175 [Port] 0 [Flags] 2 [Guid] 1944301369 [EditorId] 1944301369 [Version] 1048832 [Id] WindowsEditor(7,DESKTOP-CV2C3R8) [Debug] 1 [PackageName] WindowsEditor [ProjectName] Editor" joined multi-casting on [225.0.0.222:54997]...

Player connection [26944] Host "[IP] 192.168.0.175 [Port] 0 [Flags] 2 [Guid] 1944301369 [EditorId] 1944301369 [Version] 1048832 [Id] WindowsEditor(7,DESKTOP-CV2C3R8) [Debug] 1 [PackageName] WindowsEditor [ProjectName] Editor" joined alternative multi-casting on [225.0.0.222:34997]...

[Physics::Module] Initialized MultithreadedJobDispatcher with 11 workers.
Library Redirect Path: Library/Refreshing native plugins compatible for Editor in 13.08 ms, found 5 plugins.
Preloading 0 native plugins for Editor in 0.00 ms.
Initialize engine version: 2023.1.20f1 (35a524b12060)
[Subsystems] Discovering subsystems at path C:/Program Files/Unity/Hub/Editor/2023.1.20f1/Editor/Data/Resources/UnitySubsystems
[Subsystems] Discovering subsystems at path C:/UnityGame/MagicInsector/Assets
GfxDevice: creating device client; threaded=0; jobified=0
Direct3D:
    Version:  Direct3D 11.0 [level 11.1]
    Renderer: NVIDIA GeForce RTX 3070 (ID=0x2484)
    Vendor:   NVIDIA
    VRAM:     8018 MB
    Driver:   32.0.15.6590
Initialize mono
Mono path[0] = 'C:/Program Files/Unity/Hub/Editor/2023.1.20f1/Editor/Data/Managed'
Mono path[1] = 'C:/Program Files/Unity/Hub/Editor/2023.1.20f1/Editor/Data/MonoBleedingEdge/lib/mono/unityjit-win32'
Mono config path = 'C:/Program Files/Unity/Hub/Editor/2023.1.20f1/Editor/Data/MonoBleedingEdge/etc'
Using monoOptions --debugger-agent=transport=dt_socket,embedding=1,server=y,suspend=n,address=127.0.0.1:56632
Begin MonoManager ReloadAssembly
C:\build\output\Unity-Technologies\mono\mono\metadata\icall.c:1842:
C:\build\output\Unity-Technologies\mono\mono\metadata\icall.c:1842:
C:\build\output\Unity-Technologies\mono\mono\metadata\icall.c:1842:
C:\build\output\Unity-Technologies\mono\mono\metadata\icall.c:1842:
C:\build\output\Unity-Technologies\mono\mono\metadata\icall.c:1842:
C:\build\output\Unity-Technologies\mono\mono\metadata\icall.c:1842:
C:\build\output\Unity-Technologies\mono\mono\metadata\icall.c:1842:
C:\build\output\Unity-Technologies\mono\mono\metadata\icall.c:1842:
C:\build\output\Unity-Technologies\mono\mono\metadata\icall.c:1842:
C:\build\output\Unity-Technologies\mono\mono\metadata\icall.c:1842:
Registering precompiled unity dll's ...
Register platform support module: C:/Program Files/Unity/Hub/Editor/2023.1.20f1/Editor/Data/PlaybackEngines/WindowsStandaloneSupport/UnityEditor.WindowsStandalone.Extensions.dll
Register platform support module: C:/Program Files/Unity/Hub/Editor/2023.1.20f1/Editor/Data/PlaybackEngines/MetroSupport/UnityEditor.UWP.Extensions.dll
Register platform support module: C:/Program Files/Unity/Hub/Editor/2023.1.20f1/Editor/Data/PlaybackEngines/AndroidPlayer/UnityEditor.Android.Extensions.dll
Registered in 0.005516 seconds.
- Loaded All Assemblies, in  0.499 seconds
Native extension for Android target not found
Android Extension - Scanning For ADB Devices 387 ms
Native extension for UWP target not found
Native extension for WindowsStandalone target not found
Mono: successfully reloaded assembly
C:\build\output\Unity-Technologies\mono\mono\metadata\icall.c:1842:
C:\build\output\Unity-Technologies\mono\mono\metadata\icall.c:1842:
- Finished resetting the current domain, in  0.828 seconds
Domain Reload Profiling: 1324ms
	BeginReloadAssembly (156ms)
		ExecutionOrderSort (0ms)
		DisableScriptedObjects (0ms)
		BackupInstance (0ms)
		ReleaseScriptingObjects (0ms)
		CreateAndSetChildDomain (1ms)
	RebuildCommonClasses (42ms)
	RebuildNativeTypeToScriptingClass (14ms)
	initialDomainReloadingComplete (56ms)
	LoadAllAssembliesAndSetupDomain (228ms)
		LoadAssemblies (153ms)
		RebuildTransferFunctionScriptingTraits (0ms)
		AnalyzeDomain (221ms)
			TypeCache.Refresh (220ms)
				TypeCache.ScanAssembly (204ms)
			ScanForSourceGeneratedMonoScriptInfo (1ms)
			ResolveRequiredComponents (0ms)
	FinalizeReload (829ms)
		ReleaseScriptCaches (0ms)
		RebuildScriptCaches (0ms)
		SetupLoadedEditorAssemblies (782ms)
			LogAssemblyErrors (0ms)
			InitializePlatformSupportModulesInManaged (518ms)
			SetLoadedEditorAssemblies (4ms)
			BeforeProcessingInitializeOnLoad (12ms)
			ProcessInitializeOnLoadAttributes (180ms)
			ProcessInitializeOnLoadMethodAttributes (68ms)
			AfterProcessingInitializeOnLoad (0ms)
			EditorAssembliesLoaded (0ms)
		ExecutionOrderSort2 (0ms)
		AwakeInstancesAfterBackupRestoration (0ms)
========================================================================
Worker process is ready to serve import requests
Import Worker Mode flag is 0x00
Begin MonoManager ReloadAssembly
C:\build\output\Unity-Technologies\mono\mono\metadata\icall.c:1842:
C:\build\output\Unity-Technologies\mono\mono\metadata\icall.c:1842:
C:\build\output\Unity-Technologies\mono\mono\metadata\icall.c:1842:
C:\build\output\Unity-Technologies\mono\mono\metadata\icall.c:1842:
C:\build\output\Unity-Technologies\mono\mono\metadata\icall.c:1842:
C:\build\output\Unity-Technologies\mono\mono\metadata\icall.c:1842:
C:\build\output\Unity-Technologies\mono\mono\metadata\icall.c:1842:
C:\build\output\Unity-Technologies\mono\mono\metadata\icall.c:1842:
C:\build\output\Unity-Technologies\mono\mono\metadata\icall.c:1842:
C:\build\output\Unity-Technologies\mono\mono\metadata\icall.c:1842:
C:\build\output\Unity-Technologies\mono\mono\metadata\icall.c:1842:
C:\build\output\Unity-Technologies\mono\mono\metadata\icall.c:1842:
- Loaded All Assemblies, in  1.026 seconds
Refreshing native plugins compatible for Editor in 7.40 ms, found 5 plugins.
Native extension for Android target not found
Native extension for UWP target not found
Native extension for WindowsStandalone target not found
[MODES] ModeService[none].Initialize
[MODES] ModeService[none].LoadModes
[MODES] Loading mode Default (0) for mode-current-id-TD
Mono: successfully reloaded assembly
- Finished resetting the current domain, in  0.879 seconds
Domain Reload Profiling: 1901ms
	BeginReloadAssembly (297ms)
		ExecutionOrderSort (0ms)
		DisableScriptedObjects (7ms)
		BackupInstance (0ms)
		ReleaseScriptingObjects (0ms)
		CreateAndSetChildDomain (35ms)
	RebuildCommonClasses (38ms)
	RebuildNativeTypeToScriptingClass (15ms)
	initialDomainReloadingComplete (40ms)
	LoadAllAssembliesAndSetupDomain (631ms)
		LoadAssemblies (335ms)
		RebuildTransferFunctionScriptingTraits (0ms)
		AnalyzeDomain (393ms)
			TypeCache.Refresh (356ms)
				TypeCache.ScanAssembly (338ms)
			ScanForSourceGeneratedMonoScriptInfo (26ms)
			ResolveRequiredComponents (10ms)
	FinalizeReload (880ms)
		ReleaseScriptCaches (0ms)
		RebuildScriptCaches (0ms)
		SetupLoadedEditorAssemblies (635ms)
			LogAssemblyErrors (0ms)
			InitializePlatformSupportModulesInManaged (24ms)
			SetLoadedEditorAssemblies (3ms)
			BeforeProcessingInitializeOnLoad (98ms)
			ProcessInitializeOnLoadAttributes (473ms)
			ProcessInitializeOnLoadMethodAttributes (30ms)
			AfterProcessingInitializeOnLoad (6ms)
			EditorAssembliesLoaded (0ms)
		ExecutionOrderSort2 (0ms)
		AwakeInstancesAfterBackupRestoration (9ms)
Launched and connected shader compiler UnityShaderCompiler.exe after 0.02 seconds
Refreshing native plugins compatible for Editor in 5.33 ms, found 5 plugins.
Preloading 0 native plugins for Editor in 0.00 ms.
Unloading 4217 Unused Serialized files (Serialized files now loaded: 0)
Unloading 113 unused Assets / (4.3 MB). Loaded Objects now: 4755.
Memory consumption went from 251.1 MB to 246.8 MB.
Total: 7.870600 ms (FindLiveObjects: 0.412300 ms CreateObjectMapping: 0.114900 ms MarkObjects: 5.443600 ms  DeleteObjects: 1.898800 ms)

AssetImportParameters requested are different than current active one (requested -> active):
  custom:video-decoder-webm-vp8: 9c59270c3fd7afecdb556c50c9e8de78 -> 
  custom:SearchIndexIgnoredProperties: e643bd26f0fe6173181afceb89e7c659 -> 
  custom:audio-encoder-webm-vorbis: bf7c407c2cedff20999df2af8eb42d56 -> 
  custom:AudioImporter_EditorPlatform: d09bf68614088b80899f8185d706f6e7 -> 
  custom:audio-decoder-ogg-vorbis: bf7c407c2cedff20999df2af8eb42d56 -> 
  custom:video-encoder-webm-vp8: eb34c28f22e8b96e1ab97ce403110664 -> 
  custom:container-demuxer-ogg: 62fdf1f143b41e24485cea50d1cbac27 -> 
  custom:framework-win-MediaFoundation: 216162199b28c13a410421893ffa2e32 -> 
  custom:video-decoder-ogg-theora: a1e56fd34408186e4bbccfd4996cb3dc -> 
  custom:container-muxer-webm: aa71ff27fc2769a1b78a27578f13a17b -> 
  custom:video-codec-MediaFoundation-h265: 746d11721c4dcdbdad8f713fa42b33f4 -> 
  custom:CustomObjectIndexerAttribute: d54d2f2da18e7612c182cf67624b6b12 -> 
  custom:container-demuxer-webm: 4f35f7cbe854078d1ac9338744f61a02 -> 
========================================================================
Received Import Request.
  Time since last request: 786845.153100 seconds.
  path: Assets/Unity_content/Textures/StylizedIceTextures/Ice_3/Ice_3.mat
  artifactKey: Guid(4726dff4cff57a24ca896214d4885bbc) Importer(815301076,1909f56bfc062723c751e8b465ee728b)
Start importing Assets/Unity_content/Textures/StylizedIceTextures/Ice_3/Ice_3.mat using Guid(4726dff4cff57a24ca896214d4885bbc) Importer(815301076,1909f56bfc062723c751e8b465ee728b)  -> (artifact id: '9b5edb4b33b0f2d06a940b0c0b1ee880') in 0.145767 seconds
Number of updated asset objects reloaded before import = 0
Number of asset objects unloaded after import = 4
========================================================================
Received Import Request.
  Time since last request: 0.000031 seconds.
  path: Assets/Unity_content/Textures/StylizedIceTextures/Ice_3/Ice_3_Normal.png
  artifactKey: Guid(272e838147e3c7846a028d58eb7a2edb) Importer(815301076,1909f56bfc062723c751e8b465ee728b)
Start importing Assets/Unity_content/Textures/StylizedIceTextures/Ice_3/Ice_3_Normal.png using Guid(272e838147e3c7846a028d58eb7a2edb) Importer(815301076,1909f56bfc062723c751e8b465ee728b)  -> (artifact id: 'a932195cb83122fc2640686b0558d285') in 0.033876 seconds
Number of updated asset objects reloaded before import = 0
Number of asset objects unloaded after import = 2
========================================================================
Received Import Request.
  Time since last request: 0.000035 seconds.
  path: Assets/Unity_content/Textures/StylizedIceTextures/Ice_3/Ice_3_BaseColor.png
  artifactKey: Guid(31304de642609274a83c36feb4e2d11f) Importer(815301076,1909f56bfc062723c751e8b465ee728b)
Start importing Assets/Unity_content/Textures/StylizedIceTextures/Ice_3/Ice_3_BaseColor.png using Guid(31304de642609274a83c36feb4e2d11f) Importer(815301076,1909f56bfc062723c751e8b465ee728b)  -> (artifact id: '2b01147099a7fdd26efdef30573027a0') in 0.018031 seconds
Number of updated asset objects reloaded before import = 0
Number of asset objects unloaded after import = 2
========================================================================
Received Import Request.
  Time since last request: 0.447200 seconds.
  path: Assets/Unity_content/Textures/StylizedIceTextures/Snow_4/Snow_4.mat
  artifactKey: Guid(943fd52b029cc644a975474408af416e) Importer(815301076,1909f56bfc062723c751e8b465ee728b)
Start importing Assets/Unity_content/Textures/StylizedIceTextures/Snow_4/Snow_4.mat using Guid(943fd52b029cc644a975474408af416e) Importer(815301076,1909f56bfc062723c751e8b465ee728b)  -> (artifact id: 'be9d7ce5a37936e7fee0eb589905a4d3') in 0.026628 seconds
Number of updated asset objects reloaded before import = 0
Number of asset objects unloaded after import = 4
========================================================================
Received Import Request.
  Time since last request: 0.000015 seconds.
  path: Assets/Unity_content/Textures/StylizedIceTextures/Snow_4/Snow_4_Roughness.png
  artifactKey: Guid(aa6b9e0a0c4bbce448e939560aba68d0) Importer(815301076,1909f56bfc062723c751e8b465ee728b)
Start importing Assets/Unity_content/Textures/StylizedIceTextures/Snow_4/Snow_4_Roughness.png using Guid(aa6b9e0a0c4bbce448e939560aba68d0) Importer(815301076,1909f56bfc062723c751e8b465ee728b)  -> (artifact id: '8b3603522ed01df556c3af0f604bf3f2') in 0.018378 seconds
Number of updated asset objects reloaded before import = 0
Number of asset objects unloaded after import = 2
========================================================================
Received Import Request.
  Time since last request: 0.000021 seconds.
  path: Assets/Unity_content/Textures/StylizedIceTextures/Snow_4/Snow_4_BaseColor.png
  artifactKey: Guid(94b8648c05465fb46bfa574e9aea873e) Importer(815301076,1909f56bfc062723c751e8b465ee728b)
Start importing Assets/Unity_content/Textures/StylizedIceTextures/Snow_4/Snow_4_BaseColor.png using Guid(94b8648c05465fb46bfa574e9aea873e) Importer(815301076,1909f56bfc062723c751e8b465ee728b)  -> (artifact id: '97615b235fa688ed5c4771b7423b7925') in 0.018968 seconds
Number of updated asset objects reloaded before import = 0
Number of asset objects unloaded after import = 2
========================================================================
Received Import Request.
  Time since last request: 0.000066 seconds.
  path: Assets/Unity_content/Textures/StylizedIceTextures/Snow_4/Snow_4_Normal.png
  artifactKey: Guid(25e8404e9d20aee479318ba8737bee01) Importer(815301076,1909f56bfc062723c751e8b465ee728b)
Start importing Assets/Unity_content/Textures/StylizedIceTextures/Snow_4/Snow_4_Normal.png using Guid(25e8404e9d20aee479318ba8737bee01) Importer(815301076,1909f56bfc062723c751e8b465ee728b)  -> (artifact id: '819399af523ed9f1df762963c23eaf51') in 0.021951 seconds
Number of updated asset objects reloaded before import = 0
Number of asset objects unloaded after import = 2
========================================================================
Received Import Request.
  Time since last request: 1.350292 seconds.
  path: Assets/Unity_content/Textures/StylizedForestTextures/Cliff_3/Cliff_3.mat
  artifactKey: Guid(1eb9b6c65f4726346a9f918c3a07eab8) Importer(815301076,1909f56bfc062723c751e8b465ee728b)
Start importing Assets/Unity_content/Textures/StylizedForestTextures/Cliff_3/Cliff_3.mat using Guid(1eb9b6c65f4726346a9f918c3a07eab8) Importer(815301076,1909f56bfc062723c751e8b465ee728b)  -> (artifact id: 'a31ba15bb4784656ef257def2f9cabf4') in 0.289277 seconds
Number of updated asset objects reloaded before import = 0
Number of asset objects unloaded after import = 5
========================================================================
Received Import Request.
  Time since last request: 1.492152 seconds.
  path: Assets/Unity_content/Textures/StylizedDesertTextures/Rocks_1_Sand_3/Rock_1_Sand_3.mat
  artifactKey: Guid(ce3f0d46186f9384ab5a022a44a4082e) Importer(815301076,1909f56bfc062723c751e8b465ee728b)
Start importing Assets/Unity_content/Textures/StylizedDesertTextures/Rocks_1_Sand_3/Rock_1_Sand_3.mat using Guid(ce3f0d46186f9384ab5a022a44a4082e) Importer(815301076,1909f56bfc062723c751e8b465ee728b)  -> (artifact id: '6338e8aa2e2c6edf74640ecc3377b0a9') in 0.027138 seconds
Number of updated asset objects reloaded before import = 0
Number of asset objects unloaded after import = 5
========================================================================
Received Import Request.
  Time since last request: 0.000018 seconds.
  path: Assets/Unity_content/Textures/StylizedDesertTextures/Rocks_1_Sand_3/Rocks_1_Sand_3_Roughness.png
  artifactKey: Guid(b288bd1ea5f52d0449434b7ddea40cf2) Importer(815301076,1909f56bfc062723c751e8b465ee728b)
Start importing Assets/Unity_content/Textures/StylizedDesertTextures/Rocks_1_Sand_3/Rocks_1_Sand_3_Roughness.png using Guid(b288bd1ea5f52d0449434b7ddea40cf2) Importer(815301076,1909f56bfc062723c751e8b465ee728b)  -> (artifact id: '8d3fd7c4da171f2d366b759cc719406f') in 0.014967 seconds
Number of updated asset objects reloaded before import = 0
Number of asset objects unloaded after import = 2
========================================================================
Received Import Request.
  Time since last request: 0.000018 seconds.
  path: Assets/Unity_content/Textures/StylizedDesertTextures/Rocks_1_Sand_3/Rocks_1_Sand_3_BaseColor.png
  artifactKey: Guid(6fa7161420bbd60419693f2519d83d78) Importer(815301076,1909f56bfc062723c751e8b465ee728b)
Start importing Assets/Unity_content/Textures/StylizedDesertTextures/Rocks_1_Sand_3/Rocks_1_Sand_3_BaseColor.png using Guid(6fa7161420bbd60419693f2519d83d78) Importer(815301076,1909f56bfc062723c751e8b465ee728b)  -> (artifact id: 'f86cb7d8c18dc1a76702880373aec120') in 0.019189 seconds
Number of updated asset objects reloaded before import = 0
Number of asset objects unloaded after import = 2
========================================================================
Received Import Request.
  Time since last request: 0.000022 seconds.
  path: Assets/Unity_content/Textures/StylizedDesertTextures/Rocks_1_Sand_3/Rocks_1_Sand_3_Normal.png
  artifactKey: Guid(1c11fe45eb4c5574aa39c02bd15b24d0) Importer(815301076,1909f56bfc062723c751e8b465ee728b)
Start importing Assets/Unity_content/Textures/StylizedDesertTextures/Rocks_1_Sand_3/Rocks_1_Sand_3_Normal.png using Guid(1c11fe45eb4c5574aa39c02bd15b24d0) Importer(815301076,1909f56bfc062723c751e8b465ee728b)  -> (artifact id: 'c4ba1536895eccc6625a95a8272b76eb') in 0.019279 seconds
Number of updated asset objects reloaded before import = 0
Number of asset objects unloaded after import = 2
========================================================================
Received Import Request.
  Time since last request: 0.515781 seconds.
  path: Assets/Unity_content/Textures/StylizedDesertTextures/Sand_1/Sand_1.mat
  artifactKey: Guid(a8bafeb9ce249ad449cd43f428bf7668) Importer(815301076,1909f56bfc062723c751e8b465ee728b)
Start importing Assets/Unity_content/Textures/StylizedDesertTextures/Sand_1/Sand_1.mat using Guid(a8bafeb9ce249ad449cd43f428bf7668) Importer(815301076,1909f56bfc062723c751e8b465ee728b)  -> (artifact id: '54bf2aa3dacc8bfc1f26e5ec7e88d5cd') in 0.034735 seconds
Number of updated asset objects reloaded before import = 0
Number of asset objects unloaded after import = 5
========================================================================
Received Import Request.
  Time since last request: 0.000020 seconds.
  path: Assets/Unity_content/Textures/StylizedDesertTextures/Sand_1/Sand_1_BaseColor.png
  artifactKey: Guid(6b4e261c39e63234db51459653a84d0a) Importer(815301076,1909f56bfc062723c751e8b465ee728b)
Start importing Assets/Unity_content/Textures/StylizedDesertTextures/Sand_1/Sand_1_BaseColor.png using Guid(6b4e261c39e63234db51459653a84d0a) Importer(815301076,1909f56bfc062723c751e8b465ee728b)  -> (artifact id: 'ff6346c1809db1ef32c4f5f7c9587f6e') in 0.026107 seconds
Number of updated asset objects reloaded before import = 0
Number of asset objects unloaded after import = 2
========================================================================
Received Import Request.
  Time since last request: 0.000021 seconds.
  path: Assets/Unity_content/Textures/StylizedDesertTextures/Sand_1/Sand_1_Height.png
  artifactKey: Guid(ab1f68fd9b74d874fa4bdc139b42b540) Importer(815301076,1909f56bfc062723c751e8b465ee728b)
Start importing Assets/Unity_content/Textures/StylizedDesertTextures/Sand_1/Sand_1_Height.png using Guid(ab1f68fd9b74d874fa4bdc139b42b540) Importer(815301076,1909f56bfc062723c751e8b465ee728b)  -> (artifact id: '2bf657f435ac5e48cd671cb034389de5') in 0.020516 seconds
Number of updated asset objects reloaded before import = 0
Number of asset objects unloaded after import = 2
========================================================================
Received Import Request.
  Time since last request: 47.306149 seconds.
  path: Assets/Unity_content/Textures/StylizedLavaTextures/Dry_Lava/Dry_Lava.terrainlayer
  artifactKey: Guid(e932c33262f09ab49b16794809b28365) Importer(815301076,1909f56bfc062723c751e8b465ee728b)
Start importing Assets/Unity_content/Textures/StylizedLavaTextures/Dry_Lava/Dry_Lava.terrainlayer using Guid(e932c33262f09ab49b16794809b28365) Importer(815301076,1909f56bfc062723c751e8b465ee728b)  -> (artifact id: 'c8aae891cc1195faee648df976629158') in 0.029796 seconds
Number of updated asset objects reloaded before import = 0
Number of asset objects unloaded after import = 4
========================================================================
Received Import Request.
  Time since last request: 0.000020 seconds.
  path: Assets/Unity_content/Textures/StylizedLavaTextures/Dry_Lava/Dry_Lava_Roughness.png
  artifactKey: Guid(84b28b415ee7a9046b485c8b4eb5a999) Importer(815301076,1909f56bfc062723c751e8b465ee728b)
Start importing Assets/Unity_content/Textures/StylizedLavaTextures/Dry_Lava/Dry_Lava_Roughness.png using Guid(84b28b415ee7a9046b485c8b4eb5a999) Importer(815301076,1909f56bfc062723c751e8b465ee728b)  -> (artifact id: 'd051e03b5c43275bb6b65d6144422805') in 0.020260 seconds
Number of updated asset objects reloaded before import = 0
Number of asset objects unloaded after import = 2
========================================================================
Received Import Request.
  Time since last request: 0.751883 seconds.
  path: Assets/Unity_content/Textures/StylizedLavaTextures/Rock_Ground_Cliff_1/Rock_Ground_Cliff_1.terrainlayer
  artifactKey: Guid(d03202bc164da2c4f935241fc42dbffa) Importer(815301076,1909f56bfc062723c751e8b465ee728b)
Start importing Assets/Unity_content/Textures/StylizedLavaTextures/Rock_Ground_Cliff_1/Rock_Ground_Cliff_1.terrainlayer using Guid(d03202bc164da2c4f935241fc42dbffa) Importer(815301076,1909f56bfc062723c751e8b465ee728b)  -> (artifact id: '1579520365767bd65cacc57b1b6bdba3') in 0.022237 seconds
Number of updated asset objects reloaded before import = 0
Number of asset objects unloaded after import = 4
========================================================================
Received Import Request.
  Time since last request: 0.000023 seconds.
  path: Assets/Unity_content/Textures/StylizedLavaTextures/Rock_Ground_Cliff_1/Rock_Ground_Cliff_1_Normal.png
  artifactKey: Guid(c4e78757e32cc8d4480c0e97328f3740) Importer(815301076,1909f56bfc062723c751e8b465ee728b)
Start importing Assets/Unity_content/Textures/StylizedLavaTextures/Rock_Ground_Cliff_1/Rock_Ground_Cliff_1_Normal.png using Guid(c4e78757e32cc8d4480c0e97328f3740) Importer(815301076,1909f56bfc062723c751e8b465ee728b)  -> (artifact id: 'ca7c4a65480ad2cc6ef22ebaba814b08') in 0.021886 seconds
Number of updated asset objects reloaded before import = 0
Number of asset objects unloaded after import = 2
========================================================================
Received Import Request.
  Time since last request: 13.388061 seconds.
  path: Assets/Unity_content/Textures/StylizedForestTextures/Grass_Mud/Grass_Mud.terrainlayer
  artifactKey: Guid(27d8618a19ea9ee409af2ffb16025eb8) Importer(815301076,1909f56bfc062723c751e8b465ee728b)
Start importing Assets/Unity_content/Textures/StylizedForestTextures/Grass_Mud/Grass_Mud.terrainlayer using Guid(27d8618a19ea9ee409af2ffb16025eb8) Importer(815301076,1909f56bfc062723c751e8b465ee728b)  -> (artifact id: 'f8889083c1d518e160d612ad25e6b3a1') in 0.026469 seconds
Number of updated asset objects reloaded before import = 0
Number of asset objects unloaded after import = 4
========================================================================
Received Import Request.
  Time since last request: 0.000014 seconds.
  path: Assets/Unity_content/Textures/StylizedForestTextures/Grass_Mud/Grass_Mud_Height.png
  artifactKey: Guid(e7f6b9a3a702d084b9f4b51036423f2f) Importer(815301076,1909f56bfc062723c751e8b465ee728b)
Start importing Assets/Unity_content/Textures/StylizedForestTextures/Grass_Mud/Grass_Mud_Height.png using Guid(e7f6b9a3a702d084b9f4b51036423f2f) Importer(815301076,1909f56bfc062723c751e8b465ee728b)  -> (artifact id: '0ed5983d81c7a501d7f53d14d6aeb182') in 0.019336 seconds
Number of updated asset objects reloaded before import = 0
Number of asset objects unloaded after import = 2
Editor requested this worker to shutdown with reason: Scaling down because of idle timeout
AssetImportWorker is now disconnected from the server
Process exiting
Exiting without the bug reporter. Application will terminate with return code 0