Using pre-set license
Built from '2023.1/staging' branch; Version is '2023.1.20f1 (35a524b12060) revision 3515684'; Using compiler version '192829333'; Build Type 'Release'
OS: 'Windows 11  (10.0.22631) 64bit Core' Language: 'en' Physical Memory: 32699 MB
BatchMode: 1, IsHumanControllingUs: 0, StartBugReporterOnCrash: 0, Is64bit: 1, IsPro: 1

COMMAND LINE ARGUMENTS:
C:\Program Files\Unity\Hub\Editor\2023.1.20f1\Editor\Unity.exe
-adb2
-batchMode
-noUpm
-name
AssetImportWorker13
-projectPath
C:/UnityGame/MagicInsector
-logFile
Logs/AssetImportWorker13.log
-srvPort
61824
Successfully changed project path to: C:/UnityGame/MagicInsector
C:/UnityGame/MagicInsector
[UnityMemory] Configuration Parameters - Can be set up in boot.config
    "memorysetup-bucket-allocator-granularity=16"
    "memorysetup-bucket-allocator-bucket-count=8"
    "memorysetup-bucket-allocator-block-size=33554432"
    "memorysetup-bucket-allocator-block-count=8"
    "memorysetup-main-allocator-block-size=16777216"
    "memorysetup-thread-allocator-block-size=16777216"
    "memorysetup-gfx-main-allocator-block-size=16777216"
    "memorysetup-gfx-thread-allocator-block-size=16777216"
    "memorysetup-cache-allocator-block-size=4194304"
    "memorysetup-typetree-allocator-block-size=2097152"
    "memorysetup-profiler-bucket-allocator-granularity=16"
    "memorysetup-profiler-bucket-allocator-bucket-count=8"
    "memorysetup-profiler-bucket-allocator-block-size=33554432"
    "memorysetup-profiler-bucket-allocator-block-count=8"
    "memorysetup-profiler-allocator-block-size=16777216"
    "memorysetup-profiler-editor-allocator-block-size=1048576"
    "memorysetup-temp-allocator-size-main=16777216"
    "memorysetup-job-temp-allocator-block-size=2097152"
    "memorysetup-job-temp-allocator-block-size-background=1048576"
    "memorysetup-job-temp-allocator-reduction-small-platforms=262144"
    "memorysetup-allocator-temp-initial-block-size-main=262144"
    "memorysetup-allocator-temp-initial-block-size-worker=262144"
    "memorysetup-temp-allocator-size-background-worker=32768"
    "memorysetup-temp-allocator-size-job-worker=262144"
    "memorysetup-temp-allocator-size-preload-manager=33554432"
    "memorysetup-temp-allocator-size-nav-mesh-worker=65536"
    "memorysetup-temp-allocator-size-audio-worker=65536"
    "memorysetup-temp-allocator-size-cloud-worker=32768"
    "memorysetup-temp-allocator-size-gi-baking-worker=262144"
    "memorysetup-temp-allocator-size-gfx=262144"
Player connection [17376] Host "[IP] 192.168.0.175 [Port] 0 [Flags] 2 [Guid] 1983910319 [EditorId] 1983910319 [Version] 1048832 [Id] WindowsEditor(7,DESKTOP-CV2C3R8) [Debug] 1 [PackageName] WindowsEditor [ProjectName] Editor" joined multi-casting on [225.0.0.222:54997]...

Player connection [17376] Host "[IP] 192.168.0.175 [Port] 0 [Flags] 2 [Guid] 1983910319 [EditorId] 1983910319 [Version] 1048832 [Id] WindowsEditor(7,DESKTOP-CV2C3R8) [Debug] 1 [PackageName] WindowsEditor [ProjectName] Editor" joined alternative multi-casting on [225.0.0.222:34997]...

[Physics::Module] Initialized MultithreadedJobDispatcher with 11 workers.
Library Redirect Path: Library/Refreshing native plugins compatible for Editor in 9.88 ms, found 5 plugins.
Preloading 0 native plugins for Editor in 0.00 ms.
Initialize engine version: 2023.1.20f1 (35a524b12060)
[Subsystems] Discovering subsystems at path C:/Program Files/Unity/Hub/Editor/2023.1.20f1/Editor/Data/Resources/UnitySubsystems
[Subsystems] Discovering subsystems at path C:/UnityGame/MagicInsector/Assets
GfxDevice: creating device client; threaded=0; jobified=0
Direct3D:
    Version:  Direct3D 11.0 [level 11.1]
    Renderer: NVIDIA GeForce RTX 3070 (ID=0x2484)
    Vendor:   NVIDIA
    VRAM:     8018 MB
    Driver:   32.0.15.6590
Initialize mono
Mono path[0] = 'C:/Program Files/Unity/Hub/Editor/2023.1.20f1/Editor/Data/Managed'
Mono path[1] = 'C:/Program Files/Unity/Hub/Editor/2023.1.20f1/Editor/Data/MonoBleedingEdge/lib/mono/unityjit-win32'
Mono config path = 'C:/Program Files/Unity/Hub/Editor/2023.1.20f1/Editor/Data/MonoBleedingEdge/etc'
Using monoOptions --debugger-agent=transport=dt_socket,embedding=1,server=y,suspend=n,address=127.0.0.1:56520
Begin MonoManager ReloadAssembly
C:\build\output\Unity-Technologies\mono\mono\metadata\icall.c:1842:
C:\build\output\Unity-Technologies\mono\mono\metadata\icall.c:1842:
C:\build\output\Unity-Technologies\mono\mono\metadata\icall.c:1842:
C:\build\output\Unity-Technologies\mono\mono\metadata\icall.c:1842:
C:\build\output\Unity-Technologies\mono\mono\metadata\icall.c:1842:
C:\build\output\Unity-Technologies\mono\mono\metadata\icall.c:1842:
C:\build\output\Unity-Technologies\mono\mono\metadata\icall.c:1842:
C:\build\output\Unity-Technologies\mono\mono\metadata\icall.c:1842:
C:\build\output\Unity-Technologies\mono\mono\metadata\icall.c:1842:
C:\build\output\Unity-Technologies\mono\mono\metadata\icall.c:1842:
Registering precompiled unity dll's ...
Register platform support module: C:/Program Files/Unity/Hub/Editor/2023.1.20f1/Editor/Data/PlaybackEngines/WindowsStandaloneSupport/UnityEditor.WindowsStandalone.Extensions.dll
Register platform support module: C:/Program Files/Unity/Hub/Editor/2023.1.20f1/Editor/Data/PlaybackEngines/MetroSupport/UnityEditor.UWP.Extensions.dll
Register platform support module: C:/Program Files/Unity/Hub/Editor/2023.1.20f1/Editor/Data/PlaybackEngines/AndroidPlayer/UnityEditor.Android.Extensions.dll
Registered in 0.005148 seconds.
- Loaded All Assemblies, in  0.387 seconds
Native extension for Android target not found
Android Extension - Scanning For ADB Devices 263 ms
Native extension for UWP target not found
Native extension for WindowsStandalone target not found
Mono: successfully reloaded assembly
C:\build\output\Unity-Technologies\mono\mono\metadata\icall.c:1842:
C:\build\output\Unity-Technologies\mono\mono\metadata\icall.c:1842:
- Finished resetting the current domain, in  0.598 seconds
Domain Reload Profiling: 983ms
	BeginReloadAssembly (123ms)
		ExecutionOrderSort (0ms)
		DisableScriptedObjects (0ms)
		BackupInstance (0ms)
		ReleaseScriptingObjects (0ms)
		CreateAndSetChildDomain (1ms)
	RebuildCommonClasses (35ms)
	RebuildNativeTypeToScriptingClass (13ms)
	initialDomainReloadingComplete (52ms)
	LoadAllAssembliesAndSetupDomain (162ms)
		LoadAssemblies (120ms)
		RebuildTransferFunctionScriptingTraits (0ms)
		AnalyzeDomain (156ms)
			TypeCache.Refresh (155ms)
				TypeCache.ScanAssembly (144ms)
			ScanForSourceGeneratedMonoScriptInfo (0ms)
			ResolveRequiredComponents (0ms)
	FinalizeReload (598ms)
		ReleaseScriptCaches (0ms)
		RebuildScriptCaches (0ms)
		SetupLoadedEditorAssemblies (554ms)
			LogAssemblyErrors (0ms)
			InitializePlatformSupportModulesInManaged (373ms)
			SetLoadedEditorAssemblies (3ms)
			BeforeProcessingInitializeOnLoad (6ms)
			ProcessInitializeOnLoadAttributes (120ms)
			ProcessInitializeOnLoadMethodAttributes (53ms)
			AfterProcessingInitializeOnLoad (0ms)
			EditorAssembliesLoaded (0ms)
		ExecutionOrderSort2 (0ms)
		AwakeInstancesAfterBackupRestoration (0ms)
========================================================================
Worker process is ready to serve import requests
Import Worker Mode flag is 0x00
Begin MonoManager ReloadAssembly
C:\build\output\Unity-Technologies\mono\mono\metadata\icall.c:1842:
C:\build\output\Unity-Technologies\mono\mono\metadata\icall.c:1842:
C:\build\output\Unity-Technologies\mono\mono\metadata\icall.c:1842:
C:\build\output\Unity-Technologies\mono\mono\metadata\icall.c:1842:
C:\build\output\Unity-Technologies\mono\mono\metadata\icall.c:1842:
C:\build\output\Unity-Technologies\mono\mono\metadata\icall.c:1842:
C:\build\output\Unity-Technologies\mono\mono\metadata\icall.c:1842:
C:\build\output\Unity-Technologies\mono\mono\metadata\icall.c:1842:
C:\build\output\Unity-Technologies\mono\mono\metadata\icall.c:1842:
C:\build\output\Unity-Technologies\mono\mono\metadata\icall.c:1842:
C:\build\output\Unity-Technologies\mono\mono\metadata\icall.c:1842:
C:\build\output\Unity-Technologies\mono\mono\metadata\icall.c:1842:
- Loaded All Assemblies, in  0.909 seconds
Refreshing native plugins compatible for Editor in 4.58 ms, found 5 plugins.
Native extension for Android target not found
Native extension for UWP target not found
Native extension for WindowsStandalone target not found
[MODES] ModeService[none].Initialize
[MODES] ModeService[none].LoadModes
[MODES] Loading mode Default (0) for mode-current-id-TD
Mono: successfully reloaded assembly
- Finished resetting the current domain, in  0.732 seconds
Domain Reload Profiling: 1636ms
	BeginReloadAssembly (263ms)
		ExecutionOrderSort (0ms)
		DisableScriptedObjects (6ms)
		BackupInstance (0ms)
		ReleaseScriptingObjects (0ms)
		CreateAndSetChildDomain (32ms)
	RebuildCommonClasses (37ms)
	RebuildNativeTypeToScriptingClass (13ms)
	initialDomainReloadingComplete (37ms)
	LoadAllAssembliesAndSetupDomain (554ms)
		LoadAssemblies (300ms)
		RebuildTransferFunctionScriptingTraits (0ms)
		AnalyzeDomain (341ms)
			TypeCache.Refresh (279ms)
				TypeCache.ScanAssembly (265ms)
			ScanForSourceGeneratedMonoScriptInfo (48ms)
			ResolveRequiredComponents (12ms)
	FinalizeReload (732ms)
		ReleaseScriptCaches (0ms)
		RebuildScriptCaches (0ms)
		SetupLoadedEditorAssemblies (526ms)
			LogAssemblyErrors (0ms)
			InitializePlatformSupportModulesInManaged (19ms)
			SetLoadedEditorAssemblies (3ms)
			BeforeProcessingInitializeOnLoad (78ms)
			ProcessInitializeOnLoadAttributes (393ms)
			ProcessInitializeOnLoadMethodAttributes (27ms)
			AfterProcessingInitializeOnLoad (5ms)
			EditorAssembliesLoaded (0ms)
		ExecutionOrderSort2 (0ms)
		AwakeInstancesAfterBackupRestoration (6ms)
Launched and connected shader compiler UnityShaderCompiler.exe after 0.01 seconds
Refreshing native plugins compatible for Editor in 4.67 ms, found 5 plugins.
Preloading 0 native plugins for Editor in 0.00 ms.
Unloading 4217 Unused Serialized files (Serialized files now loaded: 0)
Unloading 113 unused Assets / (4.3 MB). Loaded Objects now: 4755.
Memory consumption went from 250.7 MB to 246.4 MB.
Total: 5.701000 ms (FindLiveObjects: 0.426200 ms CreateObjectMapping: 0.105400 ms MarkObjects: 3.906300 ms  DeleteObjects: 1.261800 ms)

AssetImportParameters requested are different than current active one (requested -> active):
  custom:video-decoder-webm-vp8: 9c59270c3fd7afecdb556c50c9e8de78 -> 
  custom:SearchIndexIgnoredProperties: e643bd26f0fe6173181afceb89e7c659 -> 
  custom:audio-encoder-webm-vorbis: bf7c407c2cedff20999df2af8eb42d56 -> 
  custom:AudioImporter_EditorPlatform: d09bf68614088b80899f8185d706f6e7 -> 
  custom:audio-decoder-ogg-vorbis: bf7c407c2cedff20999df2af8eb42d56 -> 
  custom:video-encoder-webm-vp8: eb34c28f22e8b96e1ab97ce403110664 -> 
  custom:container-demuxer-ogg: 62fdf1f143b41e24485cea50d1cbac27 -> 
  custom:framework-win-MediaFoundation: 216162199b28c13a410421893ffa2e32 -> 
  custom:video-decoder-ogg-theora: a1e56fd34408186e4bbccfd4996cb3dc -> 
  custom:container-muxer-webm: aa71ff27fc2769a1b78a27578f13a17b -> 
  custom:video-codec-MediaFoundation-h265: 746d11721c4dcdbdad8f713fa42b33f4 -> 
  custom:CustomObjectIndexerAttribute: d54d2f2da18e7612c182cf67624b6b12 -> 
  custom:container-demuxer-webm: 4f35f7cbe854078d1ac9338744f61a02 -> 
========================================================================
Received Import Request.
  Time since last request: 787389.120874 seconds.
  path: Assets/Low Poly Environment Starter Kit/Source/Textues/Pine.png
  artifactKey: Guid(8c790a268b159f641bba40776e51996d) Importer(815301076,1909f56bfc062723c751e8b465ee728b)
Start importing Assets/Low Poly Environment Starter Kit/Source/Textues/Pine.png using Guid(8c790a268b159f641bba40776e51996d) Importer(815301076,1909f56bfc062723c751e8b465ee728b)  -> (artifact id: '6aa4abb090f99dbcfa683c6796a7fb55') in 0.092263 seconds
Number of updated asset objects reloaded before import = 0
Number of asset objects unloaded after import = 2
========================================================================
Received Import Request.
  Time since last request: 4.509417 seconds.
  path: Assets/Low Poly Environment Starter Kit/Source/Material/HDRP/Bush.mat
  artifactKey: Guid(26e0b4c2644d4ba45bf57a2638224795) Importer(815301076,1909f56bfc062723c751e8b465ee728b)
Start importing Assets/Low Poly Environment Starter Kit/Source/Material/HDRP/Bush.mat using Guid(26e0b4c2644d4ba45bf57a2638224795) Importer(815301076,1909f56bfc062723c751e8b465ee728b)  -> (artifact id: 'd09708e280b68b6758327533442ec466') in 0.053839 seconds
Number of updated asset objects reloaded before import = 0
Number of asset objects unloaded after import = 2
========================================================================
Received Import Request.
  Time since last request: 0.000024 seconds.
  path: Assets/Low Poly Environment Starter Kit/Source/Material/HDRP/Stone.mat
  artifactKey: Guid(5bbf13b673d0e894ca47392e0a4d3342) Importer(815301076,1909f56bfc062723c751e8b465ee728b)
Start importing Assets/Low Poly Environment Starter Kit/Source/Material/HDRP/Stone.mat using Guid(5bbf13b673d0e894ca47392e0a4d3342) Importer(815301076,1909f56bfc062723c751e8b465ee728b)  -> (artifact id: 'b410c122a391b3c9cfe15693ce21acb4') in 0.011932 seconds
Number of updated asset objects reloaded before import = 0
Number of asset objects unloaded after import = 2
========================================================================
Received Import Request.
  Time since last request: 0.000028 seconds.
  path: Assets/Low Poly Environment Starter Kit/Source/Material/HDRP/Rock.mat
  artifactKey: Guid(711b997b4bbcbc8478d175bb8c362881) Importer(815301076,1909f56bfc062723c751e8b465ee728b)
Start importing Assets/Low Poly Environment Starter Kit/Source/Material/HDRP/Rock.mat using Guid(711b997b4bbcbc8478d175bb8c362881) Importer(815301076,1909f56bfc062723c751e8b465ee728b)  -> (artifact id: '2364637504a35a956ceeb08c47c1873e') in 0.013991 seconds
Number of updated asset objects reloaded before import = 0
Number of asset objects unloaded after import = 2
========================================================================
Received Import Request.
  Time since last request: 0.000017 seconds.
  path: Assets/Low Poly Environment Starter Kit/Source/Material/HDRP/Snow.mat
  artifactKey: Guid(8b513525ad0aeaf4e8cb7735e49a2cf9) Importer(815301076,1909f56bfc062723c751e8b465ee728b)
Start importing Assets/Low Poly Environment Starter Kit/Source/Material/HDRP/Snow.mat using Guid(8b513525ad0aeaf4e8cb7735e49a2cf9) Importer(815301076,1909f56bfc062723c751e8b465ee728b)  -> (artifact id: '45de348c517416ab96661379bccc02d4') in 0.377861 seconds
Number of updated asset objects reloaded before import = 0
Number of asset objects unloaded after import = 1
========================================================================
Received Import Request.
  Time since last request: 0.000023 seconds.
  path: Assets/Low Poly Environment Starter Kit/Source/Material/HDRP/Tree Bark.mat
  artifactKey: Guid(9cbb8b7d619d1ee40a97659fa5719df7) Importer(815301076,1909f56bfc062723c751e8b465ee728b)
Start importing Assets/Low Poly Environment Starter Kit/Source/Material/HDRP/Tree Bark.mat using Guid(9cbb8b7d619d1ee40a97659fa5719df7) Importer(815301076,1909f56bfc062723c751e8b465ee728b)  -> (artifact id: '416933b9bfd693ac4bed80c397516d1a') in 0.008577 seconds
Number of updated asset objects reloaded before import = 0
Number of asset objects unloaded after import = 2
========================================================================
Received Import Request.
  Time since last request: 0.000029 seconds.
  path: Assets/Low Poly Environment Starter Kit/Source/Material/HDRP/Leaves 1.mat
  artifactKey: Guid(712754466440d214ca372ef82547559b) Importer(815301076,1909f56bfc062723c751e8b465ee728b)
Start importing Assets/Low Poly Environment Starter Kit/Source/Material/HDRP/Leaves 1.mat using Guid(712754466440d214ca372ef82547559b) Importer(815301076,1909f56bfc062723c751e8b465ee728b)  -> (artifact id: 'af05b4e2a9f0a064e83e3a7d00e28e14') in 0.008279 seconds
Number of updated asset objects reloaded before import = 0
Number of asset objects unloaded after import = 2
========================================================================
Received Import Request.
  Time since last request: 0.609860 seconds.
  path: Assets/Low Poly Environment Starter Kit/Source/Material/Standard/Bush.mat
  artifactKey: Guid(2cf41212b35a2a847b9ef0a592da7539) Importer(815301076,1909f56bfc062723c751e8b465ee728b)
Start importing Assets/Low Poly Environment Starter Kit/Source/Material/Standard/Bush.mat using Guid(2cf41212b35a2a847b9ef0a592da7539) Importer(815301076,1909f56bfc062723c751e8b465ee728b)  -> (artifact id: 'e937a127f410b9074e6fa14118cbf524') in 0.023538 seconds
Number of updated asset objects reloaded before import = 0
Number of asset objects unloaded after import = 1
========================================================================
Received Import Request.
  Time since last request: 0.000019 seconds.
  path: Assets/Low Poly Environment Starter Kit/Source/Material/Standard/Water Material.mat
  artifactKey: Guid(225a79feb3f726e468cb57abf0757ed3) Importer(815301076,1909f56bfc062723c751e8b465ee728b)
Start importing Assets/Low Poly Environment Starter Kit/Source/Material/Standard/Water Material.mat using Guid(225a79feb3f726e468cb57abf0757ed3) Importer(815301076,1909f56bfc062723c751e8b465ee728b)  -> (artifact id: 'eae45d7f990a9c81e4fe6971e026fb9e') in 0.016115 seconds
Number of updated asset objects reloaded before import = 0
Number of asset objects unloaded after import = 3
========================================================================
Received Import Request.
  Time since last request: 0.000017 seconds.
  path: Assets/Low Poly Environment Starter Kit/Source/Material/Standard/Leaves 2.mat
  artifactKey: Guid(3e69a93b6bb7e4140a1b8d6763e44ce5) Importer(815301076,1909f56bfc062723c751e8b465ee728b)
Start importing Assets/Low Poly Environment Starter Kit/Source/Material/Standard/Leaves 2.mat using Guid(3e69a93b6bb7e4140a1b8d6763e44ce5) Importer(815301076,1909f56bfc062723c751e8b465ee728b)  -> (artifact id: '0af469e66d8bcd07d37cc706391e574a') in 0.016370 seconds
Number of updated asset objects reloaded before import = 0
Number of asset objects unloaded after import = 1
========================================================================
Received Import Request.
  Time since last request: 0.000022 seconds.
  path: Assets/Low Poly Environment Starter Kit/Source/Material/Standard/Snow.mat
  artifactKey: Guid(7ce0c47ef4bba284cb042c82a05e5e0a) Importer(815301076,1909f56bfc062723c751e8b465ee728b)
Start importing Assets/Low Poly Environment Starter Kit/Source/Material/Standard/Snow.mat using Guid(7ce0c47ef4bba284cb042c82a05e5e0a) Importer(815301076,1909f56bfc062723c751e8b465ee728b)  -> (artifact id: 'c00e1d851f562b98fa0417ba81ebdae5') in 0.101412 seconds
Number of updated asset objects reloaded before import = 0
Number of asset objects unloaded after import = 1
========================================================================
Received Import Request.
  Time since last request: 2.189715 seconds.
  path: Assets/Low Poly Environment Starter Kit/Source/Material/URP/Ground.mat
  artifactKey: Guid(509c4c783b63df84698035d743a519f0) Importer(815301076,1909f56bfc062723c751e8b465ee728b)
Start importing Assets/Low Poly Environment Starter Kit/Source/Material/URP/Ground.mat using Guid(509c4c783b63df84698035d743a519f0) Importer(815301076,1909f56bfc062723c751e8b465ee728b)  -> (artifact id: 'de52f79710e001b49acd93c56b80538d') in 0.008878 seconds
Number of updated asset objects reloaded before import = 0
Number of asset objects unloaded after import = 3
========================================================================
Received Import Request.
  Time since last request: 0.000020 seconds.
  path: Assets/Low Poly Environment Starter Kit/Source/Material/URP/Rock.mat
  artifactKey: Guid(6ff9ff16112422349b2b8c7871d4eb8c) Importer(815301076,1909f56bfc062723c751e8b465ee728b)
Start importing Assets/Low Poly Environment Starter Kit/Source/Material/URP/Rock.mat using Guid(6ff9ff16112422349b2b8c7871d4eb8c) Importer(815301076,1909f56bfc062723c751e8b465ee728b)  -> (artifact id: '88817c787313f762707fabbc5a6b7344') in 0.007135 seconds
Number of updated asset objects reloaded before import = 0
Number of asset objects unloaded after import = 2
========================================================================
Received Import Request.
  Time since last request: 0.000022 seconds.
  path: Assets/Low Poly Environment Starter Kit/Source/Material/URP/Water Material.mat
  artifactKey: Guid(06cc72b556f222641a3b01967b597084) Importer(815301076,1909f56bfc062723c751e8b465ee728b)
Start importing Assets/Low Poly Environment Starter Kit/Source/Material/URP/Water Material.mat using Guid(06cc72b556f222641a3b01967b597084) Importer(815301076,1909f56bfc062723c751e8b465ee728b)  -> (artifact id: '812cc16119137330786c7a0d3520aac4') in 0.008785 seconds
Number of updated asset objects reloaded before import = 0
Number of asset objects unloaded after import = 4
========================================================================
Received Import Request.
  Time since last request: 0.000020 seconds.
  path: Assets/Low Poly Environment Starter Kit/Source/Material/URP/Leaves 2.mat
  artifactKey: Guid(d47e95b0a681a8046b9ae47334846b53) Importer(815301076,1909f56bfc062723c751e8b465ee728b)
Start importing Assets/Low Poly Environment Starter Kit/Source/Material/URP/Leaves 2.mat using Guid(d47e95b0a681a8046b9ae47334846b53) Importer(815301076,1909f56bfc062723c751e8b465ee728b)  -> (artifact id: '991eb05fecfd8ec98e43ca84bb630dae') in 0.008457 seconds
Number of updated asset objects reloaded before import = 0
Number of asset objects unloaded after import = 2
========================================================================
Received Import Request.
  Time since last request: 0.000020 seconds.
  path: Assets/Low Poly Environment Starter Kit/Source/Material/URP/Leaves 3.mat
  artifactKey: Guid(8459dda93f918784dbf091c320ca00d9) Importer(815301076,1909f56bfc062723c751e8b465ee728b)
Start importing Assets/Low Poly Environment Starter Kit/Source/Material/URP/Leaves 3.mat using Guid(8459dda93f918784dbf091c320ca00d9) Importer(815301076,1909f56bfc062723c751e8b465ee728b)  -> (artifact id: 'a2fc59f9f2bc8ca80d9bc9f4047deb39') in 0.008382 seconds
Number of updated asset objects reloaded before import = 0
Number of asset objects unloaded after import = 2
========================================================================
Received Import Request.
  Time since last request: 0.998185 seconds.
  path: Assets/Low Poly Environment Starter Kit/Source/Material/URP/Bush.mat
  artifactKey: Guid(abff9a0e7b711f545838fe6043bc2006) Importer(815301076,1909f56bfc062723c751e8b465ee728b)
Start importing Assets/Low Poly Environment Starter Kit/Source/Material/URP/Bush.mat using Guid(abff9a0e7b711f545838fe6043bc2006) Importer(815301076,1909f56bfc062723c751e8b465ee728b)  -> (artifact id: '1110625d671b57d142a16afaa52a075d') in 0.009371 seconds
Number of updated asset objects reloaded before import = 0
Number of asset objects unloaded after import = 2
========================================================================
Received Import Request.
  Time since last request: 5.130995 seconds.
  path: Assets/Low Poly Environment Starter Kit/Source/Meshes/Other/Bush_3.fbx
  artifactKey: Guid(2bd57b0b74f27c54d93ff39f7f98809d) Importer(815301076,1909f56bfc062723c751e8b465ee728b)
Start importing Assets/Low Poly Environment Starter Kit/Source/Meshes/Other/Bush_3.fbx using Guid(2bd57b0b74f27c54d93ff39f7f98809d) Importer(815301076,1909f56bfc062723c751e8b465ee728b)  -> (artifact id: '6311e294146c2fade74fa8e6470118eb') in 0.048682 seconds
Number of updated asset objects reloaded before import = 0
Number of asset objects unloaded after import = 7
========================================================================
Received Import Request.
  Time since last request: 0.000021 seconds.
  path: Assets/Low Poly Environment Starter Kit/Source/Meshes/Other/Grass_4.fbx
  artifactKey: Guid(5692732296ef05241a829e7da9088fdf) Importer(815301076,1909f56bfc062723c751e8b465ee728b)
Start importing Assets/Low Poly Environment Starter Kit/Source/Meshes/Other/Grass_4.fbx using Guid(5692732296ef05241a829e7da9088fdf) Importer(815301076,1909f56bfc062723c751e8b465ee728b)  -> (artifact id: '67f0d620c67875bf3fdd56bd78b4c395') in 0.020688 seconds
Number of updated asset objects reloaded before import = 0
Number of asset objects unloaded after import = 7
========================================================================
Received Import Request.
  Time since last request: 0.000044 seconds.
  path: Assets/Low Poly Environment Starter Kit/Source/Meshes/Other/Grass_2.fbx
  artifactKey: Guid(de4828c7966a28f48b6765d2f717a41b) Importer(815301076,1909f56bfc062723c751e8b465ee728b)
Start importing Assets/Low Poly Environment Starter Kit/Source/Meshes/Other/Grass_2.fbx using Guid(de4828c7966a28f48b6765d2f717a41b) Importer(815301076,1909f56bfc062723c751e8b465ee728b)  -> (artifact id: 'b41e1df10e39b7737780051922bebe54') in 0.022706 seconds
Number of updated asset objects reloaded before import = 0
Number of asset objects unloaded after import = 7
========================================================================
Received Import Request.
  Time since last request: 0.300854 seconds.
  path: Assets/Low Poly Environment Starter Kit/Source/Meshes/Terrains/Forest.fbx
  artifactKey: Guid(01c0c0adccfa37a48be659a583b9ef1c) Importer(815301076,1909f56bfc062723c751e8b465ee728b)
Start importing Assets/Low Poly Environment Starter Kit/Source/Meshes/Terrains/Forest.fbx using Guid(01c0c0adccfa37a48be659a583b9ef1c) Importer(815301076,1909f56bfc062723c751e8b465ee728b)  -> (artifact id: '7c864388494052db1ea293c764377b87') in 0.060585 seconds
Number of updated asset objects reloaded before import = 0
Number of asset objects unloaded after import = 19
========================================================================
Received Import Request.
  Time since last request: 0.000017 seconds.
  path: Assets/Low Poly Environment Starter Kit/Source/Meshes/Terrains/Mountain_2.fbx
  artifactKey: Guid(423e9b53e51f7534986979c4c372d422) Importer(815301076,1909f56bfc062723c751e8b465ee728b)
Start importing Assets/Low Poly Environment Starter Kit/Source/Meshes/Terrains/Mountain_2.fbx using Guid(423e9b53e51f7534986979c4c372d422) Importer(815301076,1909f56bfc062723c751e8b465ee728b)  -> (artifact id: '59ea3bbdd54221678acc10c2b46bbe45') in 0.021814 seconds
Number of updated asset objects reloaded before import = 0
Number of asset objects unloaded after import = 7
========================================================================
Received Import Request.
  Time since last request: 0.418563 seconds.
  path: Assets/Low Poly Environment Starter Kit/Source/Meshes/Trees/Pine3.fbx
  artifactKey: Guid(24aed17ebf0551f45b2468cfa926d28a) Importer(815301076,1909f56bfc062723c751e8b465ee728b)
Start importing Assets/Low Poly Environment Starter Kit/Source/Meshes/Trees/Pine3.fbx using Guid(24aed17ebf0551f45b2468cfa926d28a) Importer(815301076,1909f56bfc062723c751e8b465ee728b)  -> (artifact id: '395daf600ae94c31f861b3bb21dc6f82') in 0.034903 seconds
Number of updated asset objects reloaded before import = 0
Number of asset objects unloaded after import = 14
========================================================================
Received Import Request.
  Time since last request: 0.000015 seconds.
  path: Assets/Low Poly Environment Starter Kit/Source/Meshes/Trees/Tree_7.fbx
  artifactKey: Guid(9a617e929d4c120498605b8a988fdefa) Importer(815301076,1909f56bfc062723c751e8b465ee728b)
Start importing Assets/Low Poly Environment Starter Kit/Source/Meshes/Trees/Tree_7.fbx using Guid(9a617e929d4c120498605b8a988fdefa) Importer(815301076,1909f56bfc062723c751e8b465ee728b)  -> (artifact id: '5f5abfbd643135a13b98d0c7e04e9055') in 0.036977 seconds
Number of updated asset objects reloaded before import = 0
Number of asset objects unloaded after import = 14
========================================================================
Received Import Request.
  Time since last request: 0.000222 seconds.
  path: Assets/Low Poly Environment Starter Kit/Source/Meshes/Trees/Tree_1.fbx
  artifactKey: Guid(a67a97928176c1e499fd27d2f5832bc5) Importer(815301076,1909f56bfc062723c751e8b465ee728b)
Start importing Assets/Low Poly Environment Starter Kit/Source/Meshes/Trees/Tree_1.fbx using Guid(a67a97928176c1e499fd27d2f5832bc5) Importer(815301076,1909f56bfc062723c751e8b465ee728b)  -> (artifact id: 'e19591f3cfb850f3465e3a92b94519b0') in 0.045886 seconds
Number of updated asset objects reloaded before import = 0
Number of asset objects unloaded after import = 15
Editor requested this worker to shutdown with reason: Scaling down because of idle timeout
AssetImportWorker is now disconnected from the server
Process exiting
Exiting without the bug reporter. Application will terminate with return code 0