
=== Sat Nov  4 12:25:46 2023

Packages were changed.
Update Mode: mergeDefaultDependencies

The following packages were added:
  com.unity.collab-proxy@1.17.2
  com.unity.ide.visualstudio@2.0.16
  com.unity.modules.ai@1.0.0
  com.unity.modules.cloth@1.0.0
  com.unity.modules.director@1.0.0
  com.unity.modules.physics2d@1.0.0
  com.unity.modules.terrain@1.0.0
  com.unity.modules.terrainphysics@1.0.0
  com.unity.modules.tilemap@1.0.0
  com.unity.modules.vehicles@1.0.0
  com.unity.modules.vr@1.0.0
  com.unity.modules.wind@1.0.0
  com.unity.modules.xr@1.0.0
  com.unity.timeline@1.4.8
The following packages were updated:
  com.unity.ide.rider from version 1.1.4 to 3.0.15
  com.unity.ide.vscode from version 1.2.3 to 1.2.5
  com.unity.mobile.android-logcat from version 1.2.0 to 1.3.2
  com.unity.mobile.notifications from version 1.0.3 to 2.0.2
  com.unity.test-framework from version 1.1.20 to 1.1.33
  com.unity.textmeshpro from version 2.1.3 to 3.0.6

=== Wed Nov 15 20:59:06 2023

Packages were changed.
Update Mode: updateDependencies

The following packages were added:
  com.unity.ai.navigation@1.1.5
The following packages were updated:
  com.unity.collab-proxy from version 1.17.2 to 2.2.0
  com.unity.ide.rider from version 3.0.15 to 3.0.26
  com.unity.ide.visualstudio from version 2.0.16 to 2.0.22
  com.unity.mobile.notifications from version 2.0.2 to 2.3.0
  com.unity.test-framework from version 1.1.33 to 1.3.9
  com.unity.timeline from version 1.4.8 to 1.8.2

=== Mon Dec 30 21:33:24 2024

Packages were changed.
Update Mode: mergeDefaultDependencies

The following packages were added:
  com.unity.postprocessing@3.4.0

=== Tue Jan 28 22:38:07 2025

Packages were changed.
Update Mode: updateDependencies

The following packages were updated:
  com.unity.animation.rigging from version 1.0.3 to 1.2.1
  com.unity.collab-proxy from version 1.3.9 to 2.2.0
  com.unity.ide.rider from version 2.0.7 to 3.0.26
  com.unity.ide.visualstudio from version 2.0.7 to 2.0.22
  com.unity.recorder from version 2.5.5 to 4.0.1
  com.unity.render-pipelines.universal from version 10.4.0 to 15.0.7
  com.unity.terrain-tools from version 3.0.2-preview.3 to 5.1.0
  com.unity.test-framework from version 1.1.24 to 1.3.9
  com.unity.textmeshpro from version 3.0.4 to 3.0.6
  com.unity.timeline from version 1.4.7 to 1.8.2

=== Tue Jan 28 22:38:07 2025

Packages were changed.
Update Mode: mergeDefaultDependencies

The following packages were added:
  com.unity.animation.rigging@1.2.1
  com.unity.ide.vscode@1.2.3
  com.unity.recorder@4.0.1
  com.unity.render-pipelines.universal@15.0.7
  com.unity.terrain-tools@5.1.0

=== Mon Apr 28 20:36:41 2025

Packages were changed.
Update Mode: updateDependencies

The following packages were updated:
  com.unity.shadergraph from version 14.0.11 to 15.0.7

=== Mon Apr 28 20:36:41 2025

Packages were changed.
Update Mode: mergeDefaultDependencies

The following packages were added:
  com.unity.shadergraph@15.0.7

=== Mon Apr 28 20:40:08 2025

Packages were changed.
Update Mode: updateDependencies

The following packages were updated:
  com.unity.shadergraph from version 14.0.11 to 15.0.7

=== Tue Apr 29 22:59:41 2025

Packages were changed.
Update Mode: updateDependencies

The following packages were updated:
  com.unity.collab-proxy from version 1.2.16 to 2.2.0
  com.unity.ide.rider from version 1.1.4 to 3.0.26
  com.unity.render-pipelines.universal from version 7.3.1 to 15.0.7
  com.unity.test-framework from version 1.1.16 to 1.3.9
  com.unity.textmeshpro from version 2.1.1 to 3.0.6
  com.unity.timeline from version 1.2.15 to 1.8.2
  com.unity.visualeffectgraph from version 7.3.1 to 15.0.7

=== Tue Apr 29 22:59:41 2025

Packages were changed.
Update Mode: mergeDefaultDependencies

The following packages were added:
  com.unity.visualeffectgraph@15.0.7

=== Mon Jun 30 21:45:20 2025

Packages were changed.
Update Mode: updateDependencies

The following packages were updated:
  com.unity.cinemachine from version 2.9.1 to 2.9.5
  com.unity.collab-proxy from version 1.17.2 to 2.2.0
  com.unity.ide.rider from version 3.0.15 to 3.0.26
  com.unity.ide.visualstudio from version 2.0.16 to 2.0.22
  com.unity.render-pipelines.universal from version 12.1.7 to 15.0.7
  com.unity.terrain-tools from version 4.0.3 to 5.1.0
  com.unity.test-framework from version 1.1.33 to 1.3.9
  com.unity.timeline from version 1.6.4 to 1.8.2
  com.unity.visualeffectgraph from version 12.1.7 to 15.0.7
  com.unity.visualscripting from version 1.7.8 to 1.8.0

=== Mon Jun 30 21:45:20 2025

Packages were changed.
Update Mode: mergeDefaultDependencies

The following packages were added:
  com.unity.cinemachine@2.9.5
  com.unity.visualscripting@1.8.0
The following packages were updated:
  com.unity.ide.vscode from version 1.2.3 to 1.2.5

=== Wed Jul 16 20:43:44 2025

Packages were changed.
Update Mode: updateDependencies

The following packages were updated:
  com.unity.postprocessing from version 2.3.0 to 3.3.0
